Log file open, 07/12/17 17:03:32
LogInit:Display: Running engine for game: Programming
LogPlatformFile: Not using cached read wrapper
LogInit:Display: RandInit(1398140083) SRandInit(1398140083).
LogTaskGraph: Started task graph with 5 named threads and 8 total threads with 1 sets of task threads.
LogStats: Stats thread started at 0.091651
LogInit: Using libcurl 7.47.1
LogInit:  - built for x86_64-pc-win32
LogInit:  - supports SSL with OpenSSL/1.0.2g
LogInit:  - supports HTTP deflate (compression) using libz 1.2.8
LogInit:  - other features:
LogInit:      CURL_VERSION_SSL
LogInit:      CURL_VERSION_LIBZ
LogInit:      CURL_VERSION_IPV6
LogInit:      CURL_VERSION_ASYNCHDNS
LogInit:      CURL_VERSION_LARGEFILE
LogInit:      CURL_VERSION_IDN
LogInit:  CurlRequestOptions (configurable via config and command line):
LogInit:  - bVerifyPeer = false  - Libcurl will NOT verify peer certificate
LogInit:  - bUseHttpProxy = false  - Libcurl will NOT use HTTP proxy
LogInit:  - bDontReuseConnections = false  - Libcurl will reuse connections
LogInit:  - CertBundlePath = nullptr  - Libcurl will use whatever was configured at build time.
LogInit: Build: ++UE4+Release-4.15-CL-3450819
LogInit: Engine Version: 4.15.3-3450819+++UE4+Release-4.15
LogInit: Compatible Engine Version: 4.15.0-3299760+++UE4+Release-4.15
LogInit: Net CL: 3299760
LogDevObjectVersion: Number of dev versions registered: 14
LogDevObjectVersion:   Dev-Blueprints (B0D832E4-1F89-4F0D-ACCF-7EB736FD4AA2): 8
LogDevObjectVersion:   Dev-Build (E1C64328-A22C-4D53-A36C-8E866417BD8C): 0
LogDevObjectVersion:   Dev-Core (375EC13C-06E4-48FB-B500-84F0262A717E): 2
LogDevObjectVersion:   Dev-Editor (E4B068ED-F494-42E9-A231-DA0B2E46BB41): 14
LogDevObjectVersion:   Dev-Framework (CFFC743F-43B0-4480-9391-14DF171D2073): 22
LogDevObjectVersion:   Dev-Mobile (B02B49B5-BB20-44E9-A304-32B752E40360): 0
LogDevObjectVersion:   Dev-Networking (A4E4105C-59A1-49B5-A7C5-40C4547EDFEE): 0
LogDevObjectVersion:   Dev-Online (39C831C9-5AE6-47DC-9A44-9C173E1C8E7C): 0
LogDevObjectVersion:   Dev-Physics (78F01B33-EBEA-4F98-B9B4-84EACCB95AA2): 0
LogDevObjectVersion:   Dev-Platform (6631380F-2D4D-43E0-8009-CF276956A95A): 0
LogDevObjectVersion:   Dev-Rendering (12F88B9F-8875-4AFC-A67C-D90C383ABD29): 12
LogDevObjectVersion:   Dev-Sequencer (7B5AE74C-D270-4C10-A958-57980B212A5A): 3
LogDevObjectVersion:   Dev-VR (D7296918-1DD6-4BDD-9DE2-64A83CC13884): 0
LogDevObjectVersion:   Dev-LoadTimes (C2A15278-BFE7-4AFE-6C17-90FF531DF755): 1
LogInit: Compiled (64-bit): May 21 2017 11:02:34
LogInit: Compiled with Visual C++: 19.00.23026.00
LogInit: Build Configuration: Development
LogInit: Branch Name: ++UE4+Release-4.15
LogInit: Command line: -EpicPortal 
LogInit: Base directory: C:/Program Files/Epic Games/UE_4.15/Engine/Binaries/Win64/
LogInit: Installed Engine Build: 1
LogInit: Presizing for max 8388607 objects, including 0 objects not considered by GC, pre-allocating 0 bytes for permanent pool.
LogInit: Object subsystem initialized
[2017.07.12-21.03.33:736][  0]LogInit: Selected Device Profile: [Windows]
[2017.07.12-21.03.33:736][  0]LogInit: Applying CVar settings loaded from the selected device profile: [Windows]
[2017.07.12-21.03.33:745][  0]LogInit: Computer: EGDWS_MA_27
[2017.07.12-21.03.33:745][  0]LogInit: User: Camper
[2017.07.12-21.03.33:745][  0]LogInit: CPU Page size=65536, Cores=4
[2017.07.12-21.03.33:745][  0]LogInit: High frequency timer resolution =2.338348 MHz
[2017.07.12-21.03.33:745][  0]LogMemory: Memory total: Physical=15.6GB (16GB approx)
[2017.07.12-21.03.33:745][  0]LogMemory: Platform Memory Stats for Windows
[2017.07.12-21.03.33:745][  0]LogMemory: Process Physical Memory: 263.19 MB used, 263.19 MB peak
[2017.07.12-21.03.33:745][  0]LogMemory: Process Virtual Memory: 262.65 MB used, 262.65 MB peak
[2017.07.12-21.03.33:745][  0]LogMemory: Physical Memory: 3495.16 MB used,  12514.06 MB free, 16009.22 MB total
[2017.07.12-21.03.33:745][  0]LogMemory: Virtual Memory: 630.80 MB used,  12514.06 MB free, 134217728.00 MB total
[2017.07.12-21.03.33:831][  0]LogTextLocalizationManager: No specific translations for ('en-US') exist, so ('en') translations will be used.
[2017.07.12-21.03.34:567][  0]LogD3D11RHI: D3D11 adapters:
[2017.07.12-21.03.34:592][  0]LogD3D11RHI:    0. 'NVIDIA Quadro K1100M   ' (Feature Level 11_0)
[2017.07.12-21.03.34:592][  0]LogD3D11RHI:       1992/0/8004 MB DedicatedVideo/DedicatedSystem/SharedSystem, Outputs:1, VendorId:0x10de
[2017.07.12-21.03.34:599][  0]LogD3D11RHI:    1. 'Intel(R) HD Graphics 4600' (Feature Level 11_0)
[2017.07.12-21.03.34:599][  0]LogD3D11RHI:       112/0/2048 MB DedicatedVideo/DedicatedSystem/SharedSystem, Outputs:0, VendorId:0x8086
[2017.07.12-21.03.34:601][  0]LogD3D11RHI:    2. 'Microsoft Basic Render Driver' (Feature Level 11_0)
[2017.07.12-21.03.34:601][  0]LogD3D11RHI:       0/0/8004 MB DedicatedVideo/DedicatedSystem/SharedSystem, Outputs:0, VendorId:0x1414
[2017.07.12-21.03.34:601][  0]LogD3D11RHI: Chosen D3D11 Adapter: 0
[2017.07.12-21.03.34:606][  0]LogD3D11RHI: Creating new Direct3DDevice
[2017.07.12-21.03.34:606][  0]LogD3D11RHI:     GPU DeviceId: 0xff6 (for the marketing name, search the web for "GPU Device Id")
[2017.07.12-21.03.34:606][  0]LogWindows: EnumDisplayDevices:
[2017.07.12-21.03.34:606][  0]LogWindows:    0. 'Intel(R) HD Graphics 4600' (P:1 D:1)
[2017.07.12-21.03.34:606][  0]LogWindows:    1. 'Intel(R) HD Graphics 4600' (P:0 D:0)
[2017.07.12-21.03.34:607][  0]LogWindows:    2. 'Intel(R) HD Graphics 4600' (P:0 D:0)
[2017.07.12-21.03.34:607][  0]LogWindows: DebugString: PrimaryIsNotTheChoosenAdapter PrimaryIsNotTheChoosenAdapter PrimaryIsNotTheChoosenAdapter FoundDriverCount:0 
[2017.07.12-21.03.34:607][  0]LogD3D11RHI:     Adapter Name: NVIDIA Quadro K1100M   
[2017.07.12-21.03.34:607][  0]LogD3D11RHI:   Driver Version: Unknown (internal:Unknown, unified:Unknown)
[2017.07.12-21.03.34:607][  0]LogD3D11RHI:      Driver Date: Unknown
[2017.07.12-21.03.34:607][  0]LogRHI: Texture pool is 1361 MB (70% of 1945 MB)
[2017.07.12-21.03.34:623][  0]LogD3D11RHI:Warning: Timestamp queries are currently disabled on this hardware due to instability. Realtime GPU stats will not be available. You can override this behaviour by setting r.NVIDIATimestampWorkaround to 0
[2017.07.12-21.03.34:627][  0]LogD3D11RHI: NvAPI_D3D_GetCurrentSLIState failed: 0xfffffff7
[2017.07.12-21.03.34:627][  0]LogD3D11RHI: Async texture creation enabled
[2017.07.12-21.03.34:645][  0]LogD3D11RHI: GPU Timing Frequency: 1000.000000 (Debug: 2 2)
[2017.07.12-21.03.34:646][  0]LogShaderCompilers: Guid format shader working directory is -21 characters bigger than the processId version (../../../../../../Users/Camper/Documents/Unreal Projects/Programming/Intermediate/Shaders/WorkingDirectory/9212/).
[2017.07.12-21.03.34:646][  0]LogShaderCompilers: Cleaned the shader compiler working directory 'C:/Users/Camper/AppData/Local/Temp/UnrealShaderWorkingDir/C06570F748F48D50C29EB89F1C18A09B/'.
[2017.07.12-21.03.34:646][  0]LogShaderCompilers:Display: Using Local Shader Compiler.
[2017.07.12-21.03.35:874][  0]LogTemp:Display: Loaded TP AllDesktopTargetPlatform
[2017.07.12-21.03.35:949][  0]LogTemp:Display: Loaded TP MacClientTargetPlatform
[2017.07.12-21.03.36:024][  0]LogTemp:Display: Loaded TP MacNoEditorTargetPlatform
[2017.07.12-21.03.36:099][  0]LogTemp:Display: Loaded TP MacServerTargetPlatform
[2017.07.12-21.03.36:172][  0]LogTemp:Display: Loaded TP MacTargetPlatform
[2017.07.12-21.03.36:245][  0]LogTemp:Display: Loaded TP WindowsClientTargetPlatform
[2017.07.12-21.03.36:325][  0]LogTemp:Display: Loaded TP WindowsNoEditorTargetPlatform
[2017.07.12-21.03.36:396][  0]LogTemp:Display: Loaded TP WindowsServerTargetPlatform
[2017.07.12-21.03.36:462][  0]LogTemp:Display: Loaded TP WindowsTargetPlatform
[2017.07.12-21.03.36:535][  0]LogTemp:Display: Loaded TP AndroidTargetPlatform
[2017.07.12-21.03.36:609][  0]LogTemp:Display: Loaded TP Android_ASTCTargetPlatform
[2017.07.12-21.03.36:681][  0]LogTemp:Display: Loaded TP Android_ATCTargetPlatform
[2017.07.12-21.03.36:759][  0]LogTemp:Display: Loaded TP Android_DXTTargetPlatform
[2017.07.12-21.03.36:831][  0]LogTemp:Display: Loaded TP Android_ETC1TargetPlatform
[2017.07.12-21.03.36:900][  0]LogTemp:Display: Loaded TP Android_ETC2TargetPlatform
[2017.07.12-21.03.37:047][  0]LogTemp:Display: Loaded TP Android_MultiTargetPlatform
[2017.07.12-21.03.37:047][  0]LogTemp:Display: Loaded TP Android_PVRTCTargetPlatform
[2017.07.12-21.03.37:102][  0]LogTemp:Display: Loaded TP HTML5TargetPlatform
[2017.07.12-21.03.37:223][  0]LogTemp:Display: Loaded TP IOSTargetPlatform
[2017.07.12-21.03.37:262][  0]LogTemp:Display: Loaded TP TVOSTargetPlatform
[2017.07.12-21.03.37:335][  0]LogTemp:Display: Loaded TP LinuxClientTargetPlatform
[2017.07.12-21.03.37:405][  0]LogTemp:Display: Loaded TP LinuxNoEditorTargetPlatform
[2017.07.12-21.03.37:476][  0]LogTemp:Display: Loaded TP LinuxServerTargetPlatform
[2017.07.12-21.03.37:548][  0]LogTemp:Display: Loaded TP LinuxTargetPlatform
[2017.07.12-21.03.37:548][  0]LogTargetPlatformManager:Display: Building Assets For Windows
[2017.07.12-21.03.38:120][  0]LogDerivedDataCache:Display: Max Cache Size: 512 MB
[2017.07.12-21.03.38:176][  0]LogDerivedDataCache: Loaded boot cache 0.06s 50MB C:/Users/Camper/AppData/Local/UnrealEngine/4.15/DerivedDataCache/Boot.ddc.
[2017.07.12-21.03.38:176][  0]LogDerivedDataCache:Display: Loaded Boot cache: C:/Users/Camper/AppData/Local/UnrealEngine/4.15/DerivedDataCache/Boot.ddc
[2017.07.12-21.03.38:176][  0]LogDerivedDataCache: FDerivedDataBackendGraph:  Pak pak cache file ../../../../../../Users/Camper/Documents/Unreal Projects/Programming/DerivedDataCache/DDC.ddp not found, will not use a pak cache.
[2017.07.12-21.03.38:176][  0]LogDerivedDataCache: Unable to find inner node Pak for hierarchical cache Hierarchy.
[2017.07.12-21.03.38:176][  0]LogDerivedDataCache: FDerivedDataBackendGraph:  CompressedPak pak cache file ../../../../../../Users/Camper/Documents/Unreal Projects/Programming/DerivedDataCache/Compressed.ddp not found, will not use a pak cache.
[2017.07.12-21.03.38:176][  0]LogDerivedDataCache: Unable to find inner node CompressedPak for hierarchical cache Hierarchy.
[2017.07.12-21.03.38:196][  0]LogDerivedDataCache:Display: Pak cache opened for reading ../../../Engine/DerivedDataCache/Compressed.ddp.
[2017.07.12-21.03.38:209][  0]LogDerivedDataCache: Using Local data cache path C:/Users/Camper/AppData/Local/UnrealEngine/Common/DerivedDataCache: Writable
[2017.07.12-21.03.38:219][  0]LogSlate: Using Freetype 2.6.0
[2017.07.12-21.03.38:220][  0]LogSlate: SlateFontCache - WITH_FREETYPE: 1, WITH_HARFBUZZ: 1
[2017.07.12-21.03.38:220][  0]LogSlate: SlateFontCache - WITH_FREETYPE: 1, WITH_HARFBUZZ: 1
[2017.07.12-21.03.38:565][  0]LogInit: Selected Device Profile: [Windows]
[2017.07.12-21.03.38:567][  0]LogContentStreaming: Texture pool size is 0.00 MB
[2017.07.12-21.03.38:824][  0]LogMeshUtilities: Using QuadricMeshReduction for automatic static mesh reduction
[2017.07.12-21.03.38:886][  0]LogSimplygon: Simplygon DLL not present - disabling.
[2017.07.12-21.03.38:958][  0]LogMeshUtilities: Using SimplygonSwarm for distributed automatic mesh merging
[2017.07.12-21.03.38:958][  0]LogMeshUtilities: No automatic skeletal mesh reduction module available
[2017.07.12-21.03.38:958][  0]LogMeshUtilities: No automatic mesh merging module available
[2017.07.12-21.03.39:591][  0]LogNetVersion: GetLocalNetworkVersion: CL: 3299760, ProjectName: programming, ProjectVersion: , EngineNetworkVersion: 2, GameNetworkVersion: 0, NetworkChecksum: 1529672182
[2017.07.12-21.03.39:640][  0]LogAssetRegistry: FAssetRegistry took 0.0221 seconds to start up
[2017.07.12-21.03.39:709][  0]LogPackageLocalizationCache: Processed 3 localized package path(s) for 2 prioritized culture(s) in 0.035380 seconds
[2017.07.12-21.03.39:716][  0]LogUObjectArray: 32493 objects as part of root set at end of initial load.
[2017.07.12-21.03.39:716][  0]LogUObjectAllocator: 7077032 out of 0 bytes used by permanent object pool.
[2017.07.12-21.03.39:716][  0]LogUObjectArray: CloseDisregardForGC: 0/0 objects in disregard for GC pool
[2017.07.12-21.03.39:794][  0]LogInit: WinSock: version 1.1 (2.2), MaxSocks=32767, MaxUdp=65467
[2017.07.12-21.03.41:943][  0]LogTcpMessaging: Initializing TcpMessaging bridge
[2017.07.12-21.03.41:994][  0]LogUdpMessaging: Initializing bridge on interface 0.0.0.0:0 to multicast group 230.0.0.1:6666.
[2017.07.12-21.03.42:614][  0]LogMaterial: Uniform references updated for custom material expression Custom.
[2017.07.12-21.03.43:141][  0]SourceControl: Info Source control is disabled
[2017.07.12-21.03.43:141][  0]SourceControl: Info Source control is disabled
[2017.07.12-21.03.43:209][  0]SourceControl: Info Source control is disabled
[2017.07.12-21.03.43:277][  0]SourceControl: Info Source control is disabled
[2017.07.12-21.03.43:713][  0]LogLinker:Warning: Can't find file '/Game/VehicleAdvBP/AdvancedVehicleOverview'
[2017.07.12-21.03.43:713][  0]LogLinker:Warning: Can't find file '/Game/VehicleAdvBP/AdvancedVehicleOverview'
[2017.07.12-21.03.43:713][  0]LogUObjectGlobals:Warning: Failed to find object 'Class /Game/VehicleAdvBP/AdvancedVehicleOverview.AdvancedVehicleOverview_C'
[2017.07.12-21.03.45:092][  0]LogEngine: Initializing Engine...
[2017.07.12-21.03.45:093][  0]LogHMD: Failed to initialize OpenVR with code 110
[2017.07.12-21.03.45:214][  0]LogStats: UGameplayTagsManager::ConstructGameplayTagTree: Construct from data asset -  0.000 s
[2017.07.12-21.03.45:214][  0]LogStats: UGameplayTagsManager::ConstructGameplayTagTree: GameplayTagTreeChangedEvent.Broadcast -  0.000 s
[2017.07.12-21.03.45:385][  0]LogAIModule: Creating AISystem for world Untitled
[2017.07.12-21.03.45:392][  0]LogInit: XAudio2 using 'Speaker/HP (Realtek High Definition Audio)' : 2 channels at 48 kHz using 32 bits per sample (channel mask 0x3)
[2017.07.12-21.03.45:421][  0]LogInit: FAudioDevice initialized.
[2017.07.12-21.03.45:449][  0]LogDerivedDataCache: Saved boot cache 0.03s 50MB C:/Users/Camper/AppData/Local/UnrealEngine/4.15/DerivedDataCache/Boot.ddc.
[2017.07.12-21.03.45:457][  0]LogInit: Texture streaming: Enabled
[2017.07.12-21.03.45:579][  0]LogEngineSessionManager: EngineSessionManager initialized
[2017.07.12-21.03.45:706][  0]LogInit: Transaction tracking system initialized
[2017.07.12-21.03.46:188][  0]BlueprintLog: New page: Editor Load
[2017.07.12-21.03.47:383][  0]LocalizationService: Info Localization service is disabled
[2017.07.12-21.03.48:336][  0]LogConsoleResponse:Display: 
[2017.07.12-21.03.48:486][  0]LogCook:Display: Max memory allowance for cook 16384mb min free memory 0mb
[2017.07.12-21.03.48:486][  0]LogCook:Display: Mobile HDR setting 1
[2017.07.12-21.03.49:879][  0]LogFileCache: Scanning file cache for directory 'C:/Users/Camper/Documents/Unreal Projects/Programming/Content/' took 0.02s
[2017.07.12-21.03.49:940][  0]SourceControl: Info Source control is disabled
[2017.07.12-21.03.49:940][  0]Cmd: MAP LOAD FILE="../../../../../../Users/Camper/Documents/Unreal Projects/Programming/Content/ThirdPersonBP/Maps/ThirdPersonExampleMap.umap" TEMPLATE=0 SHOWPROGRESS=1 FEATURELEVEL=3
[2017.07.12-21.03.49:941][  0]LightingResults: New page: Lighting Build
[2017.07.12-21.03.49:998][  0]MapCheck: New page: Map Check
[2017.07.12-21.03.49:998][  0]LightingResults: New page: Lighting Build
[2017.07.12-21.03.50:595][  0]LogAIModule: Creating AISystem for world ThirdPersonExampleMap
[2017.07.12-21.03.50:622][  0]LogEditorServer: Finished looking for orphan Actors (0.000 secs)
[2017.07.12-21.03.50:623][  0]Cmd: MAP CHECKDEP NOCLEARLOG
[2017.07.12-21.03.50:715][  0]MapCheck: Info Map check complete: 0 Error(s), 0 Warning(s), took 92.127ms to complete.
[2017.07.12-21.03.50:715][  0]LogFileHelpers: Loading map 'ThirdPersonExampleMap' took 0.775
[2017.07.12-21.03.50:778][  0]LogWindowsTextInputMethodSystem:Display: IME system now deactivated.
[2017.07.12-21.03.50:908][  0]LogCollectionManager: Loaded 0 collections in 0.002343 seconds
[2017.07.12-21.03.51:005][  0]LogFileCache: Scanning file cache for directory 'C:/Users/Camper/Documents/Unreal Projects/Programming/Saved/Collections/' took 0.01s
[2017.07.12-21.03.51:005][  0]LogFileCache: Scanning file cache for directory 'C:/Users/Camper/Documents/Unreal Projects/Programming/Content/Developers/Camper/Collections/' took 0.01s
[2017.07.12-21.03.51:005][  0]LogFileCache: Scanning file cache for directory 'C:/Users/Camper/Documents/Unreal Projects/Programming/Content/Collections/' took 0.01s
[2017.07.12-21.03.51:005][  0]LogCollectionManager: Rebuilt the GUID cache for 0 collections in 0.000002 seconds
[2017.07.12-21.03.51:014][  0]LogContentBrowser: Native class hierarchy populated in 0.0096 seconds. Added 2245 classes and 453 folders.
[2017.07.12-21.03.51:104][  0]LogContentBrowser: Native class hierarchy updated for 'WidgetCarousel' in 0.0006 seconds. Added 0 classes and 0 folders.
[2017.07.12-21.03.51:176][  0]LogContentBrowser: Native class hierarchy updated for 'AddContentDialog' in 0.0009 seconds. Added 0 classes and 0 folders.
[2017.07.12-21.03.51:238][  0]LogContentBrowser: Native class hierarchy updated for 'SceneOutliner' in 0.0006 seconds. Added 1 classes and 2 folders.
[2017.07.12-21.03.51:299][  0]LogCrashTracker: Crashtracker disabled due to settings.
[2017.07.12-21.03.51:304][  0]LogUObjectGlobals:Warning: Failed to find object 'Class None.'
[2017.07.12-21.03.51:397][  0]LogContentBrowser: Native class hierarchy updated for 'HierarchicalLODOutliner' in 0.0009 seconds. Added 1 classes and 2 folders.
[2017.07.12-21.03.51:397][  0]LogLoad: (Engine Initialization) Total time: 20.20 seconds
[2017.07.12-21.03.51:398][  0]LogLoad: (Engine Initialization) Total Blueprint compile time: 0.17 seconds
[2017.07.12-21.03.51:398][  0]LogExternalProfiler: No external profilers were discovered.  External profiling features will not be available.
[2017.07.12-21.03.51:415][  0]LogOcInput: OculusInput pre-init called
[2017.07.12-21.03.51:440][  0]LogContentStreaming: Texture pool size now 1000 MB
[2017.07.12-21.03.51:441][  0]LogSlate: Took 0.000340 seconds to synchronously load lazily loaded font '../../../Engine/Content/Slate/Fonts/Roboto-Regular.ttf' (155K)
[2017.07.12-21.03.51:447][  0]LogSlate: Took 0.000368 seconds to synchronously load lazily loaded font '../../../Engine/Content/Slate/Fonts/Roboto-Bold.ttf' (160K)
[2017.07.12-21.03.51:452][  0]LogSlate: Took 0.000331 seconds to synchronously load lazily loaded font '../../../Engine/Content/Editor/Slate/Fonts/FontAwesome.ttf' (139K)
[2017.07.12-21.03.51:547][  0]LogSlate: Took 0.000340 seconds to synchronously load lazily loaded font '../../../Engine/Content/Slate/Fonts/Roboto-Light.ttf' (159K)
[2017.07.12-21.03.51:597][  1]LogAssetRegistry: Asset discovery search completed in 11.9787 seconds
[2017.07.12-21.03.51:597][  1]LogCollectionManager: Rebuilt the object cache for 0 collections in 0.000008 seconds (found 0 objects)
[2017.07.12-21.03.51:597][  1]LogCollectionManager: Fixed up redirectors for 0 collections in 0.000021 seconds (updated 0 objects)
[2017.07.12-21.03.51:627][  2]LogRenderer: Reallocating scene render targets to support 820x372 NumSamples 1 (Frame:2).
[2017.07.12-21.03.52:508][ 16]LogSlate: Took 0.000426 seconds to synchronously load lazily loaded font '../../../Engine/Content/Slate/Fonts/Roboto-Light.ttf' (159K)
[2017.07.12-21.04.44:461][925]LogTemp: Repeting last play command: Selected Viewport
[2017.07.12-21.04.44:471][925]LogBlueprintUserMessages: Early PlayInEditor Detection: Level '/Game/ThirdPersonBP/Maps/ThirdPersonExampleMap.ThirdPersonExampleMap:PersistentLevel' has LevelScriptBlueprint '/Game/ThirdPersonBP/Maps/ThirdPersonExampleMap.ThirdPersonExampleMap:PersistentLevel.ThirdPersonExampleMap' with GeneratedClass '/Game/ThirdPersonBP/Maps/ThirdPersonExampleMap.ThirdPersonExampleMap_C' with ClassGeneratedBy '/Game/ThirdPersonBP/Maps/ThirdPersonExampleMap.ThirdPersonExampleMap:PersistentLevel.ThirdPersonExampleMap'
[2017.07.12-21.04.44:471][925]LogPlayLevel: PlayLevel: No blueprints needed recompiling
[2017.07.12-21.04.44:472][925]PIE: New page: PIE session: ThirdPersonExampleMap (Jul 12, 2017, 1:04:44 PM)
[2017.07.12-21.04.44:472][925]LogPlayLevel: Creating play world package: /Game/ThirdPersonBP/Maps/UEDPIE_0_ThirdPersonExampleMap
[2017.07.12-21.04.44:501][925]LogPlayLevel: PIE: StaticDuplicateObject took: (0.029114s)
[2017.07.12-21.04.44:502][925]LogAIModule: Creating AISystem for world ThirdPersonExampleMap
[2017.07.12-21.04.44:502][925]LogPlayLevel: PIE: World Init took: (0.001026s)
[2017.07.12-21.04.44:502][925]LogPlayLevel: PIE: Created PIE world by copying editor world from /Game/ThirdPersonBP/Maps/ThirdPersonExampleMap.ThirdPersonExampleMap to /Game/ThirdPersonBP/Maps/UEDPIE_0_ThirdPersonExampleMap.ThirdPersonExampleMap (0.030445s)
[2017.07.12-21.04.44:526][925]LogInit: XAudio2 using 'Speaker/HP (Realtek High Definition Audio)' : 2 channels at 48 kHz using 32 bits per sample (channel mask 0x3)
[2017.07.12-21.04.44:538][925]LogInit: FAudioDevice initialized.
[2017.07.12-21.04.44:591][925]LogLoad: Game class is 'ThirdPersonGameMode_C'
[2017.07.12-21.04.44:595][925]LogWorld: Bringing World /Game/ThirdPersonBP/Maps/UEDPIE_0_ThirdPersonExampleMap.ThirdPersonExampleMap up for play (max tick rate 60) at 2017.07.12-17.04.44
[2017.07.12-21.04.44:595][925]LogWorld: Bringing up level for play took: 0.003091
[2017.07.12-21.04.44:654][925]LogContentBrowser: Native class hierarchy updated for 'MovieSceneCapture' in 0.0009 seconds. Added 11 classes and 0 folders.
[2017.07.12-21.04.44:655][925]PIE: Info Play in editor start time for /Game/ThirdPersonBP/Maps/UEDPIE_0_ThirdPersonExampleMap -0.282
[2017.07.12-21.04.44:656][925]LogBlueprintUserMessages: Late PlayInEditor Detection: Level '/Game/ThirdPersonBP/Maps/ThirdPersonExampleMap.ThirdPersonExampleMap:PersistentLevel' has LevelScriptBlueprint '/Game/ThirdPersonBP/Maps/ThirdPersonExampleMap.ThirdPersonExampleMap:PersistentLevel.ThirdPersonExampleMap' with GeneratedClass '/Game/ThirdPersonBP/Maps/ThirdPersonExampleMap.ThirdPersonExampleMap_C' with ClassGeneratedBy '/Game/ThirdPersonBP/Maps/ThirdPersonExampleMap.ThirdPersonExampleMap:PersistentLevel.ThirdPersonExampleMap'
[2017.07.12-21.05.22:682][202]LogBlueprintUserMessages: Early EndPlayMap Detection: Level '/Game/ThirdPersonBP/Maps/ThirdPersonExampleMap.ThirdPersonExampleMap:PersistentLevel' has LevelScriptBlueprint '/Game/ThirdPersonBP/Maps/ThirdPersonExampleMap.ThirdPersonExampleMap:PersistentLevel.ThirdPersonExampleMap' with GeneratedClass '/Game/ThirdPersonBP/Maps/ThirdPersonExampleMap.ThirdPersonExampleMap_C' with ClassGeneratedBy '/Game/ThirdPersonBP/Maps/ThirdPersonExampleMap.ThirdPersonExampleMap:PersistentLevel.ThirdPersonExampleMap'
[2017.07.12-21.05.22:724][202]LogBlueprintUserMessages: Late EndPlayMap Detection: Level '/Game/ThirdPersonBP/Maps/ThirdPersonExampleMap.ThirdPersonExampleMap:PersistentLevel' has LevelScriptBlueprint '/Game/ThirdPersonBP/Maps/ThirdPersonExampleMap.ThirdPersonExampleMap:PersistentLevel.ThirdPersonExampleMap' with GeneratedClass '/Game/ThirdPersonBP/Maps/ThirdPersonExampleMap.ThirdPersonExampleMap_C' with ClassGeneratedBy '/Game/ThirdPersonBP/Maps/ThirdPersonExampleMap.ThirdPersonExampleMap:PersistentLevel.ThirdPersonExampleMap'
[2017.07.12-21.05.24:450][302]LogRenderer: Reallocating scene render targets to support 1216x576 NumSamples 1 (Frame:5587).
[2017.07.12-21.05.27:159][413]LogEditorViewport: Clicking on Actor (LMB): StaticMeshActor (Wall7)
[2017.07.12-21.05.28:335][455]Cmd: DELETE
[2017.07.12-21.05.28:335][455]Cmd: ACTOR DELETE
[2017.07.12-21.05.28:338][455]LogEditorActor: Deleted Actor: StaticMeshActor
[2017.07.12-21.05.28:348][455]LogEditorActor: Deleted 1 Actors (0.013 secs)
[2017.07.12-21.05.34:462][710]LogEditorViewport: Clicking on Actor (LMB): StaticMeshActor (Wall10)
[2017.07.12-21.05.35:134][735]LogEditorViewport: Clicking on Actor (context menu): StaticMeshActor (Wall10)
[2017.07.12-21.05.43:578][ 60]LogEditorViewport: Clicking on Actor (LMB): BP_Sky_Sphere_C (SkySphereBlueprint)
[2017.07.12-21.05.44:877][107]LogEditorViewport: Clicking on Actor (LMB): StaticMeshActor (Wall10)
[2017.07.12-21.05.48:472][249]Cmd: EDIT COPY
[2017.07.12-21.05.52:975][428]Cmd: EDIT PASTE
[2017.07.12-21.06.00:447][719]LogEditorViewport: Clicking on Actor (LMB): BP_Sky_Sphere_C (SkySphereBlueprint)
[2017.07.12-21.06.05:252][892]LogEditorViewport: Clicking on Actor (LMB): StaticMeshActor (Wall12)
[2017.07.12-21.06.19:561][434]LogEditorViewport: Clicking on Actor (LMB): BP_Sky_Sphere_C (SkySphereBlueprint)
[2017.07.12-21.06.25:221][638]LogEditorViewport: Clicking on Actor (LMB): StaticMeshActor (Wall11)
[2017.07.12-21.06.26:665][693]Cmd: EDIT COPY
[2017.07.12-21.06.27:581][730]Cmd: EDIT PASTE
[2017.07.12-21.06.39:647][194]LogEditorViewport: Clicking on Actor (LMB): BP_Sky_Sphere_C (SkySphereBlueprint)
[2017.07.12-21.06.39:718][194]LogEditorViewport: Clicking on Actor (LMB): BP_Sky_Sphere_C (SkySphereBlueprint)
[2017.07.12-21.06.46:604][444]LogEditorViewport: Clicking on Actor (LMB): StaticMeshActor (Floor)
[2017.07.12-21.06.53:556][712]Cmd: EDIT COPY
[2017.07.12-21.06.55:572][791]Cmd: EDIT PASTE
[2017.07.12-21.07.04:089][105]LogEditorViewport: Clicking on Actor (LMB): LightmassImportanceVolume (LightmassImportanceVolume)
[2017.07.12-21.07.06:135][181]LogEditorViewport: Clicking on Actor (LMB): BP_Sky_Sphere_C (SkySphereBlueprint)
[2017.07.12-21.07.11:240][361]LogEditorViewport: Clicking on Actor (LMB): StaticMeshActor (Floor2)
[2017.07.12-21.07.19:089][660]LogTemp: Repeting last play command: Selected Viewport
[2017.07.12-21.07.19:099][660]LogBlueprintUserMessages: Early PlayInEditor Detection: Level '/Game/ThirdPersonBP/Maps/ThirdPersonExampleMap.ThirdPersonExampleMap:PersistentLevel' has LevelScriptBlueprint '/Game/ThirdPersonBP/Maps/ThirdPersonExampleMap.ThirdPersonExampleMap:PersistentLevel.ThirdPersonExampleMap' with GeneratedClass '/Game/ThirdPersonBP/Maps/ThirdPersonExampleMap.ThirdPersonExampleMap_C' with ClassGeneratedBy '/Game/ThirdPersonBP/Maps/ThirdPersonExampleMap.ThirdPersonExampleMap:PersistentLevel.ThirdPersonExampleMap'
[2017.07.12-21.07.19:099][660]LogPlayLevel: PlayLevel: No blueprints needed recompiling
[2017.07.12-21.07.19:099][660]PIE: New page: PIE session: ThirdPersonExampleMap (Jul 12, 2017, 1:07:19 PM)
[2017.07.12-21.07.19:099][660]LogPlayLevel: Creating play world package: /Game/ThirdPersonBP/Maps/UEDPIE_0_ThirdPersonExampleMap
[2017.07.12-21.07.19:126][660]LogPlayLevel: PIE: StaticDuplicateObject took: (0.026655s)
[2017.07.12-21.07.19:127][660]LogAIModule: Creating AISystem for world ThirdPersonExampleMap
[2017.07.12-21.07.19:127][660]LogPlayLevel: PIE: World Init took: (0.001394s)
[2017.07.12-21.07.19:128][660]LogPlayLevel: PIE: Created PIE world by copying editor world from /Game/ThirdPersonBP/Maps/ThirdPersonExampleMap.ThirdPersonExampleMap to /Game/ThirdPersonBP/Maps/UEDPIE_0_ThirdPersonExampleMap.ThirdPersonExampleMap (0.028367s)
[2017.07.12-21.07.19:146][660]LogInit: XAudio2 using 'Speaker/HP (Realtek High Definition Audio)' : 2 channels at 48 kHz using 32 bits per sample (channel mask 0x3)
[2017.07.12-21.07.19:160][660]LogInit: FAudioDevice initialized.
[2017.07.12-21.07.19:195][660]LogLoad: Game class is 'ThirdPersonGameMode_C'
[2017.07.12-21.07.19:198][660]LogWorld: Bringing World /Game/ThirdPersonBP/Maps/UEDPIE_0_ThirdPersonExampleMap.ThirdPersonExampleMap up for play (max tick rate 60) at 2017.07.12-17.07.19
[2017.07.12-21.07.19:198][660]LogWorld: Bringing up level for play took: 0.002296
[2017.07.12-21.07.19:199][660]PIE: Info Play in editor start time for /Game/ThirdPersonBP/Maps/UEDPIE_0_ThirdPersonExampleMap 0.262
[2017.07.12-21.07.19:199][660]LogBlueprintUserMessages: Late PlayInEditor Detection: Level '/Game/ThirdPersonBP/Maps/ThirdPersonExampleMap.ThirdPersonExampleMap:PersistentLevel' has LevelScriptBlueprint '/Game/ThirdPersonBP/Maps/ThirdPersonExampleMap.ThirdPersonExampleMap:PersistentLevel.ThirdPersonExampleMap' with GeneratedClass '/Game/ThirdPersonBP/Maps/ThirdPersonExampleMap.ThirdPersonExampleMap_C' with ClassGeneratedBy '/Game/ThirdPersonBP/Maps/ThirdPersonExampleMap.ThirdPersonExampleMap:PersistentLevel.ThirdPersonExampleMap'
[2017.07.12-21.07.21:415][735]LogSavePackage: Save=141.97ms
[2017.07.12-21.07.21:415][735]LogSavePackage: Moving '../../../../../../Users/Camper/Documents/Unreal Projects/Programming/Saved/ThirdPersonExampleMapFD7500BC49931C5F6EDE7EB64699C113.tmp' to '../../../../../../Users/Camper/Documents/Unreal Projects/Programming/Content/ThirdPersonBP/Maps/ThirdPersonExampleMap.umap'
[2017.07.12-21.07.21:420][735]LogSavePackage:Display: Finished SavePackage ../../../../../../Users/Camper/Documents/Unreal Projects/Programming/Content/ThirdPersonBP/Maps/ThirdPersonExampleMap.umap
[2017.07.12-21.07.21:656][735]LogSavePackage: Save=192.84ms
[2017.07.12-21.07.21:656][735]LogSavePackage: Moving '../../../../../../Users/Camper/Documents/Unreal Projects/Programming/Saved/ThirdPersonExampleMap_BuiltData791A211D4C524DC47AE7A980825262C8.tmp' to '../../../../../../Users/Camper/Documents/Unreal Projects/Programming/Content/ThirdPersonBP/Maps/ThirdPersonExampleMap_BuiltData.uasset'
[2017.07.12-21.07.21:659][735]LogSavePackage:Display: Finished SavePackage ../../../../../../Users/Camper/Documents/Unreal Projects/Programming/Content/ThirdPersonBP/Maps/ThirdPersonExampleMap_BuiltData.uasset
[2017.07.12-21.07.32:476][147]LogBlueprintUserMessages: Early EndPlayMap Detection: Level '/Game/ThirdPersonBP/Maps/ThirdPersonExampleMap.ThirdPersonExampleMap:PersistentLevel' has LevelScriptBlueprint '/Game/ThirdPersonBP/Maps/ThirdPersonExampleMap.ThirdPersonExampleMap:PersistentLevel.ThirdPersonExampleMap' with GeneratedClass '/Game/ThirdPersonBP/Maps/ThirdPersonExampleMap.ThirdPersonExampleMap_C' with ClassGeneratedBy '/Game/ThirdPersonBP/Maps/ThirdPersonExampleMap.ThirdPersonExampleMap:PersistentLevel.ThirdPersonExampleMap'
[2017.07.12-21.07.32:746][147]LogStats: FPlatformStackWalk::StackWalkAndDump -  0.262 s
[2017.07.12-21.07.32:746][147]LogOutputDevice:Error: === Handled ensure: ===
[2017.07.12-21.07.32:746][147]LogOutputDevice:Error: 
[2017.07.12-21.07.32:746][147]LogOutputDevice:Error: Ensure condition failed: NewObject->IsA(this->GeneratedClass) [File:D:\Build\++UE4+Release-4.15+Compile\Sync\Engine\Source\Runtime\Engine\Private\Blueprint.cpp] [Line: 755]
[2017.07.12-21.07.32:746][147]LogOutputDevice:Error: Type mismatch: Expected ThirdPersonExampleMap_C, Found REINST_ThirdPersonExampleMap_C_24
[2017.07.12-21.07.32:746][147]LogOutputDevice:Error: Stack: 
[2017.07.12-21.07.32:746][147]LogOutputDevice:Error: UE4Editor-Core.dll!0x00000000BF6695E6
[2017.07.12-21.07.32:746][147]LogOutputDevice:Error: UE4Editor-Core.dll!0x00000000BF419B82
[2017.07.12-21.07.32:746][147]LogOutputDevice:Error: UE4Editor-Core.dll!0x00000000BF42B666
[2017.07.12-21.07.32:746][147]LogOutputDevice:Error: UE4Editor-Engine.dll!0x00000000B3AAF281
[2017.07.12-21.07.32:746][147]LogOutputDevice:Error: UE4Editor-Engine.dll!0x00000000B4889071
[2017.07.12-21.07.32:746][147]LogOutputDevice:Error: UE4Editor-UnrealEd.dll!0x00000000B2682DDD
[2017.07.12-21.07.32:746][147]LogOutputDevice:Error: UE4Editor-UnrealEd.dll!0x00000000B263E9DE
[2017.07.12-21.07.32:746][147]LogOutputDevice:Error: UE4Editor-UnrealEd.dll!0x00000000B2167A9F
[2017.07.12-21.07.32:746][147]LogOutputDevice:Error: UE4Editor-UnrealEd.dll!0x00000000B2972196
[2017.07.12-21.07.32:746][147]LogOutputDevice:Error: UE4Editor.exe!0x00000000FDADDEE3
[2017.07.12-21.07.32:746][147]LogOutputDevice:Error: UE4Editor.exe!0x00000000FDACEB40
[2017.07.12-21.07.32:746][147]LogOutputDevice:Error: UE4Editor.exe!0x00000000FDACEBBA
[2017.07.12-21.07.32:746][147]LogOutputDevice:Error: UE4Editor.exe!0x00000000FDAE0A29
[2017.07.12-21.07.32:746][147]LogOutputDevice:Error: UE4Editor.exe!0x00000000FDAE22B6
[2017.07.12-21.07.32:746][147]LogOutputDevice:Error: KERNEL32.DLL!0x00000000EAFD8364
[2017.07.12-21.07.32:746][147]LogOutputDevice:Error: ntdll.dll!0x00000000EB0E70D1
[2017.07.12-21.07.32:746][147]LogOutputDevice:Error: 
[2017.07.12-21.07.32:748][147]LogStats:                SubmitErrorReport -  0.000 s
