Log file open, 07/12/17 15:49:28
LogInit:Display: Running engine for game: Programming
LogPlatformFile: Not using cached read wrapper
LogInit:Display: RandInit(-404090405) SRandInit(-404090405).
LogTaskGraph: Started task graph with 5 named threads and 8 total threads with 1 sets of task threads.
LogStats: Stats thread started at 0.088321
LogInit: Using libcurl 7.47.1
LogInit:  - built for x86_64-pc-win32
LogInit:  - supports SSL with OpenSSL/1.0.2g
LogInit:  - supports HTTP deflate (compression) using libz 1.2.8
LogInit:  - other features:
LogInit:      CURL_VERSION_SSL
LogInit:      CURL_VERSION_LIBZ
LogInit:      CURL_VERSION_IPV6
LogInit:      CURL_VERSION_ASYNCHDNS
LogInit:      CURL_VERSION_LARGEFILE
LogInit:      CURL_VERSION_IDN
LogInit:  CurlRequestOptions (configurable via config and command line):
LogInit:  - bVerifyPeer = false  - Libcurl will NOT verify peer certificate
LogInit:  - bUseHttpProxy = false  - Libcurl will NOT use HTTP proxy
LogInit:  - bDontReuseConnections = false  - Libcurl will reuse connections
LogInit:  - CertBundlePath = nullptr  - Libcurl will use whatever was configured at build time.
LogInit: Build: ++UE4+Release-4.15-CL-3450819
LogInit: Engine Version: 4.15.3-3450819+++UE4+Release-4.15
LogInit: Compatible Engine Version: 4.15.0-3299760+++UE4+Release-4.15
LogInit: Net CL: 3299760
LogDevObjectVersion: Number of dev versions registered: 14
LogDevObjectVersion:   Dev-Blueprints (B0D832E4-1F89-4F0D-ACCF-7EB736FD4AA2): 8
LogDevObjectVersion:   Dev-Build (E1C64328-A22C-4D53-A36C-8E866417BD8C): 0
LogDevObjectVersion:   Dev-Core (375EC13C-06E4-48FB-B500-84F0262A717E): 2
LogDevObjectVersion:   Dev-Editor (E4B068ED-F494-42E9-A231-DA0B2E46BB41): 14
LogDevObjectVersion:   Dev-Framework (CFFC743F-43B0-4480-9391-14DF171D2073): 22
LogDevObjectVersion:   Dev-Mobile (B02B49B5-BB20-44E9-A304-32B752E40360): 0
LogDevObjectVersion:   Dev-Networking (A4E4105C-59A1-49B5-A7C5-40C4547EDFEE): 0
LogDevObjectVersion:   Dev-Online (39C831C9-5AE6-47DC-9A44-9C173E1C8E7C): 0
LogDevObjectVersion:   Dev-Physics (78F01B33-EBEA-4F98-B9B4-84EACCB95AA2): 0
LogDevObjectVersion:   Dev-Platform (6631380F-2D4D-43E0-8009-CF276956A95A): 0
LogDevObjectVersion:   Dev-Rendering (12F88B9F-8875-4AFC-A67C-D90C383ABD29): 12
LogDevObjectVersion:   Dev-Sequencer (7B5AE74C-D270-4C10-A958-57980B212A5A): 3
LogDevObjectVersion:   Dev-VR (D7296918-1DD6-4BDD-9DE2-64A83CC13884): 0
LogDevObjectVersion:   Dev-LoadTimes (C2A15278-BFE7-4AFE-6C17-90FF531DF755): 1
LogInit: Compiled (64-bit): May 21 2017 11:02:34
LogInit: Compiled with Visual C++: 19.00.23026.00
LogInit: Build Configuration: Development
LogInit: Branch Name: ++UE4+Release-4.15
LogInit: Command line: -EpicPortal 
LogInit: Base directory: C:/Program Files/Epic Games/UE_4.15/Engine/Binaries/Win64/
LogInit: Installed Engine Build: 1
LogInit: Presizing for max 8388607 objects, including 0 objects not considered by GC, pre-allocating 0 bytes for permanent pool.
LogInit: Object subsystem initialized
[2017.07.12-19.49.29:631][  0]LogInit: Selected Device Profile: [Windows]
[2017.07.12-19.49.29:631][  0]LogInit: Applying CVar settings loaded from the selected device profile: [Windows]
[2017.07.12-19.49.29:677][  0]LogInit: Computer: EGDWS_MA_27
[2017.07.12-19.49.29:677][  0]LogInit: User: Camper
[2017.07.12-19.49.29:677][  0]LogInit: CPU Page size=65536, Cores=4
[2017.07.12-19.49.29:677][  0]LogInit: High frequency timer resolution =2.338348 MHz
[2017.07.12-19.49.29:677][  0]LogMemory: Memory total: Physical=15.6GB (16GB approx)
[2017.07.12-19.49.29:677][  0]LogMemory: Platform Memory Stats for Windows
[2017.07.12-19.49.29:677][  0]LogMemory: Process Physical Memory: 263.20 MB used, 263.20 MB peak
[2017.07.12-19.49.29:677][  0]LogMemory: Process Virtual Memory: 262.66 MB used, 262.66 MB peak
[2017.07.12-19.49.29:677][  0]LogMemory: Physical Memory: 6005.93 MB used,  10003.29 MB free, 16009.22 MB total
[2017.07.12-19.49.29:677][  0]LogMemory: Virtual Memory: 630.80 MB used,  10003.29 MB free, 134217728.00 MB total
[2017.07.12-19.49.29:786][  0]LogTextLocalizationManager: No specific translations for ('en-US') exist, so ('en') translations will be used.
[2017.07.12-19.49.30:591][  0]LogD3D11RHI: D3D11 adapters:
[2017.07.12-19.49.30:623][  0]LogD3D11RHI:    0. 'NVIDIA Quadro K1100M   ' (Feature Level 11_0)
[2017.07.12-19.49.30:623][  0]LogD3D11RHI:       1992/0/8004 MB DedicatedVideo/DedicatedSystem/SharedSystem, Outputs:1, VendorId:0x10de
[2017.07.12-19.49.30:630][  0]LogD3D11RHI:    1. 'Intel(R) HD Graphics 4600' (Feature Level 11_0)
[2017.07.12-19.49.30:630][  0]LogD3D11RHI:       112/0/2048 MB DedicatedVideo/DedicatedSystem/SharedSystem, Outputs:0, VendorId:0x8086
[2017.07.12-19.49.30:632][  0]LogD3D11RHI:    2. 'Microsoft Basic Render Driver' (Feature Level 11_0)
[2017.07.12-19.49.30:632][  0]LogD3D11RHI:       0/0/8004 MB DedicatedVideo/DedicatedSystem/SharedSystem, Outputs:0, VendorId:0x1414
[2017.07.12-19.49.30:632][  0]LogD3D11RHI: Chosen D3D11 Adapter: 0
[2017.07.12-19.49.30:636][  0]LogD3D11RHI: Creating new Direct3DDevice
[2017.07.12-19.49.30:636][  0]LogD3D11RHI:     GPU DeviceId: 0xff6 (for the marketing name, search the web for "GPU Device Id")
[2017.07.12-19.49.30:636][  0]LogWindows: EnumDisplayDevices:
[2017.07.12-19.49.30:636][  0]LogWindows:    0. 'Intel(R) HD Graphics 4600' (P:1 D:1)
[2017.07.12-19.49.30:636][  0]LogWindows:    1. 'Intel(R) HD Graphics 4600' (P:0 D:0)
[2017.07.12-19.49.30:637][  0]LogWindows:    2. 'Intel(R) HD Graphics 4600' (P:0 D:0)
[2017.07.12-19.49.30:637][  0]LogWindows: DebugString: PrimaryIsNotTheChoosenAdapter PrimaryIsNotTheChoosenAdapter PrimaryIsNotTheChoosenAdapter FoundDriverCount:0 
[2017.07.12-19.49.30:637][  0]LogD3D11RHI:     Adapter Name: NVIDIA Quadro K1100M   
[2017.07.12-19.49.30:637][  0]LogD3D11RHI:   Driver Version: Unknown (internal:Unknown, unified:Unknown)
[2017.07.12-19.49.30:637][  0]LogD3D11RHI:      Driver Date: Unknown
[2017.07.12-19.49.30:637][  0]LogRHI: Texture pool is 1361 MB (70% of 1945 MB)
[2017.07.12-19.49.30:654][  0]LogD3D11RHI:Warning: Timestamp queries are currently disabled on this hardware due to instability. Realtime GPU stats will not be available. You can override this behaviour by setting r.NVIDIATimestampWorkaround to 0
[2017.07.12-19.49.30:659][  0]LogD3D11RHI: NvAPI_D3D_GetCurrentSLIState failed: 0xfffffff7
[2017.07.12-19.49.30:659][  0]LogD3D11RHI: Async texture creation enabled
[2017.07.12-19.49.30:679][  0]LogD3D11RHI: GPU Timing Frequency: 1000.000000 (Debug: 2 2)
[2017.07.12-19.49.30:680][  0]LogShaderCompilers: Guid format shader working directory is -21 characters bigger than the processId version (../../../../../../Users/Camper/Documents/Unreal Projects/Programming/Intermediate/Shaders/WorkingDirectory/4152/).
[2017.07.12-19.49.30:680][  0]LogShaderCompilers: Cleaned the shader compiler working directory 'C:/Users/Camper/AppData/Local/Temp/UnrealShaderWorkingDir/22F917EA4E9ED2CE79A70B9AC0E820B4/'.
[2017.07.12-19.49.30:680][  0]LogShaderCompilers:Display: Using Local Shader Compiler.
[2017.07.12-19.49.31:988][  0]LogTemp:Display: Loaded TP AllDesktopTargetPlatform
[2017.07.12-19.49.32:073][  0]LogTemp:Display: Loaded TP MacClientTargetPlatform
[2017.07.12-19.49.32:162][  0]LogTemp:Display: Loaded TP MacNoEditorTargetPlatform
[2017.07.12-19.49.32:251][  0]LogTemp:Display: Loaded TP MacServerTargetPlatform
[2017.07.12-19.49.32:345][  0]LogTemp:Display: Loaded TP MacTargetPlatform
[2017.07.12-19.49.32:441][  0]LogTemp:Display: Loaded TP WindowsClientTargetPlatform
[2017.07.12-19.49.32:525][  0]LogTemp:Display: Loaded TP WindowsNoEditorTargetPlatform
[2017.07.12-19.49.32:617][  0]LogTemp:Display: Loaded TP WindowsServerTargetPlatform
[2017.07.12-19.49.32:695][  0]LogTemp:Display: Loaded TP WindowsTargetPlatform
[2017.07.12-19.49.32:782][  0]LogTemp:Display: Loaded TP AndroidTargetPlatform
[2017.07.12-19.49.32:866][  0]LogTemp:Display: Loaded TP Android_ASTCTargetPlatform
[2017.07.12-19.49.32:960][  0]LogTemp:Display: Loaded TP Android_ATCTargetPlatform
[2017.07.12-19.49.33:044][  0]LogTemp:Display: Loaded TP Android_DXTTargetPlatform
[2017.07.12-19.49.33:136][  0]LogTemp:Display: Loaded TP Android_ETC1TargetPlatform
[2017.07.12-19.49.33:230][  0]LogTemp:Display: Loaded TP Android_ETC2TargetPlatform
[2017.07.12-19.49.33:402][  0]LogTemp:Display: Loaded TP Android_MultiTargetPlatform
[2017.07.12-19.49.33:402][  0]LogTemp:Display: Loaded TP Android_PVRTCTargetPlatform
[2017.07.12-19.49.33:468][  0]LogTemp:Display: Loaded TP HTML5TargetPlatform
[2017.07.12-19.49.33:604][  0]LogTemp:Display: Loaded TP IOSTargetPlatform
[2017.07.12-19.49.33:649][  0]LogTemp:Display: Loaded TP TVOSTargetPlatform
[2017.07.12-19.49.33:736][  0]LogTemp:Display: Loaded TP LinuxClientTargetPlatform
[2017.07.12-19.49.33:817][  0]LogTemp:Display: Loaded TP LinuxNoEditorTargetPlatform
[2017.07.12-19.49.33:905][  0]LogTemp:Display: Loaded TP LinuxServerTargetPlatform
[2017.07.12-19.49.33:993][  0]LogTemp:Display: Loaded TP LinuxTargetPlatform
[2017.07.12-19.49.33:993][  0]LogTargetPlatformManager:Display: Building Assets For Windows
[2017.07.12-19.49.34:680][  0]LogDerivedDataCache:Display: Max Cache Size: 512 MB
[2017.07.12-19.49.34:740][  0]LogDerivedDataCache: Loaded boot cache 0.06s 50MB C:/Users/Camper/AppData/Local/UnrealEngine/4.15/DerivedDataCache/Boot.ddc.
[2017.07.12-19.49.34:740][  0]LogDerivedDataCache:Display: Loaded Boot cache: C:/Users/Camper/AppData/Local/UnrealEngine/4.15/DerivedDataCache/Boot.ddc
[2017.07.12-19.49.34:740][  0]LogDerivedDataCache: FDerivedDataBackendGraph:  Pak pak cache file ../../../../../../Users/Camper/Documents/Unreal Projects/Programming/DerivedDataCache/DDC.ddp not found, will not use a pak cache.
[2017.07.12-19.49.34:740][  0]LogDerivedDataCache: Unable to find inner node Pak for hierarchical cache Hierarchy.
[2017.07.12-19.49.34:740][  0]LogDerivedDataCache: FDerivedDataBackendGraph:  CompressedPak pak cache file ../../../../../../Users/Camper/Documents/Unreal Projects/Programming/DerivedDataCache/Compressed.ddp not found, will not use a pak cache.
[2017.07.12-19.49.34:740][  0]LogDerivedDataCache: Unable to find inner node CompressedPak for hierarchical cache Hierarchy.
[2017.07.12-19.49.34:763][  0]LogDerivedDataCache:Display: Pak cache opened for reading ../../../Engine/DerivedDataCache/Compressed.ddp.
[2017.07.12-19.49.34:776][  0]LogDerivedDataCache: Using Local data cache path C:/Users/Camper/AppData/Local/UnrealEngine/Common/DerivedDataCache: Writable
[2017.07.12-19.49.34:786][  0]LogSlate: Using Freetype 2.6.0
[2017.07.12-19.49.34:787][  0]LogSlate: SlateFontCache - WITH_FREETYPE: 1, WITH_HARFBUZZ: 1
[2017.07.12-19.49.34:787][  0]LogSlate: SlateFontCache - WITH_FREETYPE: 1, WITH_HARFBUZZ: 1
[2017.07.12-19.49.35:167][  0]LogInit: Selected Device Profile: [Windows]
[2017.07.12-19.49.35:169][  0]LogContentStreaming: Texture pool size is 0.00 MB
[2017.07.12-19.49.35:450][  0]LogMeshUtilities: Using QuadricMeshReduction for automatic static mesh reduction
[2017.07.12-19.49.35:518][  0]LogSimplygon: Simplygon DLL not present - disabling.
[2017.07.12-19.49.35:598][  0]LogMeshUtilities: Using SimplygonSwarm for distributed automatic mesh merging
[2017.07.12-19.49.35:598][  0]LogMeshUtilities: No automatic skeletal mesh reduction module available
[2017.07.12-19.49.35:598][  0]LogMeshUtilities: No automatic mesh merging module available
[2017.07.12-19.49.36:299][  0]LogNetVersion: GetLocalNetworkVersion: CL: 3299760, ProjectName: programming, ProjectVersion: , EngineNetworkVersion: 2, GameNetworkVersion: 0, NetworkChecksum: 1529672182
[2017.07.12-19.49.36:355][  0]LogAssetRegistry: FAssetRegistry took 0.0224 seconds to start up
[2017.07.12-19.49.36:478][  0]LogPackageLocalizationCache: Processed 3 localized package path(s) for 2 prioritized culture(s) in 0.088718 seconds
[2017.07.12-19.49.36:485][  0]LogUObjectArray: 32493 objects as part of root set at end of initial load.
[2017.07.12-19.49.36:485][  0]LogUObjectAllocator: 7077024 out of 0 bytes used by permanent object pool.
[2017.07.12-19.49.36:485][  0]LogUObjectArray: CloseDisregardForGC: 0/0 objects in disregard for GC pool
[2017.07.12-19.49.36:577][  0]LogInit: WinSock: version 1.1 (2.2), MaxSocks=32767, MaxUdp=65467
[2017.07.12-19.49.39:254][  0]LogTcpMessaging: Initializing TcpMessaging bridge
[2017.07.12-19.49.39:321][  0]LogUdpMessaging: Initializing bridge on interface 0.0.0.0:0 to multicast group 230.0.0.1:6666.
[2017.07.12-19.49.40:090][  0]LogMaterial: Uniform references updated for custom material expression Custom.
[2017.07.12-19.49.40:792][  0]SourceControl: Info Source control is disabled
[2017.07.12-19.49.40:794][  0]SourceControl: Info Source control is disabled
[2017.07.12-19.49.40:876][  0]SourceControl: Info Source control is disabled
[2017.07.12-19.49.40:965][  0]SourceControl: Info Source control is disabled
[2017.07.12-19.49.41:495][  0]LogLinker:Warning: Can't find file '/Game/VehicleAdvBP/AdvancedVehicleOverview'
[2017.07.12-19.49.41:495][  0]LogLinker:Warning: Can't find file '/Game/VehicleAdvBP/AdvancedVehicleOverview'
[2017.07.12-19.49.41:495][  0]LogUObjectGlobals:Warning: Failed to find object 'Class /Game/VehicleAdvBP/AdvancedVehicleOverview.AdvancedVehicleOverview_C'
[2017.07.12-19.49.43:129][  0]LogEngine: Initializing Engine...
[2017.07.12-19.49.43:130][  0]LogHMD: Failed to initialize OpenVR with code 110
[2017.07.12-19.49.43:260][  0]LogStats: UGameplayTagsManager::ConstructGameplayTagTree: Construct from data asset -  0.000 s
[2017.07.12-19.49.43:260][  0]LogStats: UGameplayTagsManager::ConstructGameplayTagTree: GameplayTagTreeChangedEvent.Broadcast -  0.000 s
[2017.07.12-19.49.43:481][  0]LogAIModule: Creating AISystem for world Untitled
[2017.07.12-19.49.43:488][  0]LogInit: XAudio2 using 'Speaker/HP (Realtek High Definition Audio)' : 2 channels at 48 kHz using 32 bits per sample (channel mask 0x3)
[2017.07.12-19.49.43:520][  0]LogInit: FAudioDevice initialized.
[2017.07.12-19.49.43:551][  0]LogDerivedDataCache: Saved boot cache 0.03s 50MB C:/Users/Camper/AppData/Local/UnrealEngine/4.15/DerivedDataCache/Boot.ddc.
[2017.07.12-19.49.43:560][  0]LogInit: Texture streaming: Enabled
[2017.07.12-19.49.43:706][  0]LogEngineSessionManager: EngineSessionManager initialized
[2017.07.12-19.49.43:877][  0]LogInit: Transaction tracking system initialized
[2017.07.12-19.49.44:479][  0]BlueprintLog: New page: Editor Load
[2017.07.12-19.49.45:953][  0]LocalizationService: Info Localization service is disabled
[2017.07.12-19.49.47:050][  0]LogConsoleResponse:Display: 
[2017.07.12-19.49.47:345][  0]LogCook:Display: Max memory allowance for cook 16384mb min free memory 0mb
[2017.07.12-19.49.47:345][  0]LogCook:Display: Mobile HDR setting 1
[2017.07.12-19.49.47:981][  0]LogFileCache: Scanning file cache for directory 'C:/Users/Camper/Documents/Unreal Projects/Programming/Content/' took 0.02s
[2017.07.12-19.49.49:058][  0]SourceControl: Info Source control is disabled
[2017.07.12-19.49.49:058][  0]Cmd: MAP LOAD FILE="../../../../../../Users/Camper/Documents/Unreal Projects/Programming/Content/ThirdPersonBP/Maps/ThirdPersonExampleMap.umap" TEMPLATE=0 SHOWPROGRESS=1 FEATURELEVEL=3
[2017.07.12-19.49.49:058][  0]LightingResults: New page: Lighting Build
[2017.07.12-19.49.49:129][  0]MapCheck: New page: Map Check
[2017.07.12-19.49.49:129][  0]LightingResults: New page: Lighting Build
[2017.07.12-19.49.53:289][  0]LogAIModule: Creating AISystem for world ThirdPersonExampleMap
[2017.07.12-19.49.53:354][  0]LogEditorServer: Finished looking for orphan Actors (0.000 secs)
[2017.07.12-19.49.53:369][  0]Cmd: MAP CHECKDEP NOCLEARLOG
[2017.07.12-19.49.53:477][  0]MapCheck: Info Map check complete: 0 Error(s), 0 Warning(s), took 108.609ms to complete.
[2017.07.12-19.49.53:477][  0]LogFileHelpers: Loading map 'ThirdPersonExampleMap' took 4.420
[2017.07.12-19.49.53:535][  0]LogWindowsTextInputMethodSystem:Display: IME system now deactivated.
[2017.07.12-19.49.54:026][  0]LogCollectionManager: Loaded 0 collections in 0.002488 seconds
[2017.07.12-19.49.54:293][  0]LogFileCache: Scanning file cache for directory 'C:/Users/Camper/Documents/Unreal Projects/Programming/Saved/Collections/' took 0.01s
[2017.07.12-19.49.54:293][  0]LogFileCache: Scanning file cache for directory 'C:/Users/Camper/Documents/Unreal Projects/Programming/Content/Developers/Camper/Collections/' took 0.01s
[2017.07.12-19.49.54:293][  0]LogFileCache: Scanning file cache for directory 'C:/Users/Camper/Documents/Unreal Projects/Programming/Content/Collections/' took 0.01s
[2017.07.12-19.49.54:293][  0]LogCollectionManager: Rebuilt the GUID cache for 0 collections in 0.000004 seconds
[2017.07.12-19.49.54:321][  0]LogContentBrowser: Native class hierarchy populated in 0.0119 seconds. Added 2245 classes and 453 folders.
[2017.07.12-19.49.54:501][  0]LogContentBrowser: Native class hierarchy updated for 'WidgetCarousel' in 0.0005 seconds. Added 0 classes and 0 folders.
[2017.07.12-19.49.56:322][  0]LogContentBrowser: Native class hierarchy updated for 'AddContentDialog' in 0.0006 seconds. Added 0 classes and 0 folders.
[2017.07.12-19.49.56:465][  0]LogContentBrowser: Native class hierarchy updated for 'SceneOutliner' in 0.0006 seconds. Added 1 classes and 2 folders.
[2017.07.12-19.49.56:831][  0]LogCrashTracker: Crashtracker disabled due to settings.
[2017.07.12-19.50.00:608][  0]LogSlate: Only BGRA pngs, bmps or icos are supported in by External Image Picker
[2017.07.12-19.50.01:158][  0]LogTemp:Display: Executing iPhonePackager certificates Engine -bundlename com.YourCompany.Programming

[2017.07.12-19.50.01:158][  0]LogTemp:Display: CWD: C:\Program Files\Epic Games\UE_4.15\Engine\Binaries\DotNET\IOS

[2017.07.12-19.50.01:158][  0]LogTemp:Display: Initial Dir: C:\Program Files\Epic Games\UE_4.15

[2017.07.12-19.50.01:158][  0]LogTemp:Display: Env CWD: C:\Program Files\Epic Games\UE_4.15\Engine\Binaries\DotNET\IOS

[2017.07.12-19.50.01:158][  0]LogTemp:Display: BranchPath = EGDWS_MA_27/C/Program Files/Epic Games/UE_4.15/Engine/Binaries --- GameBranchPath = EGDWS_MA_27/C/Program Files/Epic Games/UE_4.15/Engine/Binaries

[2017.07.12-19.50.01:158][  0]LogTemp:Display: IPP ERROR: Application exception: System.IO.DirectoryNotFoundException: Could not find a part of the path 'C:\Users\Camper\AppData\Local\Apple Computer\MobileDevice\Provisioning Profiles'.

[2017.07.12-19.50.01:158][  0]LogTemp:Display:    at System.IO.__Error.WinIOError(Int32 errorCode, String maybeFullPath)

[2017.07.12-19.50.01:158][  0]LogTemp:Display:    at System.IO.FileSystemEnumerableIterator`1.CommonInit()

[2017.07.12-19.50.01:158][  0]LogTemp:Display:    at System.IO.Directory.EnumerateFiles(String path, String searchPattern)

[2017.07.12-19.50.01:158][  0]LogTemp:Display:    at iPhonePackager.CodeSignatureBuilder.FindProvisions(String CFBundleIdentifier)

[2017.07.12-19.50.01:158][  0]LogTemp:Display:    at iPhonePackager.Program.Main(String[] args)

[2017.07.12-19.50.01:158][  0]LogUObjectGlobals:Warning: Failed to find object 'Class None.'
[2017.07.12-19.50.01:318][  0]LogContentBrowser: Native class hierarchy updated for 'HierarchicalLODOutliner' in 0.0006 seconds. Added 1 classes and 2 folders.
[2017.07.12-19.50.01:318][  0]LogLoad: (Engine Initialization) Total time: 34.36 seconds
[2017.07.12-19.50.01:318][  0]LogLoad: (Engine Initialization) Total Blueprint compile time: 0.49 seconds
[2017.07.12-19.50.01:318][  0]LogExternalProfiler: No external profilers were discovered.  External profiling features will not be available.
[2017.07.12-19.50.01:335][  0]LogOcInput: OculusInput pre-init called
[2017.07.12-19.50.01:432][  0]LogContentStreaming: Texture pool size now 1000 MB
[2017.07.12-19.50.01:433][  0]LogSlate: Took 0.000300 seconds to synchronously load lazily loaded font '../../../Engine/Content/Slate/Fonts/Roboto-Regular.ttf' (155K)
[2017.07.12-19.50.01:437][  0]LogSlate: Took 0.000364 seconds to synchronously load lazily loaded font '../../../Engine/Content/Slate/Fonts/Roboto-Bold.ttf' (160K)
[2017.07.12-19.50.01:463][  0]LogSlate: Took 0.021816 seconds to synchronously load lazily loaded font '../../../Engine/Content/Editor/Slate/Fonts/FontAwesome.ttf' (139K)
[2017.07.12-19.50.01:949][  0]LogSlate: Took 0.033418 seconds to synchronously load lazily loaded font '../../../Engine/Content/Slate/Fonts/Roboto-Light.ttf' (159K)
[2017.07.12-19.50.02:018][  1]LogRenderer: Reallocating scene render targets to support 816x368 NumSamples 1 (Frame:2).
[2017.07.12-19.50.02:429][  2]LogAssetRegistry: Asset discovery search completed in 26.0966 seconds
[2017.07.12-19.50.02:429][  2]LogCollectionManager: Rebuilt the object cache for 0 collections in 0.000006 seconds (found 0 objects)
[2017.07.12-19.50.02:429][  2]LogCollectionManager: Fixed up redirectors for 0 collections in 0.000021 seconds (updated 0 objects)
[2017.07.12-19.50.02:763][  3]LogSlate: Took 0.000372 seconds to synchronously load lazily loaded font '../../../Engine/Content/Slate/Fonts/Roboto-Light.ttf' (159K)
[2017.07.12-19.50.08:272][202]LogRenderer: Reallocating scene render targets to support 816x564 NumSamples 1 (Frame:180).
[2017.07.12-19.51.04:475][834]LogEditorViewport: Clicking on Actor (LMB): ThirdPersonCharacter_C (ThirdPersonCharacter)
[2017.07.12-19.51.06:079][870]LogSlate: Took 0.236499 seconds to synchronously load lazily loaded font '../../../Engine/Content/Editor/Slate/Fonts/Roboto-Italic.ttf' (157K)
[2017.07.12-19.51.11:674][195]LogSlate: Took 0.000322 seconds to synchronously load lazily loaded font '../../../Engine/Content/Slate/Fonts/Roboto-Light.ttf' (159K)
[2017.07.12-19.51.13:030][195]LogSlate: Took 0.000285 seconds to synchronously load lazily loaded font '../../../Engine/Content/Slate/Fonts/Roboto-Regular.ttf' (155K)
[2017.07.12-19.51.13:570][195]LogContentBrowser: Native class hierarchy updated for 'BlueprintGraph' in 0.0014 seconds. Added 112 classes and 0 folders.
[2017.07.12-19.51.18:459][195]LogSlate: Took 0.028834 seconds to synchronously load lazily loaded font '../../../Engine/Content/Editor/Slate/Fonts/Roboto-BoldCondensed.ttf' (158K)
[2017.07.12-19.59.29:578][319]BlueprintLog: New page: Compile ThirdPersonCharacter
[2017.07.12-20.00.00:049][ 81]LogSavePackage: Save=152.83ms
[2017.07.12-20.00.00:049][ 81]LogSavePackage: Moving '../../../../../../Users/Camper/Documents/Unreal Projects/Programming/Saved/ThirdPersonExampleMap_Auto17BB140DD4ECD89E0ACC866B2CC05D81B.tmp' to '../../../../../../Users/Camper/Documents/Unreal Projects/Programming/Saved/Autosaves/Game/ThirdPersonBP/Maps/ThirdPersonExampleMap_Auto1.umap'
[2017.07.12-20.00.00:052][ 81]LogSavePackage:Display: Finished SavePackage ../../../../../../Users/Camper/Documents/Unreal Projects/Programming/Saved/Autosaves/Game/ThirdPersonBP/Maps/ThirdPersonExampleMap_Auto1.umap
[2017.07.12-20.00.00:054][ 81]LogFileHelpers: Editor autosave (incl. sublevels) for '/Game/ThirdPersonBP/Maps/ThirdPersonExampleMap' took 0.322
[2017.07.12-20.00.00:055][ 81]LogFileHelpers: Editor autosave (incl. sublevels) for all levels took 0.322
[2017.07.12-20.00.00:059][ 81]OBJ SavePackage: Generating thumbnails for [1] asset(s) in package [/Game/ThirdPersonBP/Blueprints/ThirdPersonCharacter] ([1] browsable assets)...
[2017.07.12-20.00.00:096][ 81]OBJ SavePackage:     Rendered thumbnail for [Blueprint /Game/ThirdPersonBP/Blueprints/ThirdPersonCharacter.ThirdPersonCharacter]
[2017.07.12-20.00.00:097][ 81]OBJ SavePackage: Finished generating thumbnails for package [/Game/ThirdPersonBP/Blueprints/ThirdPersonCharacter]
[2017.07.12-20.00.00:153][ 81]LogSavePackage: Save=51.59ms
[2017.07.12-20.00.00:153][ 81]LogSavePackage: Moving '../../../../../../Users/Camper/Documents/Unreal Projects/Programming/Saved/ThirdPersonCharacter_Auto17FD519B9415EF5DFA17357BB16C37C62.tmp' to '../../../../../../Users/Camper/Documents/Unreal Projects/Programming/Saved/Autosaves/Game/ThirdPersonBP/Blueprints/ThirdPersonCharacter_Auto1.uasset'
[2017.07.12-20.00.00:156][ 81]LogSavePackage:Display: Finished SavePackage ../../../../../../Users/Camper/Documents/Unreal Projects/Programming/Saved/Autosaves/Game/ThirdPersonBP/Blueprints/ThirdPersonCharacter_Auto1.uasset
[2017.07.12-20.00.00:156][ 81]LogFileHelpers: Auto-saving content packages took 0.099
[2017.07.12-20.04.09:113][338]LogTemp: Repeting last play command: Selected Viewport
[2017.07.12-20.04.09:125][338]LogBlueprintUserMessages: Early PlayInEditor Detection: Level '/Game/ThirdPersonBP/Maps/ThirdPersonExampleMap.ThirdPersonExampleMap:PersistentLevel' has LevelScriptBlueprint '/Game/ThirdPersonBP/Maps/ThirdPersonExampleMap.ThirdPersonExampleMap:PersistentLevel.ThirdPersonExampleMap' with GeneratedClass '/Game/ThirdPersonBP/Maps/ThirdPersonExampleMap.ThirdPersonExampleMap_C' with ClassGeneratedBy '/Game/ThirdPersonBP/Maps/ThirdPersonExampleMap.ThirdPersonExampleMap:PersistentLevel.ThirdPersonExampleMap'
[2017.07.12-20.04.09:125][338]BlueprintLog: New page: Pre-Play auto-recompile
[2017.07.12-20.04.09:125][338]LogPlayLevel: [PlayLevel] Compiling ThirdPersonCharacter before play...
[2017.07.12-20.04.09:351][338]LogPlayLevel: PlayLevel: Blueprint regeneration took 225 ms (1 blueprints)
[2017.07.12-20.04.09:351][338]PIE: New page: PIE session: ThirdPersonExampleMap (Jul 12, 2017, 12:04:09 PM)
[2017.07.12-20.04.09:351][338]LogPlayLevel: Creating play world package: /Game/ThirdPersonBP/Maps/UEDPIE_0_ThirdPersonExampleMap
[2017.07.12-20.04.09:415][338]LogPlayLevel: PIE: StaticDuplicateObject took: (0.064100s)
[2017.07.12-20.04.09:416][338]LogAIModule: Creating AISystem for world ThirdPersonExampleMap
[2017.07.12-20.04.09:416][338]LogPlayLevel: PIE: World Init took: (0.001164s)
[2017.07.12-20.04.09:417][338]LogPlayLevel: PIE: Created PIE world by copying editor world from /Game/ThirdPersonBP/Maps/ThirdPersonExampleMap.ThirdPersonExampleMap to /Game/ThirdPersonBP/Maps/UEDPIE_0_ThirdPersonExampleMap.ThirdPersonExampleMap (0.065598s)
[2017.07.12-20.04.09:469][338]LogInit: XAudio2 using 'Speaker/HP (Realtek High Definition Audio)' : 2 channels at 48 kHz using 32 bits per sample (channel mask 0x3)
[2017.07.12-20.04.09:482][338]LogInit: FAudioDevice initialized.
[2017.07.12-20.04.09:586][338]LogLoad: Game class is 'ThirdPersonGameMode_C'
[2017.07.12-20.04.09:590][338]LogWorld: Bringing World /Game/ThirdPersonBP/Maps/UEDPIE_0_ThirdPersonExampleMap.ThirdPersonExampleMap up for play (max tick rate 60) at 2017.07.12-16.04.09
[2017.07.12-20.04.09:591][338]LogWorld: Bringing up level for play took: 0.002634
[2017.07.12-20.04.09:697][338]LogContentBrowser: Native class hierarchy updated for 'MovieSceneCapture' in 0.0008 seconds. Added 11 classes and 0 folders.
[2017.07.12-20.04.09:698][338]PIE: Info Play in editor start time for /Game/ThirdPersonBP/Maps/UEDPIE_0_ThirdPersonExampleMap 0.76
[2017.07.12-20.04.09:698][338]LogBlueprintUserMessages: Late PlayInEditor Detection: Level '/Game/ThirdPersonBP/Maps/ThirdPersonExampleMap.ThirdPersonExampleMap:PersistentLevel' has LevelScriptBlueprint '/Game/ThirdPersonBP/Maps/ThirdPersonExampleMap.ThirdPersonExampleMap:PersistentLevel.ThirdPersonExampleMap' with GeneratedClass '/Game/ThirdPersonBP/Maps/ThirdPersonExampleMap.ThirdPersonExampleMap_C' with ClassGeneratedBy '/Game/ThirdPersonBP/Maps/ThirdPersonExampleMap.ThirdPersonExampleMap:PersistentLevel.ThirdPersonExampleMap'
[2017.07.12-20.04.24:514][222]LogBlueprintUserMessages: Early EndPlayMap Detection: Level '/Game/ThirdPersonBP/Maps/ThirdPersonExampleMap.ThirdPersonExampleMap:PersistentLevel' has LevelScriptBlueprint '/Game/ThirdPersonBP/Maps/ThirdPersonExampleMap.ThirdPersonExampleMap:PersistentLevel.ThirdPersonExampleMap' with GeneratedClass '/Game/ThirdPersonBP/Maps/ThirdPersonExampleMap.ThirdPersonExampleMap_C' with ClassGeneratedBy '/Game/ThirdPersonBP/Maps/ThirdPersonExampleMap.ThirdPersonExampleMap:PersistentLevel.ThirdPersonExampleMap'
[2017.07.12-20.04.24:702][222]LogBlueprintUserMessages: Late EndPlayMap Detection: Level '/Game/ThirdPersonBP/Maps/ThirdPersonExampleMap.ThirdPersonExampleMap:PersistentLevel' has LevelScriptBlueprint '/Game/ThirdPersonBP/Maps/ThirdPersonExampleMap.ThirdPersonExampleMap:PersistentLevel.ThirdPersonExampleMap' with GeneratedClass '/Game/ThirdPersonBP/Maps/ThirdPersonExampleMap.ThirdPersonExampleMap_C' with ClassGeneratedBy '/Game/ThirdPersonBP/Maps/ThirdPersonExampleMap.ThirdPersonExampleMap:PersistentLevel.ThirdPersonExampleMap'
[2017.07.12-20.04.43:560][297]BlueprintLog: New page: Compile ThirdPersonCharacter
[2017.07.12-20.04.47:913][510]LogTemp: Repeting last play command: Selected Viewport
[2017.07.12-20.04.47:923][510]LogBlueprintUserMessages: Early PlayInEditor Detection: Level '/Game/ThirdPersonBP/Maps/ThirdPersonExampleMap.ThirdPersonExampleMap:PersistentLevel' has LevelScriptBlueprint '/Game/ThirdPersonBP/Maps/ThirdPersonExampleMap.ThirdPersonExampleMap:PersistentLevel.ThirdPersonExampleMap' with GeneratedClass '/Game/ThirdPersonBP/Maps/ThirdPersonExampleMap.ThirdPersonExampleMap_C' with ClassGeneratedBy '/Game/ThirdPersonBP/Maps/ThirdPersonExampleMap.ThirdPersonExampleMap:PersistentLevel.ThirdPersonExampleMap'
[2017.07.12-20.04.47:923][510]LogPlayLevel: PlayLevel: No blueprints needed recompiling
[2017.07.12-20.04.47:923][510]PIE: New page: PIE session: ThirdPersonExampleMap (Jul 12, 2017, 12:04:47 PM)
[2017.07.12-20.04.47:923][510]LogPlayLevel: Creating play world package: /Game/ThirdPersonBP/Maps/UEDPIE_0_ThirdPersonExampleMap
[2017.07.12-20.04.47:949][510]LogPlayLevel: PIE: StaticDuplicateObject took: (0.025522s)
[2017.07.12-20.04.47:950][510]LogAIModule: Creating AISystem for world ThirdPersonExampleMap
[2017.07.12-20.04.47:950][510]LogPlayLevel: PIE: World Init took: (0.001218s)
[2017.07.12-20.04.47:950][510]LogPlayLevel: PIE: Created PIE world by copying editor world from /Game/ThirdPersonBP/Maps/ThirdPersonExampleMap.ThirdPersonExampleMap to /Game/ThirdPersonBP/Maps/UEDPIE_0_ThirdPersonExampleMap.ThirdPersonExampleMap (0.027116s)
[2017.07.12-20.04.48:001][510]LogInit: XAudio2 using 'Speaker/HP (Realtek High Definition Audio)' : 2 channels at 48 kHz using 32 bits per sample (channel mask 0x3)
[2017.07.12-20.04.48:014][510]LogInit: FAudioDevice initialized.
[2017.07.12-20.04.48:042][510]LogLoad: Game class is 'ThirdPersonGameMode_C'
[2017.07.12-20.04.48:045][510]LogWorld: Bringing World /Game/ThirdPersonBP/Maps/UEDPIE_0_ThirdPersonExampleMap.ThirdPersonExampleMap up for play (max tick rate 60) at 2017.07.12-16.04.48
[2017.07.12-20.04.48:046][510]LogWorld: Bringing up level for play took: 0.002137
[2017.07.12-20.04.48:046][510]PIE: Info Play in editor start time for /Game/ThirdPersonBP/Maps/UEDPIE_0_ThirdPersonExampleMap 1.109
[2017.07.12-20.04.48:047][510]LogBlueprintUserMessages: Late PlayInEditor Detection: Level '/Game/ThirdPersonBP/Maps/ThirdPersonExampleMap.ThirdPersonExampleMap:PersistentLevel' has LevelScriptBlueprint '/Game/ThirdPersonBP/Maps/ThirdPersonExampleMap.ThirdPersonExampleMap:PersistentLevel.ThirdPersonExampleMap' with GeneratedClass '/Game/ThirdPersonBP/Maps/ThirdPersonExampleMap.ThirdPersonExampleMap_C' with ClassGeneratedBy '/Game/ThirdPersonBP/Maps/ThirdPersonExampleMap.ThirdPersonExampleMap:PersistentLevel.ThirdPersonExampleMap'
[2017.07.12-20.05.06:749][628]LogBlueprintUserMessages: Early EndPlayMap Detection: Level '/Game/ThirdPersonBP/Maps/ThirdPersonExampleMap.ThirdPersonExampleMap:PersistentLevel' has LevelScriptBlueprint '/Game/ThirdPersonBP/Maps/ThirdPersonExampleMap.ThirdPersonExampleMap:PersistentLevel.ThirdPersonExampleMap' with GeneratedClass '/Game/ThirdPersonBP/Maps/ThirdPersonExampleMap.ThirdPersonExampleMap_C' with ClassGeneratedBy '/Game/ThirdPersonBP/Maps/ThirdPersonExampleMap.ThirdPersonExampleMap:PersistentLevel.ThirdPersonExampleMap'
[2017.07.12-20.05.06:871][628]LogBlueprintUserMessages: Late EndPlayMap Detection: Level '/Game/ThirdPersonBP/Maps/ThirdPersonExampleMap.ThirdPersonExampleMap:PersistentLevel' has LevelScriptBlueprint '/Game/ThirdPersonBP/Maps/ThirdPersonExampleMap.ThirdPersonExampleMap:PersistentLevel.ThirdPersonExampleMap' with GeneratedClass '/Game/ThirdPersonBP/Maps/ThirdPersonExampleMap.ThirdPersonExampleMap_C' with ClassGeneratedBy '/Game/ThirdPersonBP/Maps/ThirdPersonExampleMap.ThirdPersonExampleMap:PersistentLevel.ThirdPersonExampleMap'
[2017.07.12-20.05.13:644][958]LogEditorViewport: Clicking on Actor (LMB): ThirdPersonCharacter_C (ThirdPersonCharacter)
[2017.07.12-20.05.19:709][252]LogRenderer: Reallocating scene render targets to support 816x880 NumSamples 1 (Frame:5123).
[2017.07.12-20.06.16:661][644]BlueprintLog: New page: Compile ThirdPersonCharacter
[2017.07.12-20.06.20:198][794]LogTemp: Repeting last play command: Selected Viewport
[2017.07.12-20.06.20:209][794]LogBlueprintUserMessages: Early PlayInEditor Detection: Level '/Game/ThirdPersonBP/Maps/ThirdPersonExampleMap.ThirdPersonExampleMap:PersistentLevel' has LevelScriptBlueprint '/Game/ThirdPersonBP/Maps/ThirdPersonExampleMap.ThirdPersonExampleMap:PersistentLevel.ThirdPersonExampleMap' with GeneratedClass '/Game/ThirdPersonBP/Maps/ThirdPersonExampleMap.ThirdPersonExampleMap_C' with ClassGeneratedBy '/Game/ThirdPersonBP/Maps/ThirdPersonExampleMap.ThirdPersonExampleMap:PersistentLevel.ThirdPersonExampleMap'
[2017.07.12-20.06.20:209][794]LogPlayLevel: PlayLevel: No blueprints needed recompiling
[2017.07.12-20.06.20:210][794]PIE: New page: PIE session: ThirdPersonExampleMap (Jul 12, 2017, 12:06:20 PM)
[2017.07.12-20.06.20:210][794]LogPlayLevel: Creating play world package: /Game/ThirdPersonBP/Maps/UEDPIE_0_ThirdPersonExampleMap
[2017.07.12-20.06.20:236][794]LogPlayLevel: PIE: StaticDuplicateObject took: (0.026411s)
[2017.07.12-20.06.20:237][794]LogAIModule: Creating AISystem for world ThirdPersonExampleMap
[2017.07.12-20.06.20:237][794]LogPlayLevel: PIE: World Init took: (0.001269s)
[2017.07.12-20.06.20:238][794]LogPlayLevel: PIE: Created PIE world by copying editor world from /Game/ThirdPersonBP/Maps/ThirdPersonExampleMap.ThirdPersonExampleMap to /Game/ThirdPersonBP/Maps/UEDPIE_0_ThirdPersonExampleMap.ThirdPersonExampleMap (0.028020s)
[2017.07.12-20.06.20:295][794]LogInit: XAudio2 using 'Speaker/HP (Realtek High Definition Audio)' : 2 channels at 48 kHz using 32 bits per sample (channel mask 0x3)
[2017.07.12-20.06.20:308][794]LogInit: FAudioDevice initialized.
[2017.07.12-20.06.20:343][794]LogLoad: Game class is 'ThirdPersonGameMode_C'
[2017.07.12-20.06.20:347][794]LogWorld: Bringing World /Game/ThirdPersonBP/Maps/UEDPIE_0_ThirdPersonExampleMap.ThirdPersonExampleMap up for play (max tick rate 60) at 2017.07.12-16.06.20
[2017.07.12-20.06.20:347][794]LogWorld: Bringing up level for play took: 0.002855
[2017.07.12-20.06.20:348][794]PIE: Info Play in editor start time for /Game/ThirdPersonBP/Maps/UEDPIE_0_ThirdPersonExampleMap -0.589
[2017.07.12-20.06.20:349][794]LogBlueprintUserMessages: Late PlayInEditor Detection: Level '/Game/ThirdPersonBP/Maps/ThirdPersonExampleMap.ThirdPersonExampleMap:PersistentLevel' has LevelScriptBlueprint '/Game/ThirdPersonBP/Maps/ThirdPersonExampleMap.ThirdPersonExampleMap:PersistentLevel.ThirdPersonExampleMap' with GeneratedClass '/Game/ThirdPersonBP/Maps/ThirdPersonExampleMap.ThirdPersonExampleMap_C' with ClassGeneratedBy '/Game/ThirdPersonBP/Maps/ThirdPersonExampleMap.ThirdPersonExampleMap:PersistentLevel.ThirdPersonExampleMap'
[2017.07.12-20.07.06:741][573]LogBlueprintUserMessages: Early EndPlayMap Detection: Level '/Game/ThirdPersonBP/Maps/ThirdPersonExampleMap.ThirdPersonExampleMap:PersistentLevel' has LevelScriptBlueprint '/Game/ThirdPersonBP/Maps/ThirdPersonExampleMap.ThirdPersonExampleMap:PersistentLevel.ThirdPersonExampleMap' with GeneratedClass '/Game/ThirdPersonBP/Maps/ThirdPersonExampleMap.ThirdPersonExampleMap_C' with ClassGeneratedBy '/Game/ThirdPersonBP/Maps/ThirdPersonExampleMap.ThirdPersonExampleMap:PersistentLevel.ThirdPersonExampleMap'
[2017.07.12-20.07.06:866][573]LogBlueprintUserMessages: Late EndPlayMap Detection: Level '/Game/ThirdPersonBP/Maps/ThirdPersonExampleMap.ThirdPersonExampleMap:PersistentLevel' has LevelScriptBlueprint '/Game/ThirdPersonBP/Maps/ThirdPersonExampleMap.ThirdPersonExampleMap:PersistentLevel.ThirdPersonExampleMap' with GeneratedClass '/Game/ThirdPersonBP/Maps/ThirdPersonExampleMap.ThirdPersonExampleMap_C' with ClassGeneratedBy '/Game/ThirdPersonBP/Maps/ThirdPersonExampleMap.ThirdPersonExampleMap:PersistentLevel.ThirdPersonExampleMap'
[2017.07.12-20.08.08:692][105]BlueprintLog: New page: Compile ThirdPersonCharacter
[2017.07.12-20.10.28:192][387]BlueprintLog: New page: Compile ThirdPersonCharacter
[2017.07.12-20.11.17:598][233]BlueprintLog: New page: Compile ThirdPersonCharacter
[2017.07.12-20.11.23:495][386]LogTemp: Repeting last play command: Selected Viewport
[2017.07.12-20.11.23:505][386]LogBlueprintUserMessages: Early PlayInEditor Detection: Level '/Game/ThirdPersonBP/Maps/ThirdPersonExampleMap.ThirdPersonExampleMap:PersistentLevel' has LevelScriptBlueprint '/Game/ThirdPersonBP/Maps/ThirdPersonExampleMap.ThirdPersonExampleMap:PersistentLevel.ThirdPersonExampleMap' with GeneratedClass '/Game/ThirdPersonBP/Maps/ThirdPersonExampleMap.ThirdPersonExampleMap_C' with ClassGeneratedBy '/Game/ThirdPersonBP/Maps/ThirdPersonExampleMap.ThirdPersonExampleMap:PersistentLevel.ThirdPersonExampleMap'
[2017.07.12-20.11.23:505][386]LogPlayLevel: PlayLevel: No blueprints needed recompiling
[2017.07.12-20.11.23:505][386]PIE: New page: PIE session: ThirdPersonExampleMap (Jul 12, 2017, 12:11:23 PM)
[2017.07.12-20.11.23:505][386]LogPlayLevel: Creating play world package: /Game/ThirdPersonBP/Maps/UEDPIE_0_ThirdPersonExampleMap
[2017.07.12-20.11.23:535][386]LogPlayLevel: PIE: StaticDuplicateObject took: (0.029647s)
[2017.07.12-20.11.23:536][386]LogAIModule: Creating AISystem for world ThirdPersonExampleMap
[2017.07.12-20.11.23:536][386]LogPlayLevel: PIE: World Init took: (0.001376s)
[2017.07.12-20.11.23:536][386]LogPlayLevel: PIE: Created PIE world by copying editor world from /Game/ThirdPersonBP/Maps/ThirdPersonExampleMap.ThirdPersonExampleMap to /Game/ThirdPersonBP/Maps/UEDPIE_0_ThirdPersonExampleMap.ThirdPersonExampleMap (0.031412s)
[2017.07.12-20.11.23:591][386]LogInit: XAudio2 using 'Speaker/HP (Realtek High Definition Audio)' : 2 channels at 48 kHz using 32 bits per sample (channel mask 0x3)
[2017.07.12-20.11.23:605][386]LogInit: FAudioDevice initialized.
[2017.07.12-20.11.23:639][386]LogLoad: Game class is 'ThirdPersonGameMode_C'
[2017.07.12-20.11.23:645][386]LogWorld: Bringing World /Game/ThirdPersonBP/Maps/UEDPIE_0_ThirdPersonExampleMap.ThirdPersonExampleMap up for play (max tick rate 60) at 2017.07.12-16.11.23
[2017.07.12-20.11.23:645][386]LogWorld: Bringing up level for play took: 0.004601
[2017.07.12-20.11.23:646][386]PIE: Info Play in editor start time for /Game/ThirdPersonBP/Maps/UEDPIE_0_ThirdPersonExampleMap 0.708
[2017.07.12-20.11.23:646][386]LogBlueprintUserMessages: Late PlayInEditor Detection: Level '/Game/ThirdPersonBP/Maps/ThirdPersonExampleMap.ThirdPersonExampleMap:PersistentLevel' has LevelScriptBlueprint '/Game/ThirdPersonBP/Maps/ThirdPersonExampleMap.ThirdPersonExampleMap:PersistentLevel.ThirdPersonExampleMap' with GeneratedClass '/Game/ThirdPersonBP/Maps/ThirdPersonExampleMap.ThirdPersonExampleMap_C' with ClassGeneratedBy '/Game/ThirdPersonBP/Maps/ThirdPersonExampleMap.ThirdPersonExampleMap:PersistentLevel.ThirdPersonExampleMap'
[2017.07.12-20.12.27:687][223]LogBlueprintUserMessages: Early EndPlayMap Detection: Level '/Game/ThirdPersonBP/Maps/ThirdPersonExampleMap.ThirdPersonExampleMap:PersistentLevel' has LevelScriptBlueprint '/Game/ThirdPersonBP/Maps/ThirdPersonExampleMap.ThirdPersonExampleMap:PersistentLevel.ThirdPersonExampleMap' with GeneratedClass '/Game/ThirdPersonBP/Maps/ThirdPersonExampleMap.ThirdPersonExampleMap_C' with ClassGeneratedBy '/Game/ThirdPersonBP/Maps/ThirdPersonExampleMap.ThirdPersonExampleMap:PersistentLevel.ThirdPersonExampleMap'
[2017.07.12-20.12.27:815][223]LogBlueprintUserMessages: Late EndPlayMap Detection: Level '/Game/ThirdPersonBP/Maps/ThirdPersonExampleMap.ThirdPersonExampleMap:PersistentLevel' has LevelScriptBlueprint '/Game/ThirdPersonBP/Maps/ThirdPersonExampleMap.ThirdPersonExampleMap:PersistentLevel.ThirdPersonExampleMap' with GeneratedClass '/Game/ThirdPersonBP/Maps/ThirdPersonExampleMap.ThirdPersonExampleMap_C' with ClassGeneratedBy '/Game/ThirdPersonBP/Maps/ThirdPersonExampleMap.ThirdPersonExampleMap:PersistentLevel.ThirdPersonExampleMap'
[2017.07.12-20.13.02:796][424]LogSavePackage: Save=144.22ms
[2017.07.12-20.13.02:796][424]LogSavePackage: Moving '../../../../../../Users/Camper/Documents/Unreal Projects/Programming/Saved/ThirdPersonExampleMap_Auto2367A7D0D4BE5393602F5AAA044BCC762.tmp' to '../../../../../../Users/Camper/Documents/Unreal Projects/Programming/Saved/Autosaves/Game/ThirdPersonBP/Maps/ThirdPersonExampleMap_Auto2.umap'
[2017.07.12-20.13.02:799][424]LogSavePackage:Display: Finished SavePackage ../../../../../../Users/Camper/Documents/Unreal Projects/Programming/Saved/Autosaves/Game/ThirdPersonBP/Maps/ThirdPersonExampleMap_Auto2.umap
[2017.07.12-20.13.02:802][424]LogFileHelpers: Editor autosave (incl. sublevels) for '/Game/ThirdPersonBP/Maps/ThirdPersonExampleMap' took 0.184
[2017.07.12-20.13.02:802][424]LogFileHelpers: Editor autosave (incl. sublevels) for all levels took 0.184
[2017.07.12-20.13.02:806][424]OBJ SavePackage: Generating thumbnails for [1] asset(s) in package [/Game/ThirdPersonBP/Blueprints/ThirdPersonCharacter] ([1] browsable assets)...
[2017.07.12-20.13.02:881][424]OBJ SavePackage:     Rendered thumbnail for [Blueprint /Game/ThirdPersonBP/Blueprints/ThirdPersonCharacter.ThirdPersonCharacter]
[2017.07.12-20.13.02:881][424]OBJ SavePackage: Finished generating thumbnails for package [/Game/ThirdPersonBP/Blueprints/ThirdPersonCharacter]
[2017.07.12-20.13.02:954][424]LogSavePackage: Save=68.07ms
[2017.07.12-20.13.02:954][424]LogSavePackage: Moving '../../../../../../Users/Camper/Documents/Unreal Projects/Programming/Saved/ThirdPersonCharacter_Auto237321C0D451FB27A1323ECA3762A9ACA.tmp' to '../../../../../../Users/Camper/Documents/Unreal Projects/Programming/Saved/Autosaves/Game/ThirdPersonBP/Blueprints/ThirdPersonCharacter_Auto2.uasset'
[2017.07.12-20.13.02:958][424]LogSavePackage:Display: Finished SavePackage ../../../../../../Users/Camper/Documents/Unreal Projects/Programming/Saved/Autosaves/Game/ThirdPersonBP/Blueprints/ThirdPersonCharacter_Auto2.uasset
[2017.07.12-20.13.02:958][424]LogFileHelpers: Auto-saving content packages took 0.155
[2017.07.12-20.15.35:472][528]BlueprintLog: New page: Compile ThirdPersonCharacter
[2017.07.12-20.16.33:891][890]BlueprintLog: New page: Compile ThirdPersonCharacter
[2017.07.12-20.16.36:337][  5]LogEditorViewport: Clicking on Actor (LMB): StaticMeshActor (Wall11)
[2017.07.12-20.16.38:200][104]LogTemp: Repeting last play command: Selected Viewport
[2017.07.12-20.16.38:211][104]LogBlueprintUserMessages: Early PlayInEditor Detection: Level '/Game/ThirdPersonBP/Maps/ThirdPersonExampleMap.ThirdPersonExampleMap:PersistentLevel' has LevelScriptBlueprint '/Game/ThirdPersonBP/Maps/ThirdPersonExampleMap.ThirdPersonExampleMap:PersistentLevel.ThirdPersonExampleMap' with GeneratedClass '/Game/ThirdPersonBP/Maps/ThirdPersonExampleMap.ThirdPersonExampleMap_C' with ClassGeneratedBy '/Game/ThirdPersonBP/Maps/ThirdPersonExampleMap.ThirdPersonExampleMap:PersistentLevel.ThirdPersonExampleMap'
[2017.07.12-20.16.38:211][104]LogPlayLevel: PlayLevel: No blueprints needed recompiling
[2017.07.12-20.16.38:211][104]PIE: New page: PIE session: ThirdPersonExampleMap (Jul 12, 2017, 12:16:38 PM)
[2017.07.12-20.16.38:211][104]LogPlayLevel: Creating play world package: /Game/ThirdPersonBP/Maps/UEDPIE_0_ThirdPersonExampleMap
[2017.07.12-20.16.38:242][104]LogPlayLevel: PIE: StaticDuplicateObject took: (0.030615s)
[2017.07.12-20.16.38:243][104]LogAIModule: Creating AISystem for world ThirdPersonExampleMap
[2017.07.12-20.16.38:243][104]LogPlayLevel: PIE: World Init took: (0.001404s)
[2017.07.12-20.16.38:243][104]LogPlayLevel: PIE: Created PIE world by copying editor world from /Game/ThirdPersonBP/Maps/ThirdPersonExampleMap.ThirdPersonExampleMap to /Game/ThirdPersonBP/Maps/UEDPIE_0_ThirdPersonExampleMap.ThirdPersonExampleMap (0.032472s)
[2017.07.12-20.16.38:273][104]LogInit: XAudio2 using 'Speaker/HP (Realtek High Definition Audio)' : 2 channels at 48 kHz using 32 bits per sample (channel mask 0x3)
[2017.07.12-20.16.38:287][104]LogInit: FAudioDevice initialized.
[2017.07.12-20.16.38:320][104]LogLoad: Game class is 'ThirdPersonGameMode_C'
[2017.07.12-20.16.38:324][104]LogWorld: Bringing World /Game/ThirdPersonBP/Maps/UEDPIE_0_ThirdPersonExampleMap.ThirdPersonExampleMap up for play (max tick rate 60) at 2017.07.12-16.16.38
[2017.07.12-20.16.38:325][104]LogWorld: Bringing up level for play took: 0.003921
[2017.07.12-20.16.38:326][104]PIE: Info Play in editor start time for /Game/ThirdPersonBP/Maps/UEDPIE_0_ThirdPersonExampleMap -0.611
[2017.07.12-20.16.38:326][104]LogBlueprintUserMessages: Late PlayInEditor Detection: Level '/Game/ThirdPersonBP/Maps/ThirdPersonExampleMap.ThirdPersonExampleMap:PersistentLevel' has LevelScriptBlueprint '/Game/ThirdPersonBP/Maps/ThirdPersonExampleMap.ThirdPersonExampleMap:PersistentLevel.ThirdPersonExampleMap' with GeneratedClass '/Game/ThirdPersonBP/Maps/ThirdPersonExampleMap.ThirdPersonExampleMap_C' with ClassGeneratedBy '/Game/ThirdPersonBP/Maps/ThirdPersonExampleMap.ThirdPersonExampleMap:PersistentLevel.ThirdPersonExampleMap'
[2017.07.12-20.17.02:434][545]LogBlueprintUserMessages: Early EndPlayMap Detection: Level '/Game/ThirdPersonBP/Maps/ThirdPersonExampleMap.ThirdPersonExampleMap:PersistentLevel' has LevelScriptBlueprint '/Game/ThirdPersonBP/Maps/ThirdPersonExampleMap.ThirdPersonExampleMap:PersistentLevel.ThirdPersonExampleMap' with GeneratedClass '/Game/ThirdPersonBP/Maps/ThirdPersonExampleMap.ThirdPersonExampleMap_C' with ClassGeneratedBy '/Game/ThirdPersonBP/Maps/ThirdPersonExampleMap.ThirdPersonExampleMap:PersistentLevel.ThirdPersonExampleMap'
[2017.07.12-20.17.02:533][545]LogBlueprintUserMessages: Late EndPlayMap Detection: Level '/Game/ThirdPersonBP/Maps/ThirdPersonExampleMap.ThirdPersonExampleMap:PersistentLevel' has LevelScriptBlueprint '/Game/ThirdPersonBP/Maps/ThirdPersonExampleMap.ThirdPersonExampleMap:PersistentLevel.ThirdPersonExampleMap' with GeneratedClass '/Game/ThirdPersonBP/Maps/ThirdPersonExampleMap.ThirdPersonExampleMap_C' with ClassGeneratedBy '/Game/ThirdPersonBP/Maps/ThirdPersonExampleMap.ThirdPersonExampleMap:PersistentLevel.ThirdPersonExampleMap'
[2017.07.12-20.17.42:600][895]LogTemp: Repeting last play command: Selected Viewport
[2017.07.12-20.17.42:612][895]LogBlueprintUserMessages: Early PlayInEditor Detection: Level '/Game/ThirdPersonBP/Maps/ThirdPersonExampleMap.ThirdPersonExampleMap:PersistentLevel' has LevelScriptBlueprint '/Game/ThirdPersonBP/Maps/ThirdPersonExampleMap.ThirdPersonExampleMap:PersistentLevel.ThirdPersonExampleMap' with GeneratedClass '/Game/ThirdPersonBP/Maps/ThirdPersonExampleMap.ThirdPersonExampleMap_C' with ClassGeneratedBy '/Game/ThirdPersonBP/Maps/ThirdPersonExampleMap.ThirdPersonExampleMap:PersistentLevel.ThirdPersonExampleMap'
[2017.07.12-20.17.42:612][895]LogPlayLevel: PlayLevel: No blueprints needed recompiling
[2017.07.12-20.17.42:612][895]PIE: New page: PIE session: ThirdPersonExampleMap (Jul 12, 2017, 12:17:42 PM)
[2017.07.12-20.17.42:613][895]LogPlayLevel: Creating play world package: /Game/ThirdPersonBP/Maps/UEDPIE_0_ThirdPersonExampleMap
[2017.07.12-20.17.42:636][895]LogPlayLevel: PIE: StaticDuplicateObject took: (0.023686s)
[2017.07.12-20.17.42:637][895]LogAIModule: Creating AISystem for world ThirdPersonExampleMap
[2017.07.12-20.17.42:638][895]LogPlayLevel: PIE: World Init took: (0.001293s)
[2017.07.12-20.17.42:638][895]LogPlayLevel: PIE: Created PIE world by copying editor world from /Game/ThirdPersonBP/Maps/ThirdPersonExampleMap.ThirdPersonExampleMap to /Game/ThirdPersonBP/Maps/UEDPIE_0_ThirdPersonExampleMap.ThirdPersonExampleMap (0.025330s)
[2017.07.12-20.17.42:665][895]LogInit: XAudio2 using 'Speaker/HP (Realtek High Definition Audio)' : 2 channels at 48 kHz using 32 bits per sample (channel mask 0x3)
[2017.07.12-20.17.42:679][895]LogInit: FAudioDevice initialized.
[2017.07.12-20.17.42:710][895]LogLoad: Game class is 'ThirdPersonGameMode_C'
[2017.07.12-20.17.42:714][895]LogWorld: Bringing World /Game/ThirdPersonBP/Maps/UEDPIE_0_ThirdPersonExampleMap.ThirdPersonExampleMap up for play (max tick rate 60) at 2017.07.12-16.17.42
[2017.07.12-20.17.42:714][895]LogWorld: Bringing up level for play took: 0.002532
[2017.07.12-20.17.42:715][895]PIE: Info Play in editor start time for /Game/ThirdPersonBP/Maps/UEDPIE_0_ThirdPersonExampleMap -0.222
[2017.07.12-20.17.42:716][895]LogBlueprintUserMessages: Late PlayInEditor Detection: Level '/Game/ThirdPersonBP/Maps/ThirdPersonExampleMap.ThirdPersonExampleMap:PersistentLevel' has LevelScriptBlueprint '/Game/ThirdPersonBP/Maps/ThirdPersonExampleMap.ThirdPersonExampleMap:PersistentLevel.ThirdPersonExampleMap' with GeneratedClass '/Game/ThirdPersonBP/Maps/ThirdPersonExampleMap.ThirdPersonExampleMap_C' with ClassGeneratedBy '/Game/ThirdPersonBP/Maps/ThirdPersonExampleMap.ThirdPersonExampleMap:PersistentLevel.ThirdPersonExampleMap'
[2017.07.12-20.17.53:148][516]LogBlueprintUserMessages: Early EndPlayMap Detection: Level '/Game/ThirdPersonBP/Maps/ThirdPersonExampleMap.ThirdPersonExampleMap:PersistentLevel' has LevelScriptBlueprint '/Game/ThirdPersonBP/Maps/ThirdPersonExampleMap.ThirdPersonExampleMap:PersistentLevel.ThirdPersonExampleMap' with GeneratedClass '/Game/ThirdPersonBP/Maps/ThirdPersonExampleMap.ThirdPersonExampleMap_C' with ClassGeneratedBy '/Game/ThirdPersonBP/Maps/ThirdPersonExampleMap.ThirdPersonExampleMap:PersistentLevel.ThirdPersonExampleMap'
[2017.07.12-20.17.53:232][516]LogBlueprintUserMessages: Late EndPlayMap Detection: Level '/Game/ThirdPersonBP/Maps/ThirdPersonExampleMap.ThirdPersonExampleMap:PersistentLevel' has LevelScriptBlueprint '/Game/ThirdPersonBP/Maps/ThirdPersonExampleMap.ThirdPersonExampleMap:PersistentLevel.ThirdPersonExampleMap' with GeneratedClass '/Game/ThirdPersonBP/Maps/ThirdPersonExampleMap.ThirdPersonExampleMap_C' with ClassGeneratedBy '/Game/ThirdPersonBP/Maps/ThirdPersonExampleMap.ThirdPersonExampleMap:PersistentLevel.ThirdPersonExampleMap'
[2017.07.12-20.18.01:408][  3]LogEditorViewport: Clicking on Actor (LMB): ThirdPersonCharacter_C (ThirdPersonCharacter)
[2017.07.12-20.24.00:415][959]LogContentBrowser: Native class hierarchy updated for 'SkeletonEditor' in 0.0007 seconds. Added 1 classes and 2 folders.
[2017.07.12-20.24.00:783][959]LogActorComponent: RegisterComponentWithWorld: (/Engine/Transient.World_10:PersistentLevel.Actor_0.DebugSkelMeshComponent_0) Already registered. Aborting.
[2017.07.12-20.24.01:038][959]LogSkeletalMesh: USkeletalMeshComponent::InitArticulated : Bodies already created (/Engine/Transient.World_10:PersistentLevel.Actor_0.DebugSkelMeshComponent_0) - call TermArticulated first.
[2017.07.12-20.27.07:394][975]LogSavePackage: Save=138.83ms
[2017.07.12-20.27.07:394][975]LogSavePackage: Moving '../../../../../../Users/Camper/Documents/Unreal Projects/Programming/Saved/ThirdPersonExampleMap_Auto3C880C3E6495C09D0D98E3A9A4F8A2366.tmp' to '../../../../../../Users/Camper/Documents/Unreal Projects/Programming/Saved/Autosaves/Game/ThirdPersonBP/Maps/ThirdPersonExampleMap_Auto3.umap'
[2017.07.12-20.27.07:397][975]LogSavePackage:Display: Finished SavePackage ../../../../../../Users/Camper/Documents/Unreal Projects/Programming/Saved/Autosaves/Game/ThirdPersonBP/Maps/ThirdPersonExampleMap_Auto3.umap
[2017.07.12-20.27.07:398][975]LogFileHelpers: Editor autosave (incl. sublevels) for '/Game/ThirdPersonBP/Maps/ThirdPersonExampleMap' took 0.179
[2017.07.12-20.27.07:399][975]LogFileHelpers: Editor autosave (incl. sublevels) for all levels took 0.179
[2017.07.12-20.27.07:410][975]OBJ SavePackage: Generating thumbnails for [1] asset(s) in package [/Game/Mannequin/Animations/ThirdPerson_AnimBP] ([1] browsable assets)...
[2017.07.12-20.27.07:481][975]OBJ SavePackage:     Rendered thumbnail for [AnimBlueprint /Game/Mannequin/Animations/ThirdPerson_AnimBP.ThirdPerson_AnimBP]
[2017.07.12-20.27.07:481][975]OBJ SavePackage: Finished generating thumbnails for package [/Game/Mannequin/Animations/ThirdPerson_AnimBP]
[2017.07.12-20.27.07:526][975]LogSavePackage: Save=38.46ms
[2017.07.12-20.27.07:526][975]LogSavePackage: Moving '../../../../../../Users/Camper/Documents/Unreal Projects/Programming/Saved/ThirdPerson_AnimBP_Auto3850954B34B3104D95AAA0A9A648B0E39.tmp' to '../../../../../../Users/Camper/Documents/Unreal Projects/Programming/Saved/Autosaves/Game/Mannequin/Animations/ThirdPerson_AnimBP_Auto3.uasset'
[2017.07.12-20.27.07:528][975]LogSavePackage:Display: Finished SavePackage ../../../../../../Users/Camper/Documents/Unreal Projects/Programming/Saved/Autosaves/Game/Mannequin/Animations/ThirdPerson_AnimBP_Auto3.uasset
[2017.07.12-20.27.07:529][975]OBJ SavePackage: Generating thumbnails for [1] asset(s) in package [/Game/ThirdPersonBP/Blueprints/ThirdPersonCharacter] ([1] browsable assets)...
[2017.07.12-20.27.07:553][975]OBJ SavePackage:     Rendered thumbnail for [Blueprint /Game/ThirdPersonBP/Blueprints/ThirdPersonCharacter.ThirdPersonCharacter]
[2017.07.12-20.27.07:553][975]OBJ SavePackage: Finished generating thumbnails for package [/Game/ThirdPersonBP/Blueprints/ThirdPersonCharacter]
[2017.07.12-20.27.07:628][975]LogSavePackage: Save=70.23ms
[2017.07.12-20.27.07:628][975]LogSavePackage: Moving '../../../../../../Users/Camper/Documents/Unreal Projects/Programming/Saved/ThirdPersonCharacter_Auto304C59A974F6AF8E6FB4462A3EAA4846D.tmp' to '../../../../../../Users/Camper/Documents/Unreal Projects/Programming/Saved/Autosaves/Game/ThirdPersonBP/Blueprints/ThirdPersonCharacter_Auto3.uasset'
[2017.07.12-20.27.07:631][975]LogSavePackage:Display: Finished SavePackage ../../../../../../Users/Camper/Documents/Unreal Projects/Programming/Saved/Autosaves/Game/ThirdPersonBP/Blueprints/ThirdPersonCharacter_Auto3.uasset
[2017.07.12-20.27.07:631][975]LogFileHelpers: Auto-saving content packages took 0.223
[2017.07.12-20.28.37:423][249]BlueprintLog: New page: Compile ThirdPerson_AnimBP
[2017.07.12-20.37.17:987][710]LogFileHelpers: Editor autosave (incl. sublevels) for '/Game/ThirdPersonBP/Maps/ThirdPersonExampleMap' took 0.027
[2017.07.12-20.37.17:990][710]OBJ SavePackage: Generating thumbnails for [1] asset(s) in package [/Game/Mannequin/Animations/ThirdPerson_AnimBP] ([1] browsable assets)...
[2017.07.12-20.37.18:013][710]OBJ SavePackage:     Rendered thumbnail for [AnimBlueprint /Game/Mannequin/Animations/ThirdPerson_AnimBP.ThirdPerson_AnimBP]
[2017.07.12-20.37.18:013][710]OBJ SavePackage: Finished generating thumbnails for package [/Game/Mannequin/Animations/ThirdPerson_AnimBP]
[2017.07.12-20.37.18:058][710]LogSavePackage: Save=38.58ms
[2017.07.12-20.37.18:058][710]LogSavePackage: Moving '../../../../../../Users/Camper/Documents/Unreal Projects/Programming/Saved/ThirdPerson_AnimBP_Auto407598E0E432907D39E14EF951829254B.tmp' to '../../../../../../Users/Camper/Documents/Unreal Projects/Programming/Saved/Autosaves/Game/Mannequin/Animations/ThirdPerson_AnimBP_Auto4.uasset'
[2017.07.12-20.37.18:062][710]LogSavePackage:Display: Finished SavePackage ../../../../../../Users/Camper/Documents/Unreal Projects/Programming/Saved/Autosaves/Game/Mannequin/Animations/ThirdPerson_AnimBP_Auto4.uasset
[2017.07.12-20.37.18:062][710]LogFileHelpers: Auto-saving content packages took 0.074
[2017.07.12-20.37.25:087][  8]LogSavePackage: Save=139.70ms
[2017.07.12-20.37.25:087][  8]LogSavePackage: Moving '../../../../../../Users/Camper/Documents/Unreal Projects/Programming/Saved/ThirdPersonExampleMap093ADE974AEF93517C31418FF6052933.tmp' to '../../../../../../Users/Camper/Documents/Unreal Projects/Programming/Content/ThirdPersonBP/Maps/ThirdPersonExampleMap.umap'
[2017.07.12-20.37.25:092][  8]LogSavePackage:Display: Finished SavePackage ../../../../../../Users/Camper/Documents/Unreal Projects/Programming/Content/ThirdPersonBP/Maps/ThirdPersonExampleMap.umap
[2017.07.12-20.37.25:109][  8]LogFileHelpers: Saving map 'ThirdPersonExampleMap' took 0.339
[2017.07.12-20.37.25:150][  8]LogSavePackage: Save=28.32ms
[2017.07.12-20.37.25:150][  8]LogSavePackage: Moving '../../../../../../Users/Camper/Documents/Unreal Projects/Programming/Saved/ThirdPerson_AnimBP5AFE568C45725ED0B3CD54956265026D.tmp' to '../../../../../../Users/Camper/Documents/Unreal Projects/Programming/Content/Mannequin/Animations/ThirdPerson_AnimBP.uasset'
[2017.07.12-20.37.25:153][  8]LogSavePackage:Display: Finished SavePackage ../../../../../../Users/Camper/Documents/Unreal Projects/Programming/Content/Mannequin/Animations/ThirdPerson_AnimBP.uasset
[2017.07.12-20.37.25:227][  8]LogSavePackage: Save=57.08ms
[2017.07.12-20.37.25:227][  8]LogSavePackage: Moving '../../../../../../Users/Camper/Documents/Unreal Projects/Programming/Saved/ThirdPersonCharacterED5C85374E644A4E0C157291CB7CC597.tmp' to '../../../../../../Users/Camper/Documents/Unreal Projects/Programming/Content/ThirdPersonBP/Blueprints/ThirdPersonCharacter.uasset'
[2017.07.12-20.37.25:232][  8]LogSavePackage:Display: Finished SavePackage ../../../../../../Users/Camper/Documents/Unreal Projects/Programming/Content/ThirdPersonBP/Blueprints/ThirdPersonCharacter.uasset
[2017.07.12-20.39.05:134][527]Cmd: QUIT_EDITOR
[2017.07.12-20.39.05:578][527]LogWindowsTextInputMethodSystem:Display: IME system now deactivated.
[2017.07.12-20.39.05:602][527]LogExit: Preparing to exit.
[2017.07.12-20.39.06:499][527]LogDirectoryWatcher: A directory notification for 'C:/Users/Camper/Documents/Unreal Projects/Programming/Content/' was aborted.
[2017.07.12-20.39.06:534][527]LogExit: Editor shut down
[2017.07.12-20.39.06:534][527]LogExit: Transaction tracking system shut down
[2017.07.12-20.39.06:636][527]LogObj: Freed 0b from 0 cluster array pools.
[2017.07.12-20.39.06:636][527]LogExit: Object subsystem successfully closed.
[2017.07.12-20.39.06:658][527]LogD3D11RHI: Shutdown
[2017.07.12-20.39.06:659][527]LogD3D11RHI: CleanupD3DDevice
[2017.07.12-20.39.06:758][527]LogD3D11RHI: ~FD3D11DynamicRHI
[2017.07.12-20.39.06:792][527]LogModuleManager: Shutting down and abandoning module SkeletonEditor (510)
[2017.07.12-20.39.06:792][527]LogModuleManager: Shutting down and abandoning module AnimationBlueprintEditor (508)
[2017.07.12-20.39.06:792][527]LogModuleManager: Shutting down and abandoning module MovieSceneCapture (506)
[2017.07.12-20.39.06:792][527]LogModuleManager: Shutting down and abandoning module BlueprintGraph (504)
[2017.07.12-20.39.06:792][527]LogModuleManager: Shutting down and abandoning module BlueprintProfiler (502)
[2017.07.12-20.39.06:792][527]LogModuleManager: Shutting down and abandoning module HierarchicalLODOutliner (500)
[2017.07.12-20.39.06:792][527]LogModuleManager: Shutting down and abandoning module ExternalImagePicker (498)
[2017.07.12-20.39.06:792][527]LogModuleManager: Shutting down and abandoning module CrashTracker (496)
[2017.07.12-20.39.06:792][527]LogModuleManager: Shutting down and abandoning module SceneOutliner (494)
[2017.07.12-20.39.06:792][527]LogModuleManager: Shutting down and abandoning module AddContentDialog (492)
[2017.07.12-20.39.06:793][527]LogDirectoryWatcher: A directory notification for 'C:/Program Files/Epic Games/UE_4.15/FeaturePacks/' was aborted.
[2017.07.12-20.39.06:794][527]LogModuleManager: Shutting down and abandoning module WidgetCarousel (491)
[2017.07.12-20.39.06:794][527]LogModuleManager: Shutting down and abandoning module EditorWidgets (488)
[2017.07.12-20.39.06:794][527]LogModuleManager: Shutting down and abandoning module CollectionManager (486)
[2017.07.12-20.39.06:794][527]LogDirectoryWatcher: A directory notification for 'C:/Users/Camper/Documents/Unreal Projects/Programming/Content/Collections/' was aborted.
[2017.07.12-20.39.06:794][527]LogDirectoryWatcher: A directory notification for 'C:/Users/Camper/Documents/Unreal Projects/Programming/Content/Developers/Camper/Collections/' was aborted.
[2017.07.12-20.39.06:794][527]LogDirectoryWatcher: A directory notification for 'C:/Users/Camper/Documents/Unreal Projects/Programming/Saved/Collections/' was aborted.
[2017.07.12-20.39.06:794][527]LogModuleManager: Shutting down and abandoning module StatsViewer (484)
[2017.07.12-20.39.06:794][527]LogModuleManager: Shutting down and abandoning module FoliageEdit (482)
[2017.07.12-20.39.06:794][527]LogModuleManager: Shutting down and abandoning module LandscapeEditor (480)
[2017.07.12-20.39.06:794][527]LogModuleManager: Shutting down and abandoning module SceneDepthPickerMode (478)
[2017.07.12-20.39.06:794][527]LogModuleManager: Shutting down and abandoning module ActorPickerMode (476)
[2017.07.12-20.39.06:794][527]LogModuleManager: Shutting down and abandoning module GeometryMode (474)
[2017.07.12-20.39.06:794][527]LogModuleManager: Shutting down and abandoning module TextureAlignMode (472)
[2017.07.12-20.39.06:794][527]LogModuleManager: Shutting down and abandoning module BspMode (470)
[2017.07.12-20.39.06:794][527]LogModuleManager: Shutting down and abandoning module HardwareSurvey (468)
[2017.07.12-20.39.06:794][527]LogModuleManager: Shutting down and abandoning module SequenceRecorderSections (466)
[2017.07.12-20.39.06:794][527]LogModuleManager: Shutting down and abandoning module AutomationWorker (464)
[2017.07.12-20.39.06:794][527]LogModuleManager: Shutting down and abandoning module MatineeToLevelSequence (462)
[2017.07.12-20.39.06:794][527]LogModuleManager: Shutting down and abandoning module LevelSequenceEditor (460)
[2017.07.12-20.39.06:794][527]LogModuleManager: Shutting down and abandoning module PlacementMode (459)
[2017.07.12-20.39.06:794][527]LogModuleManager: Shutting down and abandoning module WmfMediaFactory (456)
[2017.07.12-20.39.06:794][527]LogModuleManager: Shutting down and abandoning module WmfMediaEditor (454)
[2017.07.12-20.39.06:794][527]LogModuleManager: Shutting down and abandoning module MfMediaFactory (452)
[2017.07.12-20.39.06:794][527]LogModuleManager: Shutting down and abandoning module MfMediaEditor (450)
[2017.07.12-20.39.06:794][527]LogModuleManager: Shutting down and abandoning module AvfMediaFactory (448)
[2017.07.12-20.39.06:794][527]LogModuleManager: Shutting down and abandoning module AvfMediaEditor (446)
[2017.07.12-20.39.06:794][527]LogModuleManager: Shutting down and abandoning module AndroidMediaFactory (444)
[2017.07.12-20.39.06:794][527]LogModuleManager: Shutting down and abandoning module Media (443)
[2017.07.12-20.39.06:794][527]LogModuleManager: Shutting down and abandoning module AndroidMediaEditor (440)
[2017.07.12-20.39.06:794][527]LogModuleManager: Shutting down and abandoning module CharacterAI (438)
[2017.07.12-20.39.06:794][527]LogModuleManager: Shutting down and abandoning module AudioCapture (436)
[2017.07.12-20.39.06:794][527]LogModuleManager: Shutting down and abandoning module SequenceRecorder (435)
[2017.07.12-20.39.06:794][527]LogModuleManager: Shutting down and abandoning module SmartSnapping (432)
[2017.07.12-20.39.06:794][527]LogModuleManager: Shutting down and abandoning module SessionServices (430)
[2017.07.12-20.39.06:794][527]LogModuleManager: Shutting down and abandoning module ViewportSnapping (428)
[2017.07.12-20.39.06:794][527]LogModuleManager: Shutting down and abandoning module ViewportInteraction (426)
[2017.07.12-20.39.06:794][527]LogModuleManager: Shutting down and abandoning module LogVisualizer (424)
[2017.07.12-20.39.06:794][527]LogModuleManager: Shutting down and abandoning module IntroTutorials (422)
[2017.07.12-20.39.06:794][527]LogModuleManager: Shutting down and abandoning module GameProjectGeneration (421)
[2017.07.12-20.39.06:794][527]LogModuleManager: Shutting down and abandoning module EditorLiveStreaming (418)
[2017.07.12-20.39.06:794][527]LogModuleManager: Shutting down and abandoning module IOSPlatformEditor (416)
[2017.07.12-20.39.06:794][527]LogModuleManager: Shutting down and abandoning module HTML5PlatformEditor (414)
[2017.07.12-20.39.06:794][527]LogModuleManager: Shutting down and abandoning module AndroidPlatformEditor (412)
[2017.07.12-20.39.06:794][527]LogModuleManager: Shutting down and abandoning module AndroidDeviceDetection (411)
[2017.07.12-20.39.07:678][527]LogModuleManager: Shutting down and abandoning module IOSRuntimeSettings (408)
[2017.07.12-20.39.07:678][527]LogModuleManager: Shutting down and abandoning module AndroidRuntimeSettings (406)
[2017.07.12-20.39.07:678][527]LogModuleManager: Shutting down and abandoning module InputBindingEditor (404)
[2017.07.12-20.39.07:678][527]LogModuleManager: Shutting down and abandoning module NiagaraEditor (402)
[2017.07.12-20.39.07:678][527]LogModuleManager: Shutting down and abandoning module MergeActors (400)
[2017.07.12-20.39.07:678][527]LogModuleManager: Shutting down and abandoning module SizeMap (398)
[2017.07.12-20.39.07:678][527]LogModuleManager: Shutting down and abandoning module TreeMap (396)
[2017.07.12-20.39.07:678][527]LogModuleManager: Shutting down and abandoning module ReferenceViewer (394)
[2017.07.12-20.39.07:678][527]LogModuleManager: Shutting down and abandoning module LocalizationDashboard (392)
[2017.07.12-20.39.07:678][527]LogModuleManager: Shutting down and abandoning module LocalizationService (391)
[2017.07.12-20.39.07:678][527]LogModuleManager: Shutting down and abandoning module HardwareTargeting (388)
[2017.07.12-20.39.07:678][527]LogModuleManager: Shutting down and abandoning module DeviceProfileEditor (386)
[2017.07.12-20.39.07:678][527]LogModuleManager: Shutting down and abandoning module UndoHistory (384)
[2017.07.12-20.39.07:678][527]LogModuleManager: Shutting down and abandoning module UserFeedback (382)
[2017.07.12-20.39.07:678][527]LogModuleManager: Shutting down and abandoning module XmlParser (380)
[2017.07.12-20.39.07:678][527]LogModuleManager: Shutting down and abandoning module Blutility (378)
[2017.07.12-20.39.07:678][527]LogModuleManager: Shutting down and abandoning module ProjectSettingsViewer (376)
[2017.07.12-20.39.07:678][527]LogModuleManager: Shutting down and abandoning module ProjectTargetPlatformEditor (375)
[2017.07.12-20.39.07:679][527]LogModuleManager: Shutting down and abandoning module EditorSettingsViewer (372)
[2017.07.12-20.39.07:679][527]LogModuleManager: Shutting down and abandoning module SettingsEditor (370)
[2017.07.12-20.39.07:679][527]LogModuleManager: Shutting down and abandoning module ProjectLauncher (368)
[2017.07.12-20.39.07:679][527]LogModuleManager: Shutting down and abandoning module SessionFrontend (366)
[2017.07.12-20.39.07:679][527]LogModuleManager: Shutting down and abandoning module ProfilerClient (364)
[2017.07.12-20.39.07:679][527]LogModuleManager: Shutting down and abandoning module DeviceManager (362)
[2017.07.12-20.39.07:679][527]LogModuleManager: Shutting down and abandoning module TargetDeviceServices (361)
[2017.07.12-20.39.07:721][527]LogModuleManager: Shutting down and abandoning module AutomationController (358)
[2017.07.12-20.39.07:721][527]LogModuleManager: Shutting down and abandoning module AutomationWindow (356)
[2017.07.12-20.39.07:721][527]LogModuleManager: Shutting down and abandoning module Layers (354)
[2017.07.12-20.39.07:721][527]LogModuleManager: Shutting down and abandoning module ComponentVisualizers (352)
[2017.07.12-20.39.07:721][527]LogModuleManager: Shutting down and abandoning module DetailCustomizations (350)
[2017.07.12-20.39.07:721][527]LogModuleManager: Shutting down and abandoning module PackagesDialog (348)
[2017.07.12-20.39.07:721][527]LogModuleManager: Shutting down and abandoning module Persona (346)
[2017.07.12-20.39.07:721][527]LogModuleManager: Shutting down and abandoning module AnimGraph (345)
[2017.07.12-20.39.07:721][527]LogModuleManager: Shutting down and abandoning module Kismet (342)
[2017.07.12-20.39.07:728][527]LogModuleManager: Shutting down and abandoning module GraphEditor (340)
[2017.07.12-20.39.07:728][527]LogModuleManager: Shutting down and abandoning module ClassViewer (338)
[2017.07.12-20.39.07:730][527]LogModuleManager: Shutting down and abandoning module Toolbox (336)
[2017.07.12-20.39.07:730][527]LogModuleManager: Shutting down and abandoning module ModuleUI (334)
[2017.07.12-20.39.07:730][527]LogModuleManager: Shutting down and abandoning module MovieSceneTools (332)
[2017.07.12-20.39.07:730][527]LogModuleManager: Shutting down and abandoning module OutputLog (330)
[2017.07.12-20.39.07:730][527]LogModuleManager: Shutting down and abandoning module GammaUI (328)
[2017.07.12-20.39.07:730][527]LogModuleManager: Shutting down and abandoning module Documentation (326)
[2017.07.12-20.39.07:730][527]LogModuleManager: Shutting down and abandoning module Niagara (324)
[2017.07.12-20.39.07:730][527]LogModuleManager: Shutting down and abandoning module StreamingPauseRendering (322)
[2017.07.12-20.39.07:730][527]LogModuleManager: Shutting down and abandoning module AnalyticsET (320)
[2017.07.12-20.39.07:730][527]LogModuleManager: Shutting down and abandoning module PortalServices (318)
[2017.07.12-20.39.07:730][527]LogModuleManager: Shutting down and abandoning module PortalRpc (316)
[2017.07.12-20.39.07:730][527]LogModuleManager: Shutting down and abandoning module MessagingRpc (314)
[2017.07.12-20.39.07:730][527]LogModuleManager: Shutting down and abandoning module AIModule (312)
[2017.07.12-20.39.07:730][527]LogModuleManager: Shutting down and abandoning module GameplayDebugger (311)
[2017.07.12-20.39.07:730][527]LogModuleManager: Shutting down and abandoning module AITestSuite (309)
[2017.07.12-20.39.07:730][527]LogModuleManager: Shutting down and abandoning module ProfilerService (306)
[2017.07.12-20.39.07:898][527]LogModuleManager: Shutting down and abandoning module TaskGraph (304)
[2017.07.12-20.39.07:898][527]LogModuleManager: Shutting down and abandoning module SteamVRController (302)
[2017.07.12-20.39.07:898][527]LogModuleManager: Shutting down and abandoning module SteamVR (300)
[2017.07.12-20.39.07:898][527]LogModuleManager: Shutting down and abandoning module ProceduralMeshComponentEditor (298)
[2017.07.12-20.39.07:898][527]LogModuleManager: Shutting down and abandoning module ProceduralMeshComponent (296)
[2017.07.12-20.39.07:898][527]LogModuleManager: Shutting down and abandoning module OculusLibrary (294)
[2017.07.12-20.39.07:898][527]LogModuleManager: Shutting down and abandoning module OculusInput (292)
[2017.07.12-20.39.07:898][527]LogModuleManager: Shutting down and abandoning module MobilePatchingUtils (290)
[2017.07.12-20.39.07:898][527]LogModuleManager: Shutting down and abandoning module CustomMeshComponent (288)
[2017.07.12-20.39.07:898][527]LogModuleManager: Shutting down and abandoning module CableComponent (286)
[2017.07.12-20.39.07:898][527]LogModuleManager: Shutting down and abandoning module ArchVisCharacter (284)
[2017.07.12-20.39.07:898][527]LogModuleManager: Shutting down and abandoning module MediaPlayerEditor (280)
[2017.07.12-20.39.07:898][527]LogModuleManager: Shutting down and abandoning module HTML5Networking (278)
[2017.07.12-20.39.07:898][527]LogModuleManager: Shutting down and abandoning module AlembicImporter (276)
[2017.07.12-20.39.07:898][527]LogModuleManager: Shutting down and abandoning module AlembicLibrary (275)
[2017.07.12-20.39.07:898][527]LogModuleManager: Shutting down and abandoning module GeometryCache (274)
[2017.07.12-20.39.07:898][527]LogModuleManager: Shutting down and abandoning module GeometryCacheEd (273)
[2017.07.12-20.39.07:898][527]LogModuleManager: Shutting down and abandoning module SuperSearchEditor (268)
[2017.07.12-20.39.07:898][527]LogModuleManager: Shutting down and abandoning module SuperSearch (267)
[2017.07.12-20.39.07:898][527]LogModuleManager: Shutting down and abandoning module SpeedTreeImporter (264)
[2017.07.12-20.39.07:898][527]LogModuleManager: Shutting down and abandoning module PluginBrowser (262)
[2017.07.12-20.39.07:898][527]LogModuleManager: Shutting down and abandoning module MobileLauncherProfileWizard (260)
[2017.07.12-20.39.07:898][527]LogModuleManager: Shutting down and abandoning module EpicSurvey (258)
[2017.07.12-20.39.07:898][527]LogModuleManager: Shutting down and abandoning module VisualStudioSourceCodeAccess (256)
[2017.07.12-20.39.07:898][527]LogModuleManager: Shutting down and abandoning module DesktopPlatform (255)
[2017.07.12-20.39.07:899][527]LogModuleManager: Shutting down and abandoning module UObjectPlugin (252)
[2017.07.12-20.39.07:899][527]LogModuleManager: Shutting down and abandoning module SubversionSourceControl (250)
[2017.07.12-20.39.07:899][527]LogModuleManager: Shutting down and abandoning module PerforceSourceControl (248)
[2017.07.12-20.39.07:899][527]LogModuleManager: Shutting down and abandoning module GitSourceControl (246)
[2017.07.12-20.39.07:899][527]LogModuleManager: Shutting down and abandoning module SourceControl (245)
[2017.07.12-20.39.07:899][527]LogModuleManager: Shutting down and abandoning module LightPropagationVolumeEditor (242)
[2017.07.12-20.39.07:899][527]LogModuleManager: Shutting down and abandoning module PaperTiledImporter (240)
[2017.07.12-20.39.07:899][527]LogModuleManager: Shutting down and abandoning module PaperSpriteSheetImporter (238)
[2017.07.12-20.39.07:899][527]LogModuleManager: Shutting down and abandoning module Paper2DEditor (236)
[2017.07.12-20.39.07:899][527]LogModuleManager: Shutting down and abandoning module MeshPaint (235)
[2017.07.12-20.39.07:899][527]LogModuleManager: Shutting down and abandoning module LevelEditor (233)
[2017.07.12-20.39.07:899][527]LogModuleManager: Shutting down and abandoning module PixelInspectorModule (232)
[2017.07.12-20.39.07:899][527]LogModuleManager: Shutting down and abandoning module MainFrame (230)
[2017.07.12-20.39.07:899][527]LogModuleManager: Shutting down and abandoning module HotReload (229)
[2017.07.12-20.39.07:937][527]LogModuleManager: Shutting down and abandoning module ContentBrowser (225)
[2017.07.12-20.39.07:938][527]LogModuleManager: Shutting down and abandoning module PhysXVehiclesEditor (222)
[2017.07.12-20.39.07:938][527]LogModuleManager: Shutting down and abandoning module PhysXVehicles (220)
[2017.07.12-20.39.07:938][527]LogModuleManager: Shutting down and abandoning module LocationServicesBPLibrary (218)
[2017.07.12-20.39.07:938][527]LogModuleManager: Shutting down and abandoning module UdpMessaging (216)
[2017.07.12-20.39.08:040][527]LogModuleManager: Shutting down and abandoning module TcpMessaging (214)
[2017.07.12-20.39.08:141][527]LogModuleManager: Shutting down and abandoning module GameplayTagsEditor (212)
[2017.07.12-20.39.08:141][527]LogModuleManager: Shutting down and abandoning module FacialAnimationEditor (210)
[2017.07.12-20.39.08:141][527]LogModuleManager: Shutting down and abandoning module FacialAnimation (208)
[2017.07.12-20.39.08:141][527]LogModuleManager: Shutting down and abandoning module LightPropagationVolumeRuntime (206)
[2017.07.12-20.39.08:141][527]LogModuleManager: Shutting down and abandoning module Paper2D (204)
[2017.07.12-20.39.08:141][527]LogModuleManager: Shutting down and abandoning module WindowsMoviePlayer (202)
[2017.07.12-20.39.08:141][527]LogModuleManager: Shutting down and abandoning module WmfMedia (200)
[2017.07.12-20.39.08:141][527]LogModuleManager: Shutting down and abandoning module MfMedia (198)
[2017.07.12-20.39.08:141][527]LogModuleManager: Shutting down and abandoning module MediaAssets (196)
[2017.07.12-20.39.08:141][527]LogModuleManager: Shutting down and abandoning module GameLiveStreaming (194)
[2017.07.12-20.39.08:141][527]LogModuleManager: Shutting down and abandoning module VREditor (192)
[2017.07.12-20.39.08:141][527]LogModuleManager: Shutting down and abandoning module GameplayTasksEditor (190)
[2017.07.12-20.39.08:141][527]LogModuleManager: Shutting down and abandoning module BehaviorTreeEditor (188)
[2017.07.12-20.39.08:141][527]LogModuleManager: Shutting down and abandoning module FunctionalTesting (186)
[2017.07.12-20.39.08:141][527]LogModuleManager: Shutting down and abandoning module CollisionAnalyzer (184)
[2017.07.12-20.39.08:141][527]LogModuleManager: Shutting down and abandoning module UMG (182)
[2017.07.12-20.39.08:141][527]LogModuleManager: Shutting down and abandoning module UMGEditor (181)
[2017.07.12-20.39.08:141][527]LogModuleManager: Shutting down and abandoning module Sequencer (180)
[2017.07.12-20.39.08:141][527]LogModuleManager: Shutting down and abandoning module AssetTools (178)
[2017.07.12-20.39.08:141][527]LogModuleManager: Shutting down and abandoning module MessageLog (177)
[2017.07.12-20.39.08:141][527]LogModuleManager: Shutting down and abandoning module WorkspaceMenuStructure (176)
[2017.07.12-20.39.08:141][527]LogModuleManager: Shutting down and abandoning module SlateReflector (170)
[2017.07.12-20.39.08:141][527]LogModuleManager: Shutting down and abandoning module Slate (168)
[2017.07.12-20.39.08:141][527]LogModuleManager: Shutting down and abandoning module EditorStyle (166)
[2017.07.12-20.39.08:145][527]LogModuleManager: Shutting down and abandoning module SourceCodeAccess (164)
[2017.07.12-20.39.08:145][527]LogModuleManager: Shutting down and abandoning module HeadMountedDisplay (162)
[2017.07.12-20.39.08:145][527]LogModuleManager: Shutting down and abandoning module XAudio2 (160)
[2017.07.12-20.39.08:145][527]LogModuleManager: Shutting down and abandoning module Networking (158)
[2017.07.12-20.39.08:145][527]LogModuleManager: Shutting down and abandoning module Core (154)
[2017.07.12-20.39.08:145][527]LogModuleManager: Shutting down and abandoning module AssetRegistry (152)
[2017.07.12-20.39.08:360][527]LogDirectoryWatcher: A directory notification for '../../../Engine/Content/' was aborted.
[2017.07.12-20.39.08:360][527]LogDirectoryWatcher: A directory notification for '../../../../../../Users/Camper/Documents/Unreal Projects/Programming/Content/' was aborted.
[2017.07.12-20.39.08:360][527]LogDirectoryWatcher: A directory notification for '../../../Engine/Plugins/2D/Paper2D/Content/' was aborted.
[2017.07.12-20.39.08:361][527]LogModuleManager: Shutting down and abandoning module DirectoryWatcher (151)
[2017.07.12-20.39.08:361][527]LogModuleManager: Shutting down and abandoning module KismetCompiler (148)
[2017.07.12-20.39.08:361][527]LogModuleManager: Shutting down and abandoning module PhysXFormats (146)
[2017.07.12-20.39.08:361][527]LogModuleManager: Shutting down and abandoning module MeshUtilities (144)
[2017.07.12-20.39.08:361][527]LogModuleManager: Shutting down and abandoning module SimplygonSwarm (143)
[2017.07.12-20.39.08:361][527]LogModuleManager: Shutting down and abandoning module SimplygonMeshReduction (141)
[2017.07.12-20.39.08:361][527]LogModuleManager: Shutting down and abandoning module QuadricMeshReduction (139)
[2017.07.12-20.39.08:361][527]LogModuleManager: Shutting down and abandoning module PropertyEditor (137)
[2017.07.12-20.39.08:361][527]LogModuleManager: Shutting down and abandoning module DerivedDataCache (134)
[2017.07.12-20.39.08:445][527]LogDerivedDataCache: Shutdown
[2017.07.12-20.39.08:445][527]LogModuleManager: Shutting down and abandoning module TargetPlatform (132)
[2017.07.12-20.39.08:445][527]LogModuleManager: Shutting down and abandoning module VulkanShaderFormat (131)
[2017.07.12-20.39.08:445][527]LogModuleManager: Shutting down and abandoning module ShaderFormatOpenGL (129)
[2017.07.12-20.39.08:445][527]LogModuleManager: Shutting down and abandoning module ShaderFormatD3D (127)
[2017.07.12-20.39.08:445][527]LogModuleManager: Shutting down and abandoning module MetalShaderFormat (125)
[2017.07.12-20.39.08:445][527]LogModuleManager: Shutting down and abandoning module TextureFormatUncompressed (123)
[2017.07.12-20.39.08:445][527]LogModuleManager: Shutting down and abandoning module TextureFormatPVR (121)
[2017.07.12-20.39.08:445][527]LogModuleManager: Shutting down and abandoning module TextureFormatDXT (119)
[2017.07.12-20.39.08:445][527]LogModuleManager: Shutting down and abandoning module TextureFormatIntelISPCTexComp (117)
[2017.07.12-20.39.08:445][527]LogModuleManager: Shutting down and abandoning module TextureFormatASTC (115)
[2017.07.12-20.39.08:445][527]LogModuleManager: Shutting down and abandoning module ImageWrapper (114)
[2017.07.12-20.39.08:445][527]LogModuleManager: Shutting down and abandoning module TextureFormatAndroid (111)
[2017.07.12-20.39.08:446][527]LogModuleManager: Shutting down and abandoning module AudioFormatOpus (109)
[2017.07.12-20.39.08:446][527]LogModuleManager: Shutting down and abandoning module AudioFormatOgg (107)
[2017.07.12-20.39.08:446][527]LogModuleManager: Shutting down and abandoning module AudioFormatADPCM (105)
[2017.07.12-20.39.08:446][527]LogModuleManager: Shutting down and abandoning module LinuxTargetPlatform (103)
[2017.07.12-20.39.08:446][527]LogModuleManager: Shutting down and abandoning module LinuxServerTargetPlatform (101)
[2017.07.12-20.39.08:446][527]LogModuleManager: Shutting down and abandoning module LinuxNoEditorTargetPlatform (99)
[2017.07.12-20.39.08:446][527]LogModuleManager: Shutting down and abandoning module LinuxClientTargetPlatform (97)
[2017.07.12-20.39.08:446][527]LogModuleManager: Shutting down and abandoning module TVOSTargetPlatform (95)
[2017.07.12-20.39.08:446][527]LogModuleManager: Shutting down and abandoning module Messaging (93)
[2017.07.12-20.39.08:446][527]LogModuleManager: Shutting down and abandoning module IOSTargetPlatform (91)
[2017.07.12-20.39.08:446][527]LogModuleManager: Shutting down and abandoning module HTML5TargetPlatform (89)
[2017.07.12-20.39.08:446][527]LogModuleManager: Shutting down and abandoning module Android_PVRTCTargetPlatform (87)
[2017.07.12-20.39.08:446][527]LogModuleManager: Shutting down and abandoning module Android_MultiTargetPlatform (85)
[2017.07.12-20.39.08:446][527]LogModuleManager: Shutting down and abandoning module Android_ETC2TargetPlatform (83)
[2017.07.12-20.39.08:446][527]LogModuleManager: Shutting down and abandoning module Android_ETC1TargetPlatform (81)
[2017.07.12-20.39.08:446][527]LogModuleManager: Shutting down and abandoning module Android_DXTTargetPlatform (79)
[2017.07.12-20.39.08:446][527]LogModuleManager: Shutting down and abandoning module Android_ATCTargetPlatform (77)
[2017.07.12-20.39.08:446][527]LogModuleManager: Shutting down and abandoning module Android_ASTCTargetPlatform (75)
[2017.07.12-20.39.08:446][527]LogModuleManager: Shutting down and abandoning module AndroidTargetPlatform (73)
[2017.07.12-20.39.08:446][527]LogModuleManager: Shutting down and abandoning module WindowsTargetPlatform (71)
[2017.07.12-20.39.08:446][527]LogModuleManager: Shutting down and abandoning module WindowsServerTargetPlatform (69)
[2017.07.12-20.39.08:446][527]LogModuleManager: Shutting down and abandoning module WindowsNoEditorTargetPlatform (67)
[2017.07.12-20.39.08:446][527]LogModuleManager: Shutting down and abandoning module WindowsClientTargetPlatform (65)
[2017.07.12-20.39.08:446][527]LogModuleManager: Shutting down and abandoning module MacTargetPlatform (63)
[2017.07.12-20.39.08:446][527]LogModuleManager: Shutting down and abandoning module MacServerTargetPlatform (61)
[2017.07.12-20.39.08:446][527]LogModuleManager: Shutting down and abandoning module MacNoEditorTargetPlatform (59)
[2017.07.12-20.39.08:446][527]LogModuleManager: Shutting down and abandoning module MacClientTargetPlatform (57)
[2017.07.12-20.39.08:446][527]LogModuleManager: Shutting down and abandoning module AllDesktopTargetPlatform (55)
[2017.07.12-20.39.08:446][527]LogModuleManager: Shutting down and abandoning module InputCore (52)
[2017.07.12-20.39.08:446][527]LogModuleManager: Shutting down and abandoning module Settings (50)
[2017.07.12-20.39.08:446][527]LogModuleManager: Shutting down and abandoning module OculusRift (48)
[2017.07.12-20.39.08:446][527]LogModuleManager: Shutting down and abandoning module GearVR (46)
[2017.07.12-20.39.08:446][527]LogModuleManager: Shutting down and abandoning module ExampleDeviceProfileSelector (44)
[2017.07.12-20.39.08:446][527]LogModuleManager: Shutting down and abandoning module OnlineBlueprintSupport (42)
[2017.07.12-20.39.08:446][527]LogModuleManager: Shutting down and abandoning module OnlineSubsystem (38)
[2017.07.12-20.39.08:446][527]LogOnline:Display: Unloading online subsystem: NULL
[2017.07.12-20.39.08:446][527]LogModuleManager: Shutting down and abandoning module XMPP (37)
[2017.07.12-20.39.08:446][527]LogModuleManager: Shutting down and abandoning module HTTP (35)
[2017.07.12-20.39.08:446][527]LogHttp:Display: Http module shutting down, but needs to wait on 1 outstanding Http requests:
[2017.07.12-20.39.08:446][527]LogHttp:Display: 	verb=[POST] url=[https://datarouter.ol.epicgames.com/datarouter/api/v1/public/data?SessionID=%7B8FEB967A-44CB-933A-4F61-219623A8F0FF%7D&AppID=UEEditor.Rocket.Release&AppVersion=4.15.3-3450819%2B%2B%2BUE4%2BRelease-4.15&UserID=cb03359b402e97089a818485821d9df5%7C30b3c2065f7746a783b87946580a22fe%7C1ff1b01f-1d35-47d8-b799-dbda82573b2d&AppEnvironment=datacollector-binary&UploadType=eteventstream] status=Processing
[2017.07.12-20.39.08:450][527]LogModuleManager: Shutting down and abandoning module SSL (34)
[2017.07.12-20.39.08:451][527]LogModuleManager: Shutting down and abandoning module AudioEditor (30)
[2017.07.12-20.39.08:451][527]LogModuleManager: Shutting down and abandoning module TextureCompressor (28)
[2017.07.12-20.39.08:451][527]LogModuleManager: Shutting down and abandoning module ShaderCore (26)
[2017.07.12-20.39.08:451][527]LogModuleManager: Shutting down and abandoning module Landscape (24)
[2017.07.12-20.39.08:451][527]LogModuleManager: Shutting down and abandoning module SlateRHIRenderer (22)
[2017.07.12-20.39.08:454][527]LogModuleManager: Shutting down and abandoning module OpenGLDrv (20)
[2017.07.12-20.39.08:454][527]LogModuleManager: Shutting down and abandoning module D3D11RHI (18)
[2017.07.12-20.39.08:454][527]LogModuleManager: Shutting down and abandoning module AnimGraphRuntime (16)
[2017.07.12-20.39.08:454][527]LogModuleManager: Shutting down and abandoning module Renderer (14)
[2017.07.12-20.39.08:454][527]LogModuleManager: Shutting down and abandoning module Engine (12)
[2017.07.12-20.39.08:454][527]LogModuleManager: Shutting down and abandoning module CoreUObject (10)
[2017.07.12-20.39.08:454][527]LogModuleManager: Shutting down and abandoning module NetworkFile (8)
[2017.07.12-20.39.08:454][527]LogModuleManager: Shutting down and abandoning module StreamingFile (6)
[2017.07.12-20.39.08:454][527]LogModuleManager: Shutting down and abandoning module SandboxFile (4)
[2017.07.12-20.39.08:454][527]LogModuleManager: Shutting down and abandoning module PakFile (2)
[2017.07.12-20.39.08:456][527]LogExit: Exiting.
[2017.07.12-20.39.08:465][527]Log file closed, 07/12/17 16:39:08
