Log file open, 07/12/17 18:18:21
LogInit:Display: Running engine for game: Programming
LogPlatformFile: Not using cached read wrapper
LogInit:Display: RandInit(-990122692) SRandInit(-990122692).
LogTaskGraph: Started task graph with 5 named threads and 8 total threads with 1 sets of task threads.
LogStats: Stats thread started at 0.088914
LogInit: Using libcurl 7.47.1
LogInit:  - built for x86_64-pc-win32
LogInit:  - supports SSL with OpenSSL/1.0.2g
LogInit:  - supports HTTP deflate (compression) using libz 1.2.8
LogInit:  - other features:
LogInit:      CURL_VERSION_SSL
LogInit:      CURL_VERSION_LIBZ
LogInit:      CURL_VERSION_IPV6
LogInit:      CURL_VERSION_ASYNCHDNS
LogInit:      CURL_VERSION_LARGEFILE
LogInit:      CURL_VERSION_IDN
LogInit:  CurlRequestOptions (configurable via config and command line):
LogInit:  - bVerifyPeer = false  - Libcurl will NOT verify peer certificate
LogInit:  - bUseHttpProxy = false  - Libcurl will NOT use HTTP proxy
LogInit:  - bDontReuseConnections = false  - Libcurl will reuse connections
LogInit:  - CertBundlePath = nullptr  - Libcurl will use whatever was configured at build time.
LogInit: Build: ++UE4+Release-4.15-CL-3450819
LogInit: Engine Version: 4.15.3-3450819+++UE4+Release-4.15
LogInit: Compatible Engine Version: 4.15.0-3299760+++UE4+Release-4.15
LogInit: Net CL: 3299760
LogDevObjectVersion: Number of dev versions registered: 14
LogDevObjectVersion:   Dev-Blueprints (B0D832E4-1F89-4F0D-ACCF-7EB736FD4AA2): 8
LogDevObjectVersion:   Dev-Build (E1C64328-A22C-4D53-A36C-8E866417BD8C): 0
LogDevObjectVersion:   Dev-Core (375EC13C-06E4-48FB-B500-84F0262A717E): 2
LogDevObjectVersion:   Dev-Editor (E4B068ED-F494-42E9-A231-DA0B2E46BB41): 14
LogDevObjectVersion:   Dev-Framework (CFFC743F-43B0-4480-9391-14DF171D2073): 22
LogDevObjectVersion:   Dev-Mobile (B02B49B5-BB20-44E9-A304-32B752E40360): 0
LogDevObjectVersion:   Dev-Networking (A4E4105C-59A1-49B5-A7C5-40C4547EDFEE): 0
LogDevObjectVersion:   Dev-Online (39C831C9-5AE6-47DC-9A44-9C173E1C8E7C): 0
LogDevObjectVersion:   Dev-Physics (78F01B33-EBEA-4F98-B9B4-84EACCB95AA2): 0
LogDevObjectVersion:   Dev-Platform (6631380F-2D4D-43E0-8009-CF276956A95A): 0
LogDevObjectVersion:   Dev-Rendering (12F88B9F-8875-4AFC-A67C-D90C383ABD29): 12
LogDevObjectVersion:   Dev-Sequencer (7B5AE74C-D270-4C10-A958-57980B212A5A): 3
LogDevObjectVersion:   Dev-VR (D7296918-1DD6-4BDD-9DE2-64A83CC13884): 0
LogDevObjectVersion:   Dev-LoadTimes (C2A15278-BFE7-4AFE-6C17-90FF531DF755): 1
LogInit: Compiled (64-bit): May 21 2017 11:02:34
LogInit: Compiled with Visual C++: 19.00.23026.00
LogInit: Build Configuration: Development
LogInit: Branch Name: ++UE4+Release-4.15
LogInit: Command line:  
LogInit: Base directory: C:/Program Files/Epic Games/UE_4.15/Engine/Binaries/Win64/
LogInit: Installed Engine Build: 1
LogInit: Presizing for max 8388607 objects, including 0 objects not considered by GC, pre-allocating 0 bytes for permanent pool.
LogInit: Object subsystem initialized
[2017.07.12-22.18.22:465][  0]LogInit: Selected Device Profile: [Windows]
[2017.07.12-22.18.22:465][  0]LogInit: Applying CVar settings loaded from the selected device profile: [Windows]
[2017.07.12-22.18.22:474][  0]LogInit: Computer: EGDWS_MA_27
[2017.07.12-22.18.22:474][  0]LogInit: User: Camper
[2017.07.12-22.18.22:474][  0]LogInit: CPU Page size=65536, Cores=4
[2017.07.12-22.18.22:474][  0]LogInit: High frequency timer resolution =2.338348 MHz
[2017.07.12-22.18.22:474][  0]LogMemory: Memory total: Physical=15.6GB (16GB approx)
[2017.07.12-22.18.22:474][  0]LogMemory: Platform Memory Stats for Windows
[2017.07.12-22.18.22:474][  0]LogMemory: Process Physical Memory: 263.17 MB used, 263.17 MB peak
[2017.07.12-22.18.22:474][  0]LogMemory: Process Virtual Memory: 262.62 MB used, 262.62 MB peak
[2017.07.12-22.18.22:474][  0]LogMemory: Physical Memory: 3005.04 MB used,  13004.18 MB free, 16009.22 MB total
[2017.07.12-22.18.22:474][  0]LogMemory: Virtual Memory: 630.80 MB used,  13004.18 MB free, 134217728.00 MB total
[2017.07.12-22.18.22:569][  0]LogTextLocalizationManager: No specific translations for ('en-US') exist, so ('en') translations will be used.
[2017.07.12-22.18.23:300][  0]LogD3D11RHI: D3D11 adapters:
[2017.07.12-22.18.23:331][  0]LogD3D11RHI:    0. 'NVIDIA Quadro K1100M   ' (Feature Level 11_0)
[2017.07.12-22.18.23:331][  0]LogD3D11RHI:       1992/0/8004 MB DedicatedVideo/DedicatedSystem/SharedSystem, Outputs:1, VendorId:0x10de
[2017.07.12-22.18.23:338][  0]LogD3D11RHI:    1. 'Intel(R) HD Graphics 4600' (Feature Level 11_0)
[2017.07.12-22.18.23:338][  0]LogD3D11RHI:       112/0/2048 MB DedicatedVideo/DedicatedSystem/SharedSystem, Outputs:0, VendorId:0x8086
[2017.07.12-22.18.23:340][  0]LogD3D11RHI:    2. 'Microsoft Basic Render Driver' (Feature Level 11_0)
[2017.07.12-22.18.23:340][  0]LogD3D11RHI:       0/0/8004 MB DedicatedVideo/DedicatedSystem/SharedSystem, Outputs:0, VendorId:0x1414
[2017.07.12-22.18.23:340][  0]LogD3D11RHI: Chosen D3D11 Adapter: 0
[2017.07.12-22.18.23:344][  0]LogD3D11RHI: Creating new Direct3DDevice
[2017.07.12-22.18.23:344][  0]LogD3D11RHI:     GPU DeviceId: 0xff6 (for the marketing name, search the web for "GPU Device Id")
[2017.07.12-22.18.23:344][  0]LogWindows: EnumDisplayDevices:
[2017.07.12-22.18.23:344][  0]LogWindows:    0. 'Intel(R) HD Graphics 4600' (P:1 D:1)
[2017.07.12-22.18.23:344][  0]LogWindows:    1. 'Intel(R) HD Graphics 4600' (P:0 D:0)
[2017.07.12-22.18.23:345][  0]LogWindows:    2. 'Intel(R) HD Graphics 4600' (P:0 D:0)
[2017.07.12-22.18.23:345][  0]LogWindows: DebugString: PrimaryIsNotTheChoosenAdapter PrimaryIsNotTheChoosenAdapter PrimaryIsNotTheChoosenAdapter FoundDriverCount:0 
[2017.07.12-22.18.23:345][  0]LogD3D11RHI:     Adapter Name: NVIDIA Quadro K1100M   
[2017.07.12-22.18.23:345][  0]LogD3D11RHI:   Driver Version: Unknown (internal:Unknown, unified:Unknown)
[2017.07.12-22.18.23:345][  0]LogD3D11RHI:      Driver Date: Unknown
[2017.07.12-22.18.23:345][  0]LogRHI: Texture pool is 1361 MB (70% of 1945 MB)
[2017.07.12-22.18.23:360][  0]LogD3D11RHI:Warning: Timestamp queries are currently disabled on this hardware due to instability. Realtime GPU stats will not be available. You can override this behaviour by setting r.NVIDIATimestampWorkaround to 0
[2017.07.12-22.18.23:474][  0]LogD3D11RHI: NvAPI_D3D_GetCurrentSLIState failed: 0xfffffff7
[2017.07.12-22.18.23:474][  0]LogD3D11RHI: Async texture creation enabled
[2017.07.12-22.18.23:493][  0]LogD3D11RHI: GPU Timing Frequency: 1000.000000 (Debug: 2 2)
[2017.07.12-22.18.23:493][  0]LogShaderCompilers: Guid format shader working directory is -21 characters bigger than the processId version (../../../../../../Users/Camper/Documents/Unreal Projects/Programming/Intermediate/Shaders/WorkingDirectory/6040/).
[2017.07.12-22.18.23:493][  0]LogShaderCompilers: Cleaned the shader compiler working directory 'C:/Users/Camper/AppData/Local/Temp/UnrealShaderWorkingDir/186AB2DA4210CA22F199DDAB7387923F/'.
[2017.07.12-22.18.23:493][  0]LogShaderCompilers:Display: Using Local Shader Compiler.
[2017.07.12-22.18.24:709][  0]LogTemp:Display: Loaded TP AllDesktopTargetPlatform
[2017.07.12-22.18.24:783][  0]LogTemp:Display: Loaded TP MacClientTargetPlatform
[2017.07.12-22.18.24:855][  0]LogTemp:Display: Loaded TP MacNoEditorTargetPlatform
[2017.07.12-22.18.24:927][  0]LogTemp:Display: Loaded TP MacServerTargetPlatform
[2017.07.12-22.18.24:998][  0]LogTemp:Display: Loaded TP MacTargetPlatform
[2017.07.12-22.18.25:071][  0]LogTemp:Display: Loaded TP WindowsClientTargetPlatform
[2017.07.12-22.18.25:146][  0]LogTemp:Display: Loaded TP WindowsNoEditorTargetPlatform
[2017.07.12-22.18.25:218][  0]LogTemp:Display: Loaded TP WindowsServerTargetPlatform
[2017.07.12-22.18.25:280][  0]LogTemp:Display: Loaded TP WindowsTargetPlatform
[2017.07.12-22.18.25:351][  0]LogTemp:Display: Loaded TP AndroidTargetPlatform
[2017.07.12-22.18.25:422][  0]LogTemp:Display: Loaded TP Android_ASTCTargetPlatform
[2017.07.12-22.18.25:491][  0]LogTemp:Display: Loaded TP Android_ATCTargetPlatform
[2017.07.12-22.18.25:561][  0]LogTemp:Display: Loaded TP Android_DXTTargetPlatform
[2017.07.12-22.18.25:633][  0]LogTemp:Display: Loaded TP Android_ETC1TargetPlatform
[2017.07.12-22.18.25:704][  0]LogTemp:Display: Loaded TP Android_ETC2TargetPlatform
[2017.07.12-22.18.25:844][  0]LogTemp:Display: Loaded TP Android_MultiTargetPlatform
[2017.07.12-22.18.25:844][  0]LogTemp:Display: Loaded TP Android_PVRTCTargetPlatform
[2017.07.12-22.18.25:896][  0]LogTemp:Display: Loaded TP HTML5TargetPlatform
[2017.07.12-22.18.26:017][  0]LogTemp:Display: Loaded TP IOSTargetPlatform
[2017.07.12-22.18.26:059][  0]LogTemp:Display: Loaded TP TVOSTargetPlatform
[2017.07.12-22.18.26:131][  0]LogTemp:Display: Loaded TP LinuxClientTargetPlatform
[2017.07.12-22.18.26:200][  0]LogTemp:Display: Loaded TP LinuxNoEditorTargetPlatform
[2017.07.12-22.18.26:272][  0]LogTemp:Display: Loaded TP LinuxServerTargetPlatform
[2017.07.12-22.18.26:347][  0]LogTemp:Display: Loaded TP LinuxTargetPlatform
[2017.07.12-22.18.26:347][  0]LogTargetPlatformManager:Display: Building Assets For Windows
[2017.07.12-22.18.26:924][  0]LogDerivedDataCache:Display: Max Cache Size: 512 MB
[2017.07.12-22.18.26:980][  0]LogDerivedDataCache: Loaded boot cache 0.06s 50MB C:/Users/Camper/AppData/Local/UnrealEngine/4.15/DerivedDataCache/Boot.ddc.
[2017.07.12-22.18.26:980][  0]LogDerivedDataCache:Display: Loaded Boot cache: C:/Users/Camper/AppData/Local/UnrealEngine/4.15/DerivedDataCache/Boot.ddc
[2017.07.12-22.18.26:980][  0]LogDerivedDataCache: FDerivedDataBackendGraph:  Pak pak cache file ../../../../../../Users/Camper/Documents/Unreal Projects/Programming/DerivedDataCache/DDC.ddp not found, will not use a pak cache.
[2017.07.12-22.18.26:980][  0]LogDerivedDataCache: Unable to find inner node Pak for hierarchical cache Hierarchy.
[2017.07.12-22.18.26:980][  0]LogDerivedDataCache: FDerivedDataBackendGraph:  CompressedPak pak cache file ../../../../../../Users/Camper/Documents/Unreal Projects/Programming/DerivedDataCache/Compressed.ddp not found, will not use a pak cache.
[2017.07.12-22.18.26:980][  0]LogDerivedDataCache: Unable to find inner node CompressedPak for hierarchical cache Hierarchy.
[2017.07.12-22.18.27:000][  0]LogDerivedDataCache:Display: Pak cache opened for reading ../../../Engine/DerivedDataCache/Compressed.ddp.
[2017.07.12-22.18.27:013][  0]LogDerivedDataCache: Using Local data cache path C:/Users/Camper/AppData/Local/UnrealEngine/Common/DerivedDataCache: Writable
[2017.07.12-22.18.27:023][  0]LogSlate: Using Freetype 2.6.0
[2017.07.12-22.18.27:024][  0]LogSlate: SlateFontCache - WITH_FREETYPE: 1, WITH_HARFBUZZ: 1
[2017.07.12-22.18.27:024][  0]LogSlate: SlateFontCache - WITH_FREETYPE: 1, WITH_HARFBUZZ: 1
[2017.07.12-22.18.27:374][  0]LogInit: Selected Device Profile: [Windows]
[2017.07.12-22.18.27:376][  0]LogContentStreaming: Texture pool size is 0.00 MB
[2017.07.12-22.18.27:633][  0]LogMeshUtilities: Using QuadricMeshReduction for automatic static mesh reduction
[2017.07.12-22.18.27:702][  0]LogSimplygon: Simplygon DLL not present - disabling.
[2017.07.12-22.18.27:779][  0]LogMeshUtilities: Using SimplygonSwarm for distributed automatic mesh merging
[2017.07.12-22.18.27:779][  0]LogMeshUtilities: No automatic skeletal mesh reduction module available
[2017.07.12-22.18.27:779][  0]LogMeshUtilities: No automatic mesh merging module available
[2017.07.12-22.18.28:414][  0]LogNetVersion: GetLocalNetworkVersion: CL: 3299760, ProjectName: programming, ProjectVersion: , EngineNetworkVersion: 2, GameNetworkVersion: 0, NetworkChecksum: 1529672182
[2017.07.12-22.18.28:466][  0]LogAssetRegistry: FAssetRegistry took 0.0224 seconds to start up
[2017.07.12-22.18.28:535][  0]LogPackageLocalizationCache: Processed 3 localized package path(s) for 2 prioritized culture(s) in 0.036158 seconds
[2017.07.12-22.18.28:544][  0]LogUObjectArray: 32493 objects as part of root set at end of initial load.
[2017.07.12-22.18.28:544][  0]LogUObjectAllocator: 7077024 out of 0 bytes used by permanent object pool.
[2017.07.12-22.18.28:544][  0]LogUObjectArray: CloseDisregardForGC: 0/0 objects in disregard for GC pool
[2017.07.12-22.18.28:626][  0]LogInit: WinSock: version 1.1 (2.2), MaxSocks=32767, MaxUdp=65467
[2017.07.12-22.18.30:801][  0]LogTcpMessaging: Initializing TcpMessaging bridge
[2017.07.12-22.18.30:852][  0]LogUdpMessaging: Initializing bridge on interface 0.0.0.0:0 to multicast group 230.0.0.1:6666.
[2017.07.12-22.18.31:477][  0]LogMaterial: Uniform references updated for custom material expression Custom.
[2017.07.12-22.18.32:018][  0]SourceControl: Info Source control is disabled
[2017.07.12-22.18.32:018][  0]SourceControl: Info Source control is disabled
[2017.07.12-22.18.32:089][  0]SourceControl: Info Source control is disabled
[2017.07.12-22.18.32:156][  0]SourceControl: Info Source control is disabled
[2017.07.12-22.18.32:581][  0]LogLinker:Warning: Can't find file '/Game/VehicleAdvBP/AdvancedVehicleOverview'
[2017.07.12-22.18.32:581][  0]LogLinker:Warning: Can't find file '/Game/VehicleAdvBP/AdvancedVehicleOverview'
[2017.07.12-22.18.32:581][  0]LogUObjectGlobals:Warning: Failed to find object 'Class /Game/VehicleAdvBP/AdvancedVehicleOverview.AdvancedVehicleOverview_C'
[2017.07.12-22.18.33:932][  0]LogEngine: Initializing Engine...
[2017.07.12-22.18.33:933][  0]LogHMD: Failed to initialize OpenVR with code 110
[2017.07.12-22.18.34:052][  0]LogStats: UGameplayTagsManager::ConstructGameplayTagTree: Construct from data asset -  0.000 s
[2017.07.12-22.18.34:052][  0]LogStats: UGameplayTagsManager::ConstructGameplayTagTree: GameplayTagTreeChangedEvent.Broadcast -  0.000 s
[2017.07.12-22.18.34:218][  0]LogAIModule: Creating AISystem for world Untitled
[2017.07.12-22.18.34:225][  0]LogInit: XAudio2 using 'Speaker/HP (Realtek High Definition Audio)' : 2 channels at 48 kHz using 32 bits per sample (channel mask 0x3)
[2017.07.12-22.18.34:291][  0]LogInit: FAudioDevice initialized.
[2017.07.12-22.18.34:321][  0]LogDerivedDataCache: Saved boot cache 0.03s 50MB C:/Users/Camper/AppData/Local/UnrealEngine/4.15/DerivedDataCache/Boot.ddc.
[2017.07.12-22.18.34:327][  0]LogInit: Texture streaming: Enabled
[2017.07.12-22.18.34:446][  0]LogEngineSessionManager: EngineSessionManager initialized
[2017.07.12-22.18.34:565][  0]LogInit: Transaction tracking system initialized
[2017.07.12-22.18.35:040][  0]BlueprintLog: New page: Editor Load
[2017.07.12-22.18.36:265][  0]LocalizationService: Info Localization service is disabled
[2017.07.12-22.18.37:190][  0]LogConsoleResponse:Display: 
[2017.07.12-22.18.37:345][  0]LogCook:Display: Max memory allowance for cook 16384mb min free memory 0mb
[2017.07.12-22.18.37:345][  0]LogCook:Display: Mobile HDR setting 1
[2017.07.12-22.18.38:739][  0]LogFileCache: Scanning file cache for directory 'C:/Users/Camper/Documents/Unreal Projects/Programming/Content/' took 0.02s
[2017.07.12-22.18.38:800][  0]SourceControl: Info Source control is disabled
[2017.07.12-22.18.38:800][  0]Cmd: MAP LOAD FILE="../../../../../../Users/Camper/Documents/Unreal Projects/Programming/Content/ThirdPersonBP/Maps/ThirdPersonExampleMap.umap" TEMPLATE=0 SHOWPROGRESS=1 FEATURELEVEL=3
[2017.07.12-22.18.38:801][  0]LightingResults: New page: Lighting Build
[2017.07.12-22.18.38:858][  0]MapCheck: New page: Map Check
[2017.07.12-22.18.38:858][  0]LightingResults: New page: Lighting Build
[2017.07.12-22.18.39:309][  0]LogAIModule: Creating AISystem for world ThirdPersonExampleMap
[2017.07.12-22.18.39:339][  0]LogEditorServer: Finished looking for orphan Actors (0.000 secs)
[2017.07.12-22.18.39:340][  0]Cmd: MAP CHECKDEP NOCLEARLOG
[2017.07.12-22.18.39:431][  0]MapCheck: Info Map check complete: 0 Error(s), 0 Warning(s), took 91.319ms to complete.
[2017.07.12-22.18.39:431][  0]LogFileHelpers: Loading map 'ThirdPersonExampleMap' took 0.631
[2017.07.12-22.18.39:487][  0]LogWindowsTextInputMethodSystem:Display: IME system now deactivated.
[2017.07.12-22.18.39:621][  0]LogCollectionManager: Loaded 0 collections in 0.002629 seconds
[2017.07.12-22.18.39:716][  0]LogFileCache: Scanning file cache for directory 'C:/Users/Camper/Documents/Unreal Projects/Programming/Saved/Collections/' took 0.01s
[2017.07.12-22.18.39:716][  0]LogFileCache: Scanning file cache for directory 'C:/Users/Camper/Documents/Unreal Projects/Programming/Content/Developers/Camper/Collections/' took 0.01s
[2017.07.12-22.18.39:716][  0]LogFileCache: Scanning file cache for directory 'C:/Users/Camper/Documents/Unreal Projects/Programming/Content/Collections/' took 0.01s
[2017.07.12-22.18.39:716][  0]LogCollectionManager: Rebuilt the GUID cache for 0 collections in 0.000002 seconds
[2017.07.12-22.18.39:726][  0]LogContentBrowser: Native class hierarchy populated in 0.0094 seconds. Added 2245 classes and 453 folders.
[2017.07.12-22.18.39:813][  0]LogContentBrowser: Native class hierarchy updated for 'WidgetCarousel' in 0.0005 seconds. Added 0 classes and 0 folders.
[2017.07.12-22.18.39:878][  0]LogContentBrowser: Native class hierarchy updated for 'AddContentDialog' in 0.0006 seconds. Added 0 classes and 0 folders.
[2017.07.12-22.18.39:939][  0]LogContentBrowser: Native class hierarchy updated for 'SceneOutliner' in 0.0006 seconds. Added 1 classes and 2 folders.
[2017.07.12-22.18.39:995][  0]LogCrashTracker: Crashtracker disabled due to settings.
[2017.07.12-22.18.40:001][  0]LogUObjectGlobals:Warning: Failed to find object 'Class None.'
[2017.07.12-22.18.40:089][  0]LogContentBrowser: Native class hierarchy updated for 'HierarchicalLODOutliner' in 0.0007 seconds. Added 1 classes and 2 folders.
[2017.07.12-22.18.40:089][  0]LogLoad: (Engine Initialization) Total time: 19.98 seconds
[2017.07.12-22.18.40:089][  0]LogLoad: (Engine Initialization) Total Blueprint compile time: 0.18 seconds
[2017.07.12-22.18.40:089][  0]LogExternalProfiler: No external profilers were discovered.  External profiling features will not be available.
[2017.07.12-22.18.40:107][  0]LogOcInput: OculusInput pre-init called
[2017.07.12-22.18.40:133][  0]LogContentStreaming: Texture pool size now 1000 MB
[2017.07.12-22.18.40:134][  0]LogSlate: Took 0.000333 seconds to synchronously load lazily loaded font '../../../Engine/Content/Slate/Fonts/Roboto-Regular.ttf' (155K)
[2017.07.12-22.18.40:138][  0]LogSlate: Took 0.000343 seconds to synchronously load lazily loaded font '../../../Engine/Content/Slate/Fonts/Roboto-Bold.ttf' (160K)
[2017.07.12-22.18.40:145][  0]LogSlate: Took 0.000365 seconds to synchronously load lazily loaded font '../../../Engine/Content/Editor/Slate/Fonts/FontAwesome.ttf' (139K)
[2017.07.12-22.18.40:252][  0]LogSlate: Took 0.000458 seconds to synchronously load lazily loaded font '../../../Engine/Content/Slate/Fonts/Roboto-Light.ttf' (159K)
[2017.07.12-22.18.40:299][  0]LogRenderer: Reallocating scene render targets to support 1216x576 NumSamples 1 (Frame:2).
[2017.07.12-22.18.40:499][  1]LogAssetRegistry: Asset discovery search completed in 12.0547 seconds
[2017.07.12-22.18.40:499][  1]LogCollectionManager: Rebuilt the object cache for 0 collections in 0.000011 seconds (found 0 objects)
[2017.07.12-22.18.40:499][  1]LogCollectionManager: Fixed up redirectors for 0 collections in 0.000028 seconds (updated 0 objects)
[2017.07.12-22.18.45:782][190]LogTemp: Repeting last play command: Selected Viewport
[2017.07.12-22.18.45:792][190]LogTemp: Repeting last play command: Selected Viewport
[2017.07.12-22.18.45:805][190]LogBlueprintUserMessages: Early PlayInEditor Detection: Level '/Game/ThirdPersonBP/Maps/ThirdPersonExampleMap.ThirdPersonExampleMap:PersistentLevel' has LevelScriptBlueprint '/Game/ThirdPersonBP/Maps/ThirdPersonExampleMap.ThirdPersonExampleMap:PersistentLevel.ThirdPersonExampleMap' with GeneratedClass '/Game/ThirdPersonBP/Maps/ThirdPersonExampleMap.ThirdPersonExampleMap_C' with ClassGeneratedBy '/Game/ThirdPersonBP/Maps/ThirdPersonExampleMap.ThirdPersonExampleMap:PersistentLevel.ThirdPersonExampleMap'
[2017.07.12-22.18.45:805][190]LogPlayLevel: PlayLevel: No blueprints needed recompiling
[2017.07.12-22.18.45:805][190]PIE: New page: PIE session: ThirdPersonExampleMap (Jul 12, 2017, 2:18:45 PM)
[2017.07.12-22.18.45:805][190]LogPlayLevel: Creating play world package: /Game/ThirdPersonBP/Maps/UEDPIE_0_ThirdPersonExampleMap
[2017.07.12-22.18.45:835][190]LogPlayLevel: PIE: StaticDuplicateObject took: (0.029671s)
[2017.07.12-22.18.45:836][190]LogAIModule: Creating AISystem for world ThirdPersonExampleMap
[2017.07.12-22.18.45:836][190]LogPlayLevel: PIE: World Init took: (0.001358s)
[2017.07.12-22.18.45:837][190]LogPlayLevel: PIE: Created PIE world by copying editor world from /Game/ThirdPersonBP/Maps/ThirdPersonExampleMap.ThirdPersonExampleMap to /Game/ThirdPersonBP/Maps/UEDPIE_0_ThirdPersonExampleMap.ThirdPersonExampleMap (0.031386s)
[2017.07.12-22.18.45:855][190]LogInit: XAudio2 using 'Speaker/HP (Realtek High Definition Audio)' : 2 channels at 48 kHz using 32 bits per sample (channel mask 0x3)
[2017.07.12-22.18.45:866][190]LogInit: FAudioDevice initialized.
[2017.07.12-22.18.45:918][190]LogLoad: Game class is 'ThirdPersonGameMode_C'
[2017.07.12-22.18.45:922][190]LogWorld: Bringing World /Game/ThirdPersonBP/Maps/UEDPIE_0_ThirdPersonExampleMap.ThirdPersonExampleMap up for play (max tick rate 60) at 2017.07.12-18.18.45
[2017.07.12-22.18.45:922][190]LogWorld: Bringing up level for play took: 0.002446
[2017.07.12-22.18.45:978][190]LogContentBrowser: Native class hierarchy updated for 'MovieSceneCapture' in 0.0007 seconds. Added 11 classes and 0 folders.
[2017.07.12-22.18.45:979][190]PIE: Info Play in editor start time for /Game/ThirdPersonBP/Maps/UEDPIE_0_ThirdPersonExampleMap 1.041
[2017.07.12-22.18.45:979][190]LogBlueprintUserMessages: Late PlayInEditor Detection: Level '/Game/ThirdPersonBP/Maps/ThirdPersonExampleMap.ThirdPersonExampleMap:PersistentLevel' has LevelScriptBlueprint '/Game/ThirdPersonBP/Maps/ThirdPersonExampleMap.ThirdPersonExampleMap:PersistentLevel.ThirdPersonExampleMap' with GeneratedClass '/Game/ThirdPersonBP/Maps/ThirdPersonExampleMap.ThirdPersonExampleMap_C' with ClassGeneratedBy '/Game/ThirdPersonBP/Maps/ThirdPersonExampleMap.ThirdPersonExampleMap:PersistentLevel.ThirdPersonExampleMap'
[2017.07.12-22.20.10:805][431]LogBlueprintUserMessages: Early EndPlayMap Detection: Level '/Game/ThirdPersonBP/Maps/ThirdPersonExampleMap.ThirdPersonExampleMap:PersistentLevel' has LevelScriptBlueprint '/Game/ThirdPersonBP/Maps/ThirdPersonExampleMap.ThirdPersonExampleMap:PersistentLevel.ThirdPersonExampleMap' with GeneratedClass '/Game/ThirdPersonBP/Maps/ThirdPersonExampleMap.ThirdPersonExampleMap_C' with ClassGeneratedBy '/Game/ThirdPersonBP/Maps/ThirdPersonExampleMap.ThirdPersonExampleMap:PersistentLevel.ThirdPersonExampleMap'
[2017.07.12-22.20.10:871][431]LogBlueprintUserMessages: Late EndPlayMap Detection: Level '/Game/ThirdPersonBP/Maps/ThirdPersonExampleMap.ThirdPersonExampleMap:PersistentLevel' has LevelScriptBlueprint '/Game/ThirdPersonBP/Maps/ThirdPersonExampleMap.ThirdPersonExampleMap:PersistentLevel.ThirdPersonExampleMap' with GeneratedClass '/Game/ThirdPersonBP/Maps/ThirdPersonExampleMap.ThirdPersonExampleMap_C' with ClassGeneratedBy '/Game/ThirdPersonBP/Maps/ThirdPersonExampleMap.ThirdPersonExampleMap:PersistentLevel.ThirdPersonExampleMap'
[2017.07.12-22.21.21:816][954]LogTemp: Repeting last play command: Selected Viewport
[2017.07.12-22.21.21:827][954]LogBlueprintUserMessages: Early PlayInEditor Detection: Level '/Game/ThirdPersonBP/Maps/ThirdPersonExampleMap.ThirdPersonExampleMap:PersistentLevel' has LevelScriptBlueprint '/Game/ThirdPersonBP/Maps/ThirdPersonExampleMap.ThirdPersonExampleMap:PersistentLevel.ThirdPersonExampleMap' with GeneratedClass '/Game/ThirdPersonBP/Maps/ThirdPersonExampleMap.ThirdPersonExampleMap_C' with ClassGeneratedBy '/Game/ThirdPersonBP/Maps/ThirdPersonExampleMap.ThirdPersonExampleMap:PersistentLevel.ThirdPersonExampleMap'
[2017.07.12-22.21.21:827][954]LogPlayLevel: PlayLevel: No blueprints needed recompiling
[2017.07.12-22.21.21:827][954]PIE: New page: PIE session: ThirdPersonExampleMap (Jul 12, 2017, 2:21:21 PM)
[2017.07.12-22.21.21:827][954]LogPlayLevel: Creating play world package: /Game/ThirdPersonBP/Maps/UEDPIE_0_ThirdPersonExampleMap
[2017.07.12-22.21.21:852][954]LogPlayLevel: PIE: StaticDuplicateObject took: (0.024899s)
[2017.07.12-22.21.21:853][954]LogAIModule: Creating AISystem for world ThirdPersonExampleMap
[2017.07.12-22.21.21:853][954]LogPlayLevel: PIE: World Init took: (0.001504s)
[2017.07.12-22.21.21:854][954]LogPlayLevel: PIE: Created PIE world by copying editor world from /Game/ThirdPersonBP/Maps/ThirdPersonExampleMap.ThirdPersonExampleMap to /Game/ThirdPersonBP/Maps/UEDPIE_0_ThirdPersonExampleMap.ThirdPersonExampleMap (0.026783s)
[2017.07.12-22.21.21:870][954]LogInit: XAudio2 using 'Speaker/HP (Realtek High Definition Audio)' : 2 channels at 48 kHz using 32 bits per sample (channel mask 0x3)
[2017.07.12-22.21.21:881][954]LogInit: FAudioDevice initialized.
[2017.07.12-22.21.21:917][954]LogLoad: Game class is 'ThirdPersonGameMode_C'
[2017.07.12-22.21.21:920][954]LogWorld: Bringing World /Game/ThirdPersonBP/Maps/UEDPIE_0_ThirdPersonExampleMap.ThirdPersonExampleMap up for play (max tick rate 60) at 2017.07.12-18.21.21
[2017.07.12-22.21.21:920][954]LogWorld: Bringing up level for play took: 0.002595
[2017.07.12-22.21.21:921][954]PIE: Info Play in editor start time for /Game/ThirdPersonBP/Maps/UEDPIE_0_ThirdPersonExampleMap 0.984
[2017.07.12-22.21.21:922][954]LogBlueprintUserMessages: Late PlayInEditor Detection: Level '/Game/ThirdPersonBP/Maps/ThirdPersonExampleMap.ThirdPersonExampleMap:PersistentLevel' has LevelScriptBlueprint '/Game/ThirdPersonBP/Maps/ThirdPersonExampleMap.ThirdPersonExampleMap:PersistentLevel.ThirdPersonExampleMap' with GeneratedClass '/Game/ThirdPersonBP/Maps/ThirdPersonExampleMap.ThirdPersonExampleMap_C' with ClassGeneratedBy '/Game/ThirdPersonBP/Maps/ThirdPersonExampleMap.ThirdPersonExampleMap:PersistentLevel.ThirdPersonExampleMap'
[2017.07.12-22.22.30:089][652]LogBlueprintUserMessages: Early EndPlayMap Detection: Level '/Game/ThirdPersonBP/Maps/ThirdPersonExampleMap.ThirdPersonExampleMap:PersistentLevel' has LevelScriptBlueprint '/Game/ThirdPersonBP/Maps/ThirdPersonExampleMap.ThirdPersonExampleMap:PersistentLevel.ThirdPersonExampleMap' with GeneratedClass '/Game/ThirdPersonBP/Maps/ThirdPersonExampleMap.ThirdPersonExampleMap_C' with ClassGeneratedBy '/Game/ThirdPersonBP/Maps/ThirdPersonExampleMap.ThirdPersonExampleMap:PersistentLevel.ThirdPersonExampleMap'
[2017.07.12-22.22.30:144][652]LogBlueprintUserMessages: Late EndPlayMap Detection: Level '/Game/ThirdPersonBP/Maps/ThirdPersonExampleMap.ThirdPersonExampleMap:PersistentLevel' has LevelScriptBlueprint '/Game/ThirdPersonBP/Maps/ThirdPersonExampleMap.ThirdPersonExampleMap:PersistentLevel.ThirdPersonExampleMap' with GeneratedClass '/Game/ThirdPersonBP/Maps/ThirdPersonExampleMap.ThirdPersonExampleMap_C' with ClassGeneratedBy '/Game/ThirdPersonBP/Maps/ThirdPersonExampleMap.ThirdPersonExampleMap:PersistentLevel.ThirdPersonExampleMap'
