Log file open, 07/12/17 17:03:32
LogInit:Display: Running engine for game: Programming
LogPlatformFile: Not using cached read wrapper
LogInit:Display: RandInit(1398140083) SRandInit(1398140083).
LogTaskGraph: Started task graph with 5 named threads and 8 total threads with 1 sets of task threads.
LogStats: Stats thread started at 0.091651
LogInit: Using libcurl 7.47.1
LogInit:  - built for x86_64-pc-win32
LogInit:  - supports SSL with OpenSSL/1.0.2g
LogInit:  - supports HTTP deflate (compression) using libz 1.2.8
LogInit:  - other features:
LogInit:      CURL_VERSION_SSL
LogInit:      CURL_VERSION_LIBZ
LogInit:      CURL_VERSION_IPV6
LogInit:      CURL_VERSION_ASYNCHDNS
LogInit:      CURL_VERSION_LARGEFILE
LogInit:      CURL_VERSION_IDN
LogInit:  CurlRequestOptions (configurable via config and command line):
LogInit:  - bVerifyPeer = false  - Libcurl will NOT verify peer certificate
LogInit:  - bUseHttpProxy = false  - Libcurl will NOT use HTTP proxy
LogInit:  - bDontReuseConnections = false  - Libcurl will reuse connections
LogInit:  - CertBundlePath = nullptr  - Libcurl will use whatever was configured at build time.
LogInit: Build: ++UE4+Release-4.15-CL-3450819
LogInit: Engine Version: 4.15.3-3450819+++UE4+Release-4.15
LogInit: Compatible Engine Version: 4.15.0-3299760+++UE4+Release-4.15
LogInit: Net CL: 3299760
LogDevObjectVersion: Number of dev versions registered: 14
LogDevObjectVersion:   Dev-Blueprints (B0D832E4-1F89-4F0D-ACCF-7EB736FD4AA2): 8
LogDevObjectVersion:   Dev-Build (E1C64328-A22C-4D53-A36C-8E866417BD8C): 0
LogDevObjectVersion:   Dev-Core (375EC13C-06E4-48FB-B500-84F0262A717E): 2
LogDevObjectVersion:   Dev-Editor (E4B068ED-F494-42E9-A231-DA0B2E46BB41): 14
LogDevObjectVersion:   Dev-Framework (CFFC743F-43B0-4480-9391-14DF171D2073): 22
LogDevObjectVersion:   Dev-Mobile (B02B49B5-BB20-44E9-A304-32B752E40360): 0
LogDevObjectVersion:   Dev-Networking (A4E4105C-59A1-49B5-A7C5-40C4547EDFEE): 0
LogDevObjectVersion:   Dev-Online (39C831C9-5AE6-47DC-9A44-9C173E1C8E7C): 0
LogDevObjectVersion:   Dev-Physics (78F01B33-EBEA-4F98-B9B4-84EACCB95AA2): 0
LogDevObjectVersion:   Dev-Platform (6631380F-2D4D-43E0-8009-CF276956A95A): 0
LogDevObjectVersion:   Dev-Rendering (12F88B9F-8875-4AFC-A67C-D90C383ABD29): 12
LogDevObjectVersion:   Dev-Sequencer (7B5AE74C-D270-4C10-A958-57980B212A5A): 3
LogDevObjectVersion:   Dev-VR (D7296918-1DD6-4BDD-9DE2-64A83CC13884): 0
LogDevObjectVersion:   Dev-LoadTimes (C2A15278-BFE7-4AFE-6C17-90FF531DF755): 1
LogInit: Compiled (64-bit): May 21 2017 11:02:34
LogInit: Compiled with Visual C++: 19.00.23026.00
LogInit: Build Configuration: Development
LogInit: Branch Name: ++UE4+Release-4.15
LogInit: Command line: -EpicPortal 
LogInit: Base directory: C:/Program Files/Epic Games/UE_4.15/Engine/Binaries/Win64/
LogInit: Installed Engine Build: 1
LogInit: Presizing for max 8388607 objects, including 0 objects not considered by GC, pre-allocating 0 bytes for permanent pool.
LogInit: Object subsystem initialized
[2017.07.12-21.03.33:736][  0]LogInit: Selected Device Profile: [Windows]
[2017.07.12-21.03.33:736][  0]LogInit: Applying CVar settings loaded from the selected device profile: [Windows]
[2017.07.12-21.03.33:745][  0]LogInit: Computer: EGDWS_MA_27
[2017.07.12-21.03.33:745][  0]LogInit: User: Camper
[2017.07.12-21.03.33:745][  0]LogInit: CPU Page size=65536, Cores=4
[2017.07.12-21.03.33:745][  0]LogInit: High frequency timer resolution =2.338348 MHz
[2017.07.12-21.03.33:745][  0]LogMemory: Memory total: Physical=15.6GB (16GB approx)
[2017.07.12-21.03.33:745][  0]LogMemory: Platform Memory Stats for Windows
[2017.07.12-21.03.33:745][  0]LogMemory: Process Physical Memory: 263.19 MB used, 263.19 MB peak
[2017.07.12-21.03.33:745][  0]LogMemory: Process Virtual Memory: 262.65 MB used, 262.65 MB peak
[2017.07.12-21.03.33:745][  0]LogMemory: Physical Memory: 3495.16 MB used,  12514.06 MB free, 16009.22 MB total
[2017.07.12-21.03.33:745][  0]LogMemory: Virtual Memory: 630.80 MB used,  12514.06 MB free, 134217728.00 MB total
[2017.07.12-21.03.33:831][  0]LogTextLocalizationManager: No specific translations for ('en-US') exist, so ('en') translations will be used.
[2017.07.12-21.03.34:567][  0]LogD3D11RHI: D3D11 adapters:
[2017.07.12-21.03.34:592][  0]LogD3D11RHI:    0. 'NVIDIA Quadro K1100M   ' (Feature Level 11_0)
[2017.07.12-21.03.34:592][  0]LogD3D11RHI:       1992/0/8004 MB DedicatedVideo/DedicatedSystem/SharedSystem, Outputs:1, VendorId:0x10de
[2017.07.12-21.03.34:599][  0]LogD3D11RHI:    1. 'Intel(R) HD Graphics 4600' (Feature Level 11_0)
[2017.07.12-21.03.34:599][  0]LogD3D11RHI:       112/0/2048 MB DedicatedVideo/DedicatedSystem/SharedSystem, Outputs:0, VendorId:0x8086
[2017.07.12-21.03.34:601][  0]LogD3D11RHI:    2. 'Microsoft Basic Render Driver' (Feature Level 11_0)
[2017.07.12-21.03.34:601][  0]LogD3D11RHI:       0/0/8004 MB DedicatedVideo/DedicatedSystem/SharedSystem, Outputs:0, VendorId:0x1414
[2017.07.12-21.03.34:601][  0]LogD3D11RHI: Chosen D3D11 Adapter: 0
[2017.07.12-21.03.34:606][  0]LogD3D11RHI: Creating new Direct3DDevice
[2017.07.12-21.03.34:606][  0]LogD3D11RHI:     GPU DeviceId: 0xff6 (for the marketing name, search the web for "GPU Device Id")
[2017.07.12-21.03.34:606][  0]LogWindows: EnumDisplayDevices:
[2017.07.12-21.03.34:606][  0]LogWindows:    0. 'Intel(R) HD Graphics 4600' (P:1 D:1)
[2017.07.12-21.03.34:606][  0]LogWindows:    1. 'Intel(R) HD Graphics 4600' (P:0 D:0)
[2017.07.12-21.03.34:607][  0]LogWindows:    2. 'Intel(R) HD Graphics 4600' (P:0 D:0)
[2017.07.12-21.03.34:607][  0]LogWindows: DebugString: PrimaryIsNotTheChoosenAdapter PrimaryIsNotTheChoosenAdapter PrimaryIsNotTheChoosenAdapter FoundDriverCount:0 
[2017.07.12-21.03.34:607][  0]LogD3D11RHI:     Adapter Name: NVIDIA Quadro K1100M   
[2017.07.12-21.03.34:607][  0]LogD3D11RHI:   Driver Version: Unknown (internal:Unknown, unified:Unknown)
[2017.07.12-21.03.34:607][  0]LogD3D11RHI:      Driver Date: Unknown
[2017.07.12-21.03.34:607][  0]LogRHI: Texture pool is 1361 MB (70% of 1945 MB)
[2017.07.12-21.03.34:623][  0]LogD3D11RHI:Warning: Timestamp queries are currently disabled on this hardware due to instability. Realtime GPU stats will not be available. You can override this behaviour by setting r.NVIDIATimestampWorkaround to 0
[2017.07.12-21.03.34:627][  0]LogD3D11RHI: NvAPI_D3D_GetCurrentSLIState failed: 0xfffffff7
[2017.07.12-21.03.34:627][  0]LogD3D11RHI: Async texture creation enabled
[2017.07.12-21.03.34:645][  0]LogD3D11RHI: GPU Timing Frequency: 1000.000000 (Debug: 2 2)
[2017.07.12-21.03.34:646][  0]LogShaderCompilers: Guid format shader working directory is -21 characters bigger than the processId version (../../../../../../Users/Camper/Documents/Unreal Projects/Programming/Intermediate/Shaders/WorkingDirectory/9212/).
[2017.07.12-21.03.34:646][  0]LogShaderCompilers: Cleaned the shader compiler working directory 'C:/Users/Camper/AppData/Local/Temp/UnrealShaderWorkingDir/C06570F748F48D50C29EB89F1C18A09B/'.
[2017.07.12-21.03.34:646][  0]LogShaderCompilers:Display: Using Local Shader Compiler.
[2017.07.12-21.03.35:874][  0]LogTemp:Display: Loaded TP AllDesktopTargetPlatform
[2017.07.12-21.03.35:949][  0]LogTemp:Display: Loaded TP MacClientTargetPlatform
[2017.07.12-21.03.36:024][  0]LogTemp:Display: Loaded TP MacNoEditorTargetPlatform
[2017.07.12-21.03.36:099][  0]LogTemp:Display: Loaded TP MacServerTargetPlatform
[2017.07.12-21.03.36:172][  0]LogTemp:Display: Loaded TP MacTargetPlatform
[2017.07.12-21.03.36:245][  0]LogTemp:Display: Loaded TP WindowsClientTargetPlatform
[2017.07.12-21.03.36:325][  0]LogTemp:Display: Loaded TP WindowsNoEditorTargetPlatform
[2017.07.12-21.03.36:396][  0]LogTemp:Display: Loaded TP WindowsServerTargetPlatform
[2017.07.12-21.03.36:462][  0]LogTemp:Display: Loaded TP WindowsTargetPlatform
[2017.07.12-21.03.36:535][  0]LogTemp:Display: Loaded TP AndroidTargetPlatform
[2017.07.12-21.03.36:609][  0]LogTemp:Display: Loaded TP Android_ASTCTargetPlatform
[2017.07.12-21.03.36:681][  0]LogTemp:Display: Loaded TP Android_ATCTargetPlatform
[2017.07.12-21.03.36:759][  0]LogTemp:Display: Loaded TP Android_DXTTargetPlatform
[2017.07.12-21.03.36:831][  0]LogTemp:Display: Loaded TP Android_ETC1TargetPlatform
[2017.07.12-21.03.36:900][  0]LogTemp:Display: Loaded TP Android_ETC2TargetPlatform
[2017.07.12-21.03.37:047][  0]LogTemp:Display: Loaded TP Android_MultiTargetPlatform
[2017.07.12-21.03.37:047][  0]LogTemp:Display: Loaded TP Android_PVRTCTargetPlatform
[2017.07.12-21.03.37:102][  0]LogTemp:Display: Loaded TP HTML5TargetPlatform
[2017.07.12-21.03.37:223][  0]LogTemp:Display: Loaded TP IOSTargetPlatform
[2017.07.12-21.03.37:262][  0]LogTemp:Display: Loaded TP TVOSTargetPlatform
[2017.07.12-21.03.37:335][  0]LogTemp:Display: Loaded TP LinuxClientTargetPlatform
[2017.07.12-21.03.37:405][  0]LogTemp:Display: Loaded TP LinuxNoEditorTargetPlatform
[2017.07.12-21.03.37:476][  0]LogTemp:Display: Loaded TP LinuxServerTargetPlatform
[2017.07.12-21.03.37:548][  0]LogTemp:Display: Loaded TP LinuxTargetPlatform
[2017.07.12-21.03.37:548][  0]LogTargetPlatformManager:Display: Building Assets For Windows
[2017.07.12-21.03.38:120][  0]LogDerivedDataCache:Display: Max Cache Size: 512 MB
[2017.07.12-21.03.38:176][  0]LogDerivedDataCache: Loaded boot cache 0.06s 50MB C:/Users/Camper/AppData/Local/UnrealEngine/4.15/DerivedDataCache/Boot.ddc.
[2017.07.12-21.03.38:176][  0]LogDerivedDataCache:Display: Loaded Boot cache: C:/Users/Camper/AppData/Local/UnrealEngine/4.15/DerivedDataCache/Boot.ddc
[2017.07.12-21.03.38:176][  0]LogDerivedDataCache: FDerivedDataBackendGraph:  Pak pak cache file ../../../../../../Users/Camper/Documents/Unreal Projects/Programming/DerivedDataCache/DDC.ddp not found, will not use a pak cache.
[2017.07.12-21.03.38:176][  0]LogDerivedDataCache: Unable to find inner node Pak for hierarchical cache Hierarchy.
[2017.07.12-21.03.38:176][  0]LogDerivedDataCache: FDerivedDataBackendGraph:  CompressedPak pak cache file ../../../../../../Users/Camper/Documents/Unreal Projects/Programming/DerivedDataCache/Compressed.ddp not found, will not use a pak cache.
[2017.07.12-21.03.38:176][  0]LogDerivedDataCache: Unable to find inner node CompressedPak for hierarchical cache Hierarchy.
[2017.07.12-21.03.38:196][  0]LogDerivedDataCache:Display: Pak cache opened for reading ../../../Engine/DerivedDataCache/Compressed.ddp.
[2017.07.12-21.03.38:209][  0]LogDerivedDataCache: Using Local data cache path C:/Users/Camper/AppData/Local/UnrealEngine/Common/DerivedDataCache: Writable
[2017.07.12-21.03.38:219][  0]LogSlate: Using Freetype 2.6.0
[2017.07.12-21.03.38:220][  0]LogSlate: SlateFontCache - WITH_FREETYPE: 1, WITH_HARFBUZZ: 1
[2017.07.12-21.03.38:220][  0]LogSlate: SlateFontCache - WITH_FREETYPE: 1, WITH_HARFBUZZ: 1
[2017.07.12-21.03.38:565][  0]LogInit: Selected Device Profile: [Windows]
[2017.07.12-21.03.38:567][  0]LogContentStreaming: Texture pool size is 0.00 MB
[2017.07.12-21.03.38:824][  0]LogMeshUtilities: Using QuadricMeshReduction for automatic static mesh reduction
[2017.07.12-21.03.38:886][  0]LogSimplygon: Simplygon DLL not present - disabling.
[2017.07.12-21.03.38:958][  0]LogMeshUtilities: Using SimplygonSwarm for distributed automatic mesh merging
[2017.07.12-21.03.38:958][  0]LogMeshUtilities: No automatic skeletal mesh reduction module available
[2017.07.12-21.03.38:958][  0]LogMeshUtilities: No automatic mesh merging module available
[2017.07.12-21.03.39:591][  0]LogNetVersion: GetLocalNetworkVersion: CL: 3299760, ProjectName: programming, ProjectVersion: , EngineNetworkVersion: 2, GameNetworkVersion: 0, NetworkChecksum: 1529672182
[2017.07.12-21.03.39:640][  0]LogAssetRegistry: FAssetRegistry took 0.0221 seconds to start up
[2017.07.12-21.03.39:709][  0]LogPackageLocalizationCache: Processed 3 localized package path(s) for 2 prioritized culture(s) in 0.035380 seconds
[2017.07.12-21.03.39:716][  0]LogUObjectArray: 32493 objects as part of root set at end of initial load.
[2017.07.12-21.03.39:716][  0]LogUObjectAllocator: 7077032 out of 0 bytes used by permanent object pool.
[2017.07.12-21.03.39:716][  0]LogUObjectArray: CloseDisregardForGC: 0/0 objects in disregard for GC pool
[2017.07.12-21.03.39:794][  0]LogInit: WinSock: version 1.1 (2.2), MaxSocks=32767, MaxUdp=65467
[2017.07.12-21.03.41:943][  0]LogTcpMessaging: Initializing TcpMessaging bridge
[2017.07.12-21.03.41:994][  0]LogUdpMessaging: Initializing bridge on interface 0.0.0.0:0 to multicast group 230.0.0.1:6666.
[2017.07.12-21.03.42:614][  0]LogMaterial: Uniform references updated for custom material expression Custom.
[2017.07.12-21.03.43:141][  0]SourceControl: Info Source control is disabled
[2017.07.12-21.03.43:141][  0]SourceControl: Info Source control is disabled
[2017.07.12-21.03.43:209][  0]SourceControl: Info Source control is disabled
[2017.07.12-21.03.43:277][  0]SourceControl: Info Source control is disabled
[2017.07.12-21.03.43:713][  0]LogLinker:Warning: Can't find file '/Game/VehicleAdvBP/AdvancedVehicleOverview'
[2017.07.12-21.03.43:713][  0]LogLinker:Warning: Can't find file '/Game/VehicleAdvBP/AdvancedVehicleOverview'
[2017.07.12-21.03.43:713][  0]LogUObjectGlobals:Warning: Failed to find object 'Class /Game/VehicleAdvBP/AdvancedVehicleOverview.AdvancedVehicleOverview_C'
[2017.07.12-21.03.45:092][  0]LogEngine: Initializing Engine...
[2017.07.12-21.03.45:093][  0]LogHMD: Failed to initialize OpenVR with code 110
[2017.07.12-21.03.45:214][  0]LogStats: UGameplayTagsManager::ConstructGameplayTagTree: Construct from data asset -  0.000 s
[2017.07.12-21.03.45:214][  0]LogStats: UGameplayTagsManager::ConstructGameplayTagTree: GameplayTagTreeChangedEvent.Broadcast -  0.000 s
[2017.07.12-21.03.45:385][  0]LogAIModule: Creating AISystem for world Untitled
[2017.07.12-21.03.45:392][  0]LogInit: XAudio2 using 'Speaker/HP (Realtek High Definition Audio)' : 2 channels at 48 kHz using 32 bits per sample (channel mask 0x3)
[2017.07.12-21.03.45:421][  0]LogInit: FAudioDevice initialized.
[2017.07.12-21.03.45:449][  0]LogDerivedDataCache: Saved boot cache 0.03s 50MB C:/Users/Camper/AppData/Local/UnrealEngine/4.15/DerivedDataCache/Boot.ddc.
[2017.07.12-21.03.45:457][  0]LogInit: Texture streaming: Enabled
[2017.07.12-21.03.45:579][  0]LogEngineSessionManager: EngineSessionManager initialized
[2017.07.12-21.03.45:706][  0]LogInit: Transaction tracking system initialized
[2017.07.12-21.03.46:188][  0]BlueprintLog: New page: Editor Load
[2017.07.12-21.03.47:383][  0]LocalizationService: Info Localization service is disabled
[2017.07.12-21.03.48:336][  0]LogConsoleResponse:Display: 
[2017.07.12-21.03.48:486][  0]LogCook:Display: Max memory allowance for cook 16384mb min free memory 0mb
[2017.07.12-21.03.48:486][  0]LogCook:Display: Mobile HDR setting 1
[2017.07.12-21.03.49:879][  0]LogFileCache: Scanning file cache for directory 'C:/Users/Camper/Documents/Unreal Projects/Programming/Content/' took 0.02s
[2017.07.12-21.03.49:940][  0]SourceControl: Info Source control is disabled
[2017.07.12-21.03.49:940][  0]Cmd: MAP LOAD FILE="../../../../../../Users/Camper/Documents/Unreal Projects/Programming/Content/ThirdPersonBP/Maps/ThirdPersonExampleMap.umap" TEMPLATE=0 SHOWPROGRESS=1 FEATURELEVEL=3
[2017.07.12-21.03.49:941][  0]LightingResults: New page: Lighting Build
[2017.07.12-21.03.49:998][  0]MapCheck: New page: Map Check
[2017.07.12-21.03.49:998][  0]LightingResults: New page: Lighting Build
[2017.07.12-21.03.50:595][  0]LogAIModule: Creating AISystem for world ThirdPersonExampleMap
[2017.07.12-21.03.50:622][  0]LogEditorServer: Finished looking for orphan Actors (0.000 secs)
[2017.07.12-21.03.50:623][  0]Cmd: MAP CHECKDEP NOCLEARLOG
[2017.07.12-21.03.50:715][  0]MapCheck: Info Map check complete: 0 Error(s), 0 Warning(s), took 92.127ms to complete.
[2017.07.12-21.03.50:715][  0]LogFileHelpers: Loading map 'ThirdPersonExampleMap' took 0.775
[2017.07.12-21.03.50:778][  0]LogWindowsTextInputMethodSystem:Display: IME system now deactivated.
[2017.07.12-21.03.50:908][  0]LogCollectionManager: Loaded 0 collections in 0.002343 seconds
[2017.07.12-21.03.51:005][  0]LogFileCache: Scanning file cache for directory 'C:/Users/Camper/Documents/Unreal Projects/Programming/Saved/Collections/' took 0.01s
[2017.07.12-21.03.51:005][  0]LogFileCache: Scanning file cache for directory 'C:/Users/Camper/Documents/Unreal Projects/Programming/Content/Developers/Camper/Collections/' took 0.01s
[2017.07.12-21.03.51:005][  0]LogFileCache: Scanning file cache for directory 'C:/Users/Camper/Documents/Unreal Projects/Programming/Content/Collections/' took 0.01s
[2017.07.12-21.03.51:005][  0]LogCollectionManager: Rebuilt the GUID cache for 0 collections in 0.000002 seconds
[2017.07.12-21.03.51:014][  0]LogContentBrowser: Native class hierarchy populated in 0.0096 seconds. Added 2245 classes and 453 folders.
[2017.07.12-21.03.51:104][  0]LogContentBrowser: Native class hierarchy updated for 'WidgetCarousel' in 0.0006 seconds. Added 0 classes and 0 folders.
[2017.07.12-21.03.51:176][  0]LogContentBrowser: Native class hierarchy updated for 'AddContentDialog' in 0.0009 seconds. Added 0 classes and 0 folders.
[2017.07.12-21.03.51:238][  0]LogContentBrowser: Native class hierarchy updated for 'SceneOutliner' in 0.0006 seconds. Added 1 classes and 2 folders.
[2017.07.12-21.03.51:299][  0]LogCrashTracker: Crashtracker disabled due to settings.
[2017.07.12-21.03.51:304][  0]LogUObjectGlobals:Warning: Failed to find object 'Class None.'
[2017.07.12-21.03.51:397][  0]LogContentBrowser: Native class hierarchy updated for 'HierarchicalLODOutliner' in 0.0009 seconds. Added 1 classes and 2 folders.
[2017.07.12-21.03.51:397][  0]LogLoad: (Engine Initialization) Total time: 20.20 seconds
[2017.07.12-21.03.51:398][  0]LogLoad: (Engine Initialization) Total Blueprint compile time: 0.17 seconds
[2017.07.12-21.03.51:398][  0]LogExternalProfiler: No external profilers were discovered.  External profiling features will not be available.
[2017.07.12-21.03.51:415][  0]LogOcInput: OculusInput pre-init called
[2017.07.12-21.03.51:440][  0]LogContentStreaming: Texture pool size now 1000 MB
[2017.07.12-21.03.51:441][  0]LogSlate: Took 0.000340 seconds to synchronously load lazily loaded font '../../../Engine/Content/Slate/Fonts/Roboto-Regular.ttf' (155K)
[2017.07.12-21.03.51:447][  0]LogSlate: Took 0.000368 seconds to synchronously load lazily loaded font '../../../Engine/Content/Slate/Fonts/Roboto-Bold.ttf' (160K)
[2017.07.12-21.03.51:452][  0]LogSlate: Took 0.000331 seconds to synchronously load lazily loaded font '../../../Engine/Content/Editor/Slate/Fonts/FontAwesome.ttf' (139K)
[2017.07.12-21.03.51:547][  0]LogSlate: Took 0.000340 seconds to synchronously load lazily loaded font '../../../Engine/Content/Slate/Fonts/Roboto-Light.ttf' (159K)
[2017.07.12-21.03.51:597][  1]LogAssetRegistry: Asset discovery search completed in 11.9787 seconds
[2017.07.12-21.03.51:597][  1]LogCollectionManager: Rebuilt the object cache for 0 collections in 0.000008 seconds (found 0 objects)
[2017.07.12-21.03.51:597][  1]LogCollectionManager: Fixed up redirectors for 0 collections in 0.000021 seconds (updated 0 objects)
[2017.07.12-21.03.51:627][  2]LogRenderer: Reallocating scene render targets to support 820x372 NumSamples 1 (Frame:2).
[2017.07.12-21.03.52:508][ 16]LogSlate: Took 0.000426 seconds to synchronously load lazily loaded font '../../../Engine/Content/Slate/Fonts/Roboto-Light.ttf' (159K)
[2017.07.12-21.04.44:461][925]LogTemp: Repeting last play command: Selected Viewport
[2017.07.12-21.04.44:471][925]LogBlueprintUserMessages: Early PlayInEditor Detection: Level '/Game/ThirdPersonBP/Maps/ThirdPersonExampleMap.ThirdPersonExampleMap:PersistentLevel' has LevelScriptBlueprint '/Game/ThirdPersonBP/Maps/ThirdPersonExampleMap.ThirdPersonExampleMap:PersistentLevel.ThirdPersonExampleMap' with GeneratedClass '/Game/ThirdPersonBP/Maps/ThirdPersonExampleMap.ThirdPersonExampleMap_C' with ClassGeneratedBy '/Game/ThirdPersonBP/Maps/ThirdPersonExampleMap.ThirdPersonExampleMap:PersistentLevel.ThirdPersonExampleMap'
[2017.07.12-21.04.44:471][925]LogPlayLevel: PlayLevel: No blueprints needed recompiling
[2017.07.12-21.04.44:472][925]PIE: New page: PIE session: ThirdPersonExampleMap (Jul 12, 2017, 1:04:44 PM)
[2017.07.12-21.04.44:472][925]LogPlayLevel: Creating play world package: /Game/ThirdPersonBP/Maps/UEDPIE_0_ThirdPersonExampleMap
[2017.07.12-21.04.44:501][925]LogPlayLevel: PIE: StaticDuplicateObject took: (0.029114s)
[2017.07.12-21.04.44:502][925]LogAIModule: Creating AISystem for world ThirdPersonExampleMap
[2017.07.12-21.04.44:502][925]LogPlayLevel: PIE: World Init took: (0.001026s)
[2017.07.12-21.04.44:502][925]LogPlayLevel: PIE: Created PIE world by copying editor world from /Game/ThirdPersonBP/Maps/ThirdPersonExampleMap.ThirdPersonExampleMap to /Game/ThirdPersonBP/Maps/UEDPIE_0_ThirdPersonExampleMap.ThirdPersonExampleMap (0.030445s)
[2017.07.12-21.04.44:526][925]LogInit: XAudio2 using 'Speaker/HP (Realtek High Definition Audio)' : 2 channels at 48 kHz using 32 bits per sample (channel mask 0x3)
[2017.07.12-21.04.44:538][925]LogInit: FAudioDevice initialized.
[2017.07.12-21.04.44:591][925]LogLoad: Game class is 'ThirdPersonGameMode_C'
[2017.07.12-21.04.44:595][925]LogWorld: Bringing World /Game/ThirdPersonBP/Maps/UEDPIE_0_ThirdPersonExampleMap.ThirdPersonExampleMap up for play (max tick rate 60) at 2017.07.12-17.04.44
[2017.07.12-21.04.44:595][925]LogWorld: Bringing up level for play took: 0.003091
[2017.07.12-21.04.44:654][925]LogContentBrowser: Native class hierarchy updated for 'MovieSceneCapture' in 0.0009 seconds. Added 11 classes and 0 folders.
[2017.07.12-21.04.44:655][925]PIE: Info Play in editor start time for /Game/ThirdPersonBP/Maps/UEDPIE_0_ThirdPersonExampleMap -0.282
[2017.07.12-21.04.44:656][925]LogBlueprintUserMessages: Late PlayInEditor Detection: Level '/Game/ThirdPersonBP/Maps/ThirdPersonExampleMap.ThirdPersonExampleMap:PersistentLevel' has LevelScriptBlueprint '/Game/ThirdPersonBP/Maps/ThirdPersonExampleMap.ThirdPersonExampleMap:PersistentLevel.ThirdPersonExampleMap' with GeneratedClass '/Game/ThirdPersonBP/Maps/ThirdPersonExampleMap.ThirdPersonExampleMap_C' with ClassGeneratedBy '/Game/ThirdPersonBP/Maps/ThirdPersonExampleMap.ThirdPersonExampleMap:PersistentLevel.ThirdPersonExampleMap'
[2017.07.12-21.05.22:682][202]LogBlueprintUserMessages: Early EndPlayMap Detection: Level '/Game/ThirdPersonBP/Maps/ThirdPersonExampleMap.ThirdPersonExampleMap:PersistentLevel' has LevelScriptBlueprint '/Game/ThirdPersonBP/Maps/ThirdPersonExampleMap.ThirdPersonExampleMap:PersistentLevel.ThirdPersonExampleMap' with GeneratedClass '/Game/ThirdPersonBP/Maps/ThirdPersonExampleMap.ThirdPersonExampleMap_C' with ClassGeneratedBy '/Game/ThirdPersonBP/Maps/ThirdPersonExampleMap.ThirdPersonExampleMap:PersistentLevel.ThirdPersonExampleMap'
[2017.07.12-21.05.22:724][202]LogBlueprintUserMessages: Late EndPlayMap Detection: Level '/Game/ThirdPersonBP/Maps/ThirdPersonExampleMap.ThirdPersonExampleMap:PersistentLevel' has LevelScriptBlueprint '/Game/ThirdPersonBP/Maps/ThirdPersonExampleMap.ThirdPersonExampleMap:PersistentLevel.ThirdPersonExampleMap' with GeneratedClass '/Game/ThirdPersonBP/Maps/ThirdPersonExampleMap.ThirdPersonExampleMap_C' with ClassGeneratedBy '/Game/ThirdPersonBP/Maps/ThirdPersonExampleMap.ThirdPersonExampleMap:PersistentLevel.ThirdPersonExampleMap'
[2017.07.12-21.05.24:450][302]LogRenderer: Reallocating scene render targets to support 1216x576 NumSamples 1 (Frame:5587).
[2017.07.12-21.05.27:159][413]LogEditorViewport: Clicking on Actor (LMB): StaticMeshActor (Wall7)
[2017.07.12-21.05.28:335][455]Cmd: DELETE
[2017.07.12-21.05.28:335][455]Cmd: ACTOR DELETE
[2017.07.12-21.05.28:338][455]LogEditorActor: Deleted Actor: StaticMeshActor
[2017.07.12-21.05.28:348][455]LogEditorActor: Deleted 1 Actors (0.013 secs)
[2017.07.12-21.05.34:462][710]LogEditorViewport: Clicking on Actor (LMB): StaticMeshActor (Wall10)
[2017.07.12-21.05.35:134][735]LogEditorViewport: Clicking on Actor (context menu): StaticMeshActor (Wall10)
[2017.07.12-21.05.43:578][ 60]LogEditorViewport: Clicking on Actor (LMB): BP_Sky_Sphere_C (SkySphereBlueprint)
[2017.07.12-21.05.44:877][107]LogEditorViewport: Clicking on Actor (LMB): StaticMeshActor (Wall10)
[2017.07.12-21.05.48:472][249]Cmd: EDIT COPY
[2017.07.12-21.05.52:975][428]Cmd: EDIT PASTE
[2017.07.12-21.06.00:447][719]LogEditorViewport: Clicking on Actor (LMB): BP_Sky_Sphere_C (SkySphereBlueprint)
[2017.07.12-21.06.05:252][892]LogEditorViewport: Clicking on Actor (LMB): StaticMeshActor (Wall12)
[2017.07.12-21.06.19:561][434]LogEditorViewport: Clicking on Actor (LMB): BP_Sky_Sphere_C (SkySphereBlueprint)
[2017.07.12-21.06.25:221][638]LogEditorViewport: Clicking on Actor (LMB): StaticMeshActor (Wall11)
[2017.07.12-21.06.26:665][693]Cmd: EDIT COPY
[2017.07.12-21.06.27:581][730]Cmd: EDIT PASTE
[2017.07.12-21.06.39:647][194]LogEditorViewport: Clicking on Actor (LMB): BP_Sky_Sphere_C (SkySphereBlueprint)
[2017.07.12-21.06.39:718][194]LogEditorViewport: Clicking on Actor (LMB): BP_Sky_Sphere_C (SkySphereBlueprint)
[2017.07.12-21.06.46:604][444]LogEditorViewport: Clicking on Actor (LMB): StaticMeshActor (Floor)
[2017.07.12-21.06.53:556][712]Cmd: EDIT COPY
[2017.07.12-21.06.55:572][791]Cmd: EDIT PASTE
[2017.07.12-21.07.04:089][105]LogEditorViewport: Clicking on Actor (LMB): LightmassImportanceVolume (LightmassImportanceVolume)
[2017.07.12-21.07.06:135][181]LogEditorViewport: Clicking on Actor (LMB): BP_Sky_Sphere_C (SkySphereBlueprint)
[2017.07.12-21.07.11:240][361]LogEditorViewport: Clicking on Actor (LMB): StaticMeshActor (Floor2)
[2017.07.12-21.07.19:089][660]LogTemp: Repeting last play command: Selected Viewport
[2017.07.12-21.07.19:099][660]LogBlueprintUserMessages: Early PlayInEditor Detection: Level '/Game/ThirdPersonBP/Maps/ThirdPersonExampleMap.ThirdPersonExampleMap:PersistentLevel' has LevelScriptBlueprint '/Game/ThirdPersonBP/Maps/ThirdPersonExampleMap.ThirdPersonExampleMap:PersistentLevel.ThirdPersonExampleMap' with GeneratedClass '/Game/ThirdPersonBP/Maps/ThirdPersonExampleMap.ThirdPersonExampleMap_C' with ClassGeneratedBy '/Game/ThirdPersonBP/Maps/ThirdPersonExampleMap.ThirdPersonExampleMap:PersistentLevel.ThirdPersonExampleMap'
[2017.07.12-21.07.19:099][660]LogPlayLevel: PlayLevel: No blueprints needed recompiling
[2017.07.12-21.07.19:099][660]PIE: New page: PIE session: ThirdPersonExampleMap (Jul 12, 2017, 1:07:19 PM)
[2017.07.12-21.07.19:099][660]LogPlayLevel: Creating play world package: /Game/ThirdPersonBP/Maps/UEDPIE_0_ThirdPersonExampleMap
[2017.07.12-21.07.19:126][660]LogPlayLevel: PIE: StaticDuplicateObject took: (0.026655s)
[2017.07.12-21.07.19:127][660]LogAIModule: Creating AISystem for world ThirdPersonExampleMap
[2017.07.12-21.07.19:127][660]LogPlayLevel: PIE: World Init took: (0.001394s)
[2017.07.12-21.07.19:128][660]LogPlayLevel: PIE: Created PIE world by copying editor world from /Game/ThirdPersonBP/Maps/ThirdPersonExampleMap.ThirdPersonExampleMap to /Game/ThirdPersonBP/Maps/UEDPIE_0_ThirdPersonExampleMap.ThirdPersonExampleMap (0.028367s)
[2017.07.12-21.07.19:146][660]LogInit: XAudio2 using 'Speaker/HP (Realtek High Definition Audio)' : 2 channels at 48 kHz using 32 bits per sample (channel mask 0x3)
[2017.07.12-21.07.19:160][660]LogInit: FAudioDevice initialized.
[2017.07.12-21.07.19:195][660]LogLoad: Game class is 'ThirdPersonGameMode_C'
[2017.07.12-21.07.19:198][660]LogWorld: Bringing World /Game/ThirdPersonBP/Maps/UEDPIE_0_ThirdPersonExampleMap.ThirdPersonExampleMap up for play (max tick rate 60) at 2017.07.12-17.07.19
[2017.07.12-21.07.19:198][660]LogWorld: Bringing up level for play took: 0.002296
[2017.07.12-21.07.19:199][660]PIE: Info Play in editor start time for /Game/ThirdPersonBP/Maps/UEDPIE_0_ThirdPersonExampleMap 0.262
[2017.07.12-21.07.19:199][660]LogBlueprintUserMessages: Late PlayInEditor Detection: Level '/Game/ThirdPersonBP/Maps/ThirdPersonExampleMap.ThirdPersonExampleMap:PersistentLevel' has LevelScriptBlueprint '/Game/ThirdPersonBP/Maps/ThirdPersonExampleMap.ThirdPersonExampleMap:PersistentLevel.ThirdPersonExampleMap' with GeneratedClass '/Game/ThirdPersonBP/Maps/ThirdPersonExampleMap.ThirdPersonExampleMap_C' with ClassGeneratedBy '/Game/ThirdPersonBP/Maps/ThirdPersonExampleMap.ThirdPersonExampleMap:PersistentLevel.ThirdPersonExampleMap'
[2017.07.12-21.07.21:415][735]LogSavePackage: Save=141.97ms
[2017.07.12-21.07.21:415][735]LogSavePackage: Moving '../../../../../../Users/Camper/Documents/Unreal Projects/Programming/Saved/ThirdPersonExampleMapFD7500BC49931C5F6EDE7EB64699C113.tmp' to '../../../../../../Users/Camper/Documents/Unreal Projects/Programming/Content/ThirdPersonBP/Maps/ThirdPersonExampleMap.umap'
[2017.07.12-21.07.21:420][735]LogSavePackage:Display: Finished SavePackage ../../../../../../Users/Camper/Documents/Unreal Projects/Programming/Content/ThirdPersonBP/Maps/ThirdPersonExampleMap.umap
[2017.07.12-21.07.21:656][735]LogSavePackage: Save=192.84ms
[2017.07.12-21.07.21:656][735]LogSavePackage: Moving '../../../../../../Users/Camper/Documents/Unreal Projects/Programming/Saved/ThirdPersonExampleMap_BuiltData791A211D4C524DC47AE7A980825262C8.tmp' to '../../../../../../Users/Camper/Documents/Unreal Projects/Programming/Content/ThirdPersonBP/Maps/ThirdPersonExampleMap_BuiltData.uasset'
[2017.07.12-21.07.21:659][735]LogSavePackage:Display: Finished SavePackage ../../../../../../Users/Camper/Documents/Unreal Projects/Programming/Content/ThirdPersonBP/Maps/ThirdPersonExampleMap_BuiltData.uasset
[2017.07.12-21.07.32:476][147]LogBlueprintUserMessages: Early EndPlayMap Detection: Level '/Game/ThirdPersonBP/Maps/ThirdPersonExampleMap.ThirdPersonExampleMap:PersistentLevel' has LevelScriptBlueprint '/Game/ThirdPersonBP/Maps/ThirdPersonExampleMap.ThirdPersonExampleMap:PersistentLevel.ThirdPersonExampleMap' with GeneratedClass '/Game/ThirdPersonBP/Maps/ThirdPersonExampleMap.ThirdPersonExampleMap_C' with ClassGeneratedBy '/Game/ThirdPersonBP/Maps/ThirdPersonExampleMap.ThirdPersonExampleMap:PersistentLevel.ThirdPersonExampleMap'
[2017.07.12-21.07.32:746][147]LogStats: FPlatformStackWalk::StackWalkAndDump -  0.262 s
[2017.07.12-21.07.32:746][147]LogOutputDevice:Error: === Handled ensure: ===
[2017.07.12-21.07.32:746][147]LogOutputDevice:Error: 
[2017.07.12-21.07.32:746][147]LogOutputDevice:Error: Ensure condition failed: NewObject->IsA(this->GeneratedClass) [File:D:\Build\++UE4+Release-4.15+Compile\Sync\Engine\Source\Runtime\Engine\Private\Blueprint.cpp] [Line: 755]
[2017.07.12-21.07.32:746][147]LogOutputDevice:Error: Type mismatch: Expected ThirdPersonExampleMap_C, Found REINST_ThirdPersonExampleMap_C_24
[2017.07.12-21.07.32:746][147]LogOutputDevice:Error: Stack: 
[2017.07.12-21.07.32:746][147]LogOutputDevice:Error: UE4Editor-Core.dll!0x00000000BF6695E6
[2017.07.12-21.07.32:746][147]LogOutputDevice:Error: UE4Editor-Core.dll!0x00000000BF419B82
[2017.07.12-21.07.32:746][147]LogOutputDevice:Error: UE4Editor-Core.dll!0x00000000BF42B666
[2017.07.12-21.07.32:746][147]LogOutputDevice:Error: UE4Editor-Engine.dll!0x00000000B3AAF281
[2017.07.12-21.07.32:746][147]LogOutputDevice:Error: UE4Editor-Engine.dll!0x00000000B4889071
[2017.07.12-21.07.32:746][147]LogOutputDevice:Error: UE4Editor-UnrealEd.dll!0x00000000B2682DDD
[2017.07.12-21.07.32:746][147]LogOutputDevice:Error: UE4Editor-UnrealEd.dll!0x00000000B263E9DE
[2017.07.12-21.07.32:746][147]LogOutputDevice:Error: UE4Editor-UnrealEd.dll!0x00000000B2167A9F
[2017.07.12-21.07.32:746][147]LogOutputDevice:Error: UE4Editor-UnrealEd.dll!0x00000000B2972196
[2017.07.12-21.07.32:746][147]LogOutputDevice:Error: UE4Editor.exe!0x00000000FDADDEE3
[2017.07.12-21.07.32:746][147]LogOutputDevice:Error: UE4Editor.exe!0x00000000FDACEB40
[2017.07.12-21.07.32:746][147]LogOutputDevice:Error: UE4Editor.exe!0x00000000FDACEBBA
[2017.07.12-21.07.32:746][147]LogOutputDevice:Error: UE4Editor.exe!0x00000000FDAE0A29
[2017.07.12-21.07.32:746][147]LogOutputDevice:Error: UE4Editor.exe!0x00000000FDAE22B6
[2017.07.12-21.07.32:746][147]LogOutputDevice:Error: KERNEL32.DLL!0x00000000EAFD8364
[2017.07.12-21.07.32:746][147]LogOutputDevice:Error: ntdll.dll!0x00000000EB0E70D1
[2017.07.12-21.07.32:746][147]LogOutputDevice:Error: 
[2017.07.12-21.07.32:748][147]LogStats:                SubmitErrorReport -  0.000 s
[2017.07.12-21.07.33:056][147]LogStats:                    SendNewReport -  0.308 s
[2017.07.12-21.07.33:056][147]LogStats:             FDebug::EnsureFailed -  0.572 s
[2017.07.12-21.07.33:129][147]LogBlueprintUserMessages: Late EndPlayMap Detection: Level '/Game/ThirdPersonBP/Maps/ThirdPersonExampleMap.ThirdPersonExampleMap:PersistentLevel' has LevelScriptBlueprint '/Game/ThirdPersonBP/Maps/ThirdPersonExampleMap.ThirdPersonExampleMap:PersistentLevel.ThirdPersonExampleMap' with GeneratedClass '/Game/ThirdPersonBP/Maps/ThirdPersonExampleMap.ThirdPersonExampleMap_C' with ClassGeneratedBy '/Game/ThirdPersonBP/Maps/ThirdPersonExampleMap.ThirdPersonExampleMap:PersistentLevel.ThirdPersonExampleMap'
[2017.07.12-21.07.38:270][345]LogWindowsTextInputMethodSystem:Display: IME system now deactivated.
[2017.07.12-21.07.38:452][346]Cmd: QUIT_EDITOR
[2017.07.12-21.07.38:510][346]LogExit: Preparing to exit.
[2017.07.12-21.07.39:205][346]LogDirectoryWatcher: A directory notification for 'C:/Users/Camper/Documents/Unreal Projects/Programming/Content/' was aborted.
[2017.07.12-21.07.39:224][346]LogExit: Editor shut down
[2017.07.12-21.07.39:225][346]LogExit: Transaction tracking system shut down
[2017.07.12-21.07.39:284][346]LogObj: Freed 0b from 0 cluster array pools.
[2017.07.12-21.07.39:284][346]LogExit: Object subsystem successfully closed.
[2017.07.12-21.07.39:298][346]LogD3D11RHI: Shutdown
[2017.07.12-21.07.39:298][346]LogD3D11RHI: CleanupD3DDevice
[2017.07.12-21.07.39:365][346]LogD3D11RHI: ~FD3D11DynamicRHI
[2017.07.12-21.07.39:398][346]LogModuleManager: Shutting down and abandoning module MovieSceneCapture (500)
[2017.07.12-21.07.39:398][346]LogModuleManager: Shutting down and abandoning module HierarchicalLODOutliner (498)
[2017.07.12-21.07.39:398][346]LogModuleManager: Shutting down and abandoning module CrashTracker (496)
[2017.07.12-21.07.39:398][346]LogModuleManager: Shutting down and abandoning module SceneOutliner (494)
[2017.07.12-21.07.39:398][346]LogModuleManager: Shutting down and abandoning module AddContentDialog (492)
[2017.07.12-21.07.39:399][346]LogDirectoryWatcher: A directory notification for 'C:/Program Files/Epic Games/UE_4.15/FeaturePacks/' was aborted.
[2017.07.12-21.07.39:399][346]LogModuleManager: Shutting down and abandoning module WidgetCarousel (491)
[2017.07.12-21.07.39:399][346]LogModuleManager: Shutting down and abandoning module EditorWidgets (488)
[2017.07.12-21.07.39:399][346]LogModuleManager: Shutting down and abandoning module CollectionManager (486)
[2017.07.12-21.07.39:400][346]LogDirectoryWatcher: A directory notification for 'C:/Users/Camper/Documents/Unreal Projects/Programming/Content/Collections/' was aborted.
[2017.07.12-21.07.39:400][346]LogDirectoryWatcher: A directory notification for 'C:/Users/Camper/Documents/Unreal Projects/Programming/Content/Developers/Camper/Collections/' was aborted.
[2017.07.12-21.07.39:400][346]LogDirectoryWatcher: A directory notification for 'C:/Users/Camper/Documents/Unreal Projects/Programming/Saved/Collections/' was aborted.
[2017.07.12-21.07.39:400][346]LogModuleManager: Shutting down and abandoning module StatsViewer (484)
[2017.07.12-21.07.39:400][346]LogModuleManager: Shutting down and abandoning module FoliageEdit (482)
[2017.07.12-21.07.39:400][346]LogModuleManager: Shutting down and abandoning module LandscapeEditor (480)
[2017.07.12-21.07.39:400][346]LogModuleManager: Shutting down and abandoning module SceneDepthPickerMode (478)
[2017.07.12-21.07.39:400][346]LogModuleManager: Shutting down and abandoning module ActorPickerMode (476)
[2017.07.12-21.07.39:400][346]LogModuleManager: Shutting down and abandoning module GeometryMode (474)
[2017.07.12-21.07.39:400][346]LogModuleManager: Shutting down and abandoning module TextureAlignMode (472)
[2017.07.12-21.07.39:400][346]LogModuleManager: Shutting down and abandoning module BspMode (470)
[2017.07.12-21.07.39:400][346]LogModuleManager: Shutting down and abandoning module HardwareSurvey (468)
[2017.07.12-21.07.39:400][346]LogModuleManager: Shutting down and abandoning module SequenceRecorderSections (466)
[2017.07.12-21.07.39:400][346]LogModuleManager: Shutting down and abandoning module AutomationWorker (464)
[2017.07.12-21.07.39:400][346]LogModuleManager: Shutting down and abandoning module MatineeToLevelSequence (462)
[2017.07.12-21.07.39:400][346]LogModuleManager: Shutting down and abandoning module LevelSequenceEditor (460)
[2017.07.12-21.07.39:400][346]LogModuleManager: Shutting down and abandoning module PlacementMode (459)
[2017.07.12-21.07.39:400][346]LogModuleManager: Shutting down and abandoning module WmfMediaFactory (456)
[2017.07.12-21.07.39:400][346]LogModuleManager: Shutting down and abandoning module WmfMediaEditor (454)
[2017.07.12-21.07.39:400][346]LogModuleManager: Shutting down and abandoning module MfMediaFactory (452)
[2017.07.12-21.07.39:400][346]LogModuleManager: Shutting down and abandoning module MfMediaEditor (450)
[2017.07.12-21.07.39:400][346]LogModuleManager: Shutting down and abandoning module AvfMediaFactory (448)
[2017.07.12-21.07.39:400][346]LogModuleManager: Shutting down and abandoning module AvfMediaEditor (446)
[2017.07.12-21.07.39:400][346]LogModuleManager: Shutting down and abandoning module AndroidMediaFactory (444)
[2017.07.12-21.07.39:400][346]LogModuleManager: Shutting down and abandoning module Media (443)
[2017.07.12-21.07.39:400][346]LogModuleManager: Shutting down and abandoning module AndroidMediaEditor (440)
[2017.07.12-21.07.39:400][346]LogModuleManager: Shutting down and abandoning module CharacterAI (438)
[2017.07.12-21.07.39:400][346]LogModuleManager: Shutting down and abandoning module AudioCapture (436)
[2017.07.12-21.07.39:400][346]LogModuleManager: Shutting down and abandoning module SequenceRecorder (435)
[2017.07.12-21.07.39:400][346]LogModuleManager: Shutting down and abandoning module SmartSnapping (432)
[2017.07.12-21.07.39:400][346]LogModuleManager: Shutting down and abandoning module SessionServices (430)
[2017.07.12-21.07.39:400][346]LogModuleManager: Shutting down and abandoning module ViewportSnapping (428)
[2017.07.12-21.07.39:400][346]LogModuleManager: Shutting down and abandoning module ViewportInteraction (426)
[2017.07.12-21.07.39:400][346]LogModuleManager: Shutting down and abandoning module LogVisualizer (424)
[2017.07.12-21.07.39:400][346]LogModuleManager: Shutting down and abandoning module IntroTutorials (422)
[2017.07.12-21.07.39:400][346]LogModuleManager: Shutting down and abandoning module GameProjectGeneration (421)
[2017.07.12-21.07.39:400][346]LogModuleManager: Shutting down and abandoning module EditorLiveStreaming (418)
[2017.07.12-21.07.39:400][346]LogModuleManager: Shutting down and abandoning module IOSPlatformEditor (416)
[2017.07.12-21.07.39:400][346]LogModuleManager: Shutting down and abandoning module HTML5PlatformEditor (414)
[2017.07.12-21.07.39:400][346]LogModuleManager: Shutting down and abandoning module AndroidPlatformEditor (412)
[2017.07.12-21.07.39:400][346]LogModuleManager: Shutting down and abandoning module AndroidDeviceDetection (411)
[2017.07.12-21.07.40:042][346]LogModuleManager: Shutting down and abandoning module IOSRuntimeSettings (408)
[2017.07.12-21.07.40:042][346]LogModuleManager: Shutting down and abandoning module AndroidRuntimeSettings (406)
[2017.07.12-21.07.40:042][346]LogModuleManager: Shutting down and abandoning module InputBindingEditor (404)
[2017.07.12-21.07.40:042][346]LogModuleManager: Shutting down and abandoning module NiagaraEditor (402)
[2017.07.12-21.07.40:042][346]LogModuleManager: Shutting down and abandoning module MergeActors (400)
[2017.07.12-21.07.40:042][346]LogModuleManager: Shutting down and abandoning module SizeMap (398)
[2017.07.12-21.07.40:042][346]LogModuleManager: Shutting down and abandoning module TreeMap (396)
[2017.07.12-21.07.40:042][346]LogModuleManager: Shutting down and abandoning module ReferenceViewer (394)
[2017.07.12-21.07.40:042][346]LogModuleManager: Shutting down and abandoning module LocalizationDashboard (392)
[2017.07.12-21.07.40:043][346]LogModuleManager: Shutting down and abandoning module LocalizationService (391)
[2017.07.12-21.07.40:043][346]LogModuleManager: Shutting down and abandoning module HardwareTargeting (388)
[2017.07.12-21.07.40:043][346]LogModuleManager: Shutting down and abandoning module DeviceProfileEditor (386)
[2017.07.12-21.07.40:043][346]LogModuleManager: Shutting down and abandoning module UndoHistory (384)
[2017.07.12-21.07.40:043][346]LogModuleManager: Shutting down and abandoning module UserFeedback (382)
[2017.07.12-21.07.40:043][346]LogModuleManager: Shutting down and abandoning module XmlParser (380)
[2017.07.12-21.07.40:043][346]LogModuleManager: Shutting down and abandoning module Blutility (378)
[2017.07.12-21.07.40:043][346]LogModuleManager: Shutting down and abandoning module ProjectSettingsViewer (376)
[2017.07.12-21.07.40:043][346]LogModuleManager: Shutting down and abandoning module ProjectTargetPlatformEditor (375)
[2017.07.12-21.07.40:043][346]LogModuleManager: Shutting down and abandoning module EditorSettingsViewer (372)
[2017.07.12-21.07.40:043][346]LogModuleManager: Shutting down and abandoning module SettingsEditor (370)
[2017.07.12-21.07.40:043][346]LogModuleManager: Shutting down and abandoning module ProjectLauncher (368)
[2017.07.12-21.07.40:043][346]LogModuleManager: Shutting down and abandoning module SessionFrontend (366)
[2017.07.12-21.07.40:043][346]LogModuleManager: Shutting down and abandoning module ProfilerClient (364)
[2017.07.12-21.07.40:043][346]LogModuleManager: Shutting down and abandoning module DeviceManager (362)
[2017.07.12-21.07.40:043][346]LogModuleManager: Shutting down and abandoning module TargetDeviceServices (361)
[2017.07.12-21.07.40:087][346]LogModuleManager: Shutting down and abandoning module AutomationController (358)
[2017.07.12-21.07.40:087][346]LogModuleManager: Shutting down and abandoning module AutomationWindow (356)
[2017.07.12-21.07.40:087][346]LogModuleManager: Shutting down and abandoning module Layers (354)
[2017.07.12-21.07.40:087][346]LogModuleManager: Shutting down and abandoning module ComponentVisualizers (352)
[2017.07.12-21.07.40:087][346]LogModuleManager: Shutting down and abandoning module DetailCustomizations (350)
[2017.07.12-21.07.40:087][346]LogModuleManager: Shutting down and abandoning module PackagesDialog (348)
[2017.07.12-21.07.40:087][346]LogModuleManager: Shutting down and abandoning module Persona (346)
[2017.07.12-21.07.40:087][346]LogModuleManager: Shutting down and abandoning module AnimGraph (345)
[2017.07.12-21.07.40:087][346]LogModuleManager: Shutting down and abandoning module Kismet (342)
[2017.07.12-21.07.40:088][346]LogModuleManager: Shutting down and abandoning module GraphEditor (340)
[2017.07.12-21.07.40:088][346]LogModuleManager: Shutting down and abandoning module ClassViewer (338)
[2017.07.12-21.07.40:088][346]LogModuleManager: Shutting down and abandoning module Toolbox (336)
[2017.07.12-21.07.40:088][346]LogModuleManager: Shutting down and abandoning module ModuleUI (334)
[2017.07.12-21.07.40:088][346]LogModuleManager: Shutting down and abandoning module MovieSceneTools (332)
[2017.07.12-21.07.40:088][346]LogModuleManager: Shutting down and abandoning module OutputLog (330)
[2017.07.12-21.07.40:088][346]LogModuleManager: Shutting down and abandoning module GammaUI (328)
[2017.07.12-21.07.40:088][346]LogModuleManager: Shutting down and abandoning module Documentation (326)
[2017.07.12-21.07.40:088][346]LogModuleManager: Shutting down and abandoning module Niagara (324)
[2017.07.12-21.07.40:088][346]LogModuleManager: Shutting down and abandoning module StreamingPauseRendering (322)
[2017.07.12-21.07.40:088][346]LogModuleManager: Shutting down and abandoning module AnalyticsET (320)
[2017.07.12-21.07.40:088][346]LogModuleManager: Shutting down and abandoning module PortalServices (318)
[2017.07.12-21.07.40:088][346]LogModuleManager: Shutting down and abandoning module PortalRpc (316)
[2017.07.12-21.07.40:088][346]LogModuleManager: Shutting down and abandoning module MessagingRpc (314)
[2017.07.12-21.07.40:088][346]LogModuleManager: Shutting down and abandoning module AIModule (312)
[2017.07.12-21.07.40:088][346]LogModuleManager: Shutting down and abandoning module GameplayDebugger (311)
[2017.07.12-21.07.40:088][346]LogModuleManager: Shutting down and abandoning module AITestSuite (309)
[2017.07.12-21.07.40:088][346]LogModuleManager: Shutting down and abandoning module ProfilerService (306)
[2017.07.12-21.07.40:301][346]LogModuleManager: Shutting down and abandoning module TaskGraph (304)
[2017.07.12-21.07.40:301][346]LogModuleManager: Shutting down and abandoning module SteamVRController (302)
[2017.07.12-21.07.40:301][346]LogModuleManager: Shutting down and abandoning module SteamVR (300)
[2017.07.12-21.07.40:301][346]LogModuleManager: Shutting down and abandoning module ProceduralMeshComponentEditor (298)
[2017.07.12-21.07.40:301][346]LogModuleManager: Shutting down and abandoning module ProceduralMeshComponent (296)
[2017.07.12-21.07.40:301][346]LogModuleManager: Shutting down and abandoning module OculusLibrary (294)
[2017.07.12-21.07.40:301][346]LogModuleManager: Shutting down and abandoning module OculusInput (292)
[2017.07.12-21.07.40:301][346]LogModuleManager: Shutting down and abandoning module MobilePatchingUtils (290)
[2017.07.12-21.07.40:301][346]LogModuleManager: Shutting down and abandoning module CustomMeshComponent (288)
[2017.07.12-21.07.40:301][346]LogModuleManager: Shutting down and abandoning module CableComponent (286)
[2017.07.12-21.07.40:301][346]LogModuleManager: Shutting down and abandoning module ArchVisCharacter (284)
[2017.07.12-21.07.40:301][346]LogModuleManager: Shutting down and abandoning module MediaPlayerEditor (280)
[2017.07.12-21.07.40:301][346]LogModuleManager: Shutting down and abandoning module HTML5Networking (278)
[2017.07.12-21.07.40:301][346]LogModuleManager: Shutting down and abandoning module AlembicImporter (276)
[2017.07.12-21.07.40:301][346]LogModuleManager: Shutting down and abandoning module AlembicLibrary (275)
[2017.07.12-21.07.40:301][346]LogModuleManager: Shutting down and abandoning module GeometryCache (274)
[2017.07.12-21.07.40:301][346]LogModuleManager: Shutting down and abandoning module GeometryCacheEd (273)
[2017.07.12-21.07.40:301][346]LogModuleManager: Shutting down and abandoning module SuperSearchEditor (268)
[2017.07.12-21.07.40:301][346]LogModuleManager: Shutting down and abandoning module SuperSearch (267)
[2017.07.12-21.07.40:301][346]LogModuleManager: Shutting down and abandoning module SpeedTreeImporter (264)
[2017.07.12-21.07.40:301][346]LogModuleManager: Shutting down and abandoning module PluginBrowser (262)
[2017.07.12-21.07.40:301][346]LogModuleManager: Shutting down and abandoning module MobileLauncherProfileWizard (260)
[2017.07.12-21.07.40:301][346]LogModuleManager: Shutting down and abandoning module EpicSurvey (258)
[2017.07.12-21.07.40:301][346]LogModuleManager: Shutting down and abandoning module VisualStudioSourceCodeAccess (256)
[2017.07.12-21.07.40:301][346]LogModuleManager: Shutting down and abandoning module DesktopPlatform (255)
[2017.07.12-21.07.40:301][346]LogModuleManager: Shutting down and abandoning module UObjectPlugin (252)
[2017.07.12-21.07.40:301][346]LogModuleManager: Shutting down and abandoning module SubversionSourceControl (250)
[2017.07.12-21.07.40:301][346]LogModuleManager: Shutting down and abandoning module PerforceSourceControl (248)
[2017.07.12-21.07.40:302][346]LogModuleManager: Shutting down and abandoning module GitSourceControl (246)
[2017.07.12-21.07.40:302][346]LogModuleManager: Shutting down and abandoning module SourceControl (245)
[2017.07.12-21.07.40:302][346]LogModuleManager: Shutting down and abandoning module LightPropagationVolumeEditor (242)
[2017.07.12-21.07.40:302][346]LogModuleManager: Shutting down and abandoning module PaperTiledImporter (240)
[2017.07.12-21.07.40:302][346]LogModuleManager: Shutting down and abandoning module PaperSpriteSheetImporter (238)
[2017.07.12-21.07.40:302][346]LogModuleManager: Shutting down and abandoning module Paper2DEditor (236)
[2017.07.12-21.07.40:302][346]LogModuleManager: Shutting down and abandoning module MeshPaint (235)
[2017.07.12-21.07.40:302][346]LogModuleManager: Shutting down and abandoning module LevelEditor (233)
[2017.07.12-21.07.40:302][346]LogModuleManager: Shutting down and abandoning module PixelInspectorModule (232)
[2017.07.12-21.07.40:302][346]LogModuleManager: Shutting down and abandoning module MainFrame (230)
[2017.07.12-21.07.40:302][346]LogModuleManager: Shutting down and abandoning module HotReload (229)
[2017.07.12-21.07.40:303][346]LogModuleManager: Shutting down and abandoning module ContentBrowser (225)
[2017.07.12-21.07.40:304][346]LogModuleManager: Shutting down and abandoning module PhysXVehiclesEditor (222)
[2017.07.12-21.07.40:304][346]LogModuleManager: Shutting down and abandoning module PhysXVehicles (220)
[2017.07.12-21.07.40:304][346]LogModuleManager: Shutting down and abandoning module LocationServicesBPLibrary (218)
[2017.07.12-21.07.40:304][346]LogModuleManager: Shutting down and abandoning module UdpMessaging (216)
[2017.07.12-21.07.40:404][346]LogModuleManager: Shutting down and abandoning module TcpMessaging (214)
[2017.07.12-21.07.40:505][346]LogModuleManager: Shutting down and abandoning module GameplayTagsEditor (212)
[2017.07.12-21.07.40:505][346]LogModuleManager: Shutting down and abandoning module FacialAnimationEditor (210)
[2017.07.12-21.07.40:505][346]LogModuleManager: Shutting down and abandoning module FacialAnimation (208)
[2017.07.12-21.07.40:505][346]LogModuleManager: Shutting down and abandoning module LightPropagationVolumeRuntime (206)
[2017.07.12-21.07.40:505][346]LogModuleManager: Shutting down and abandoning module Paper2D (204)
[2017.07.12-21.07.40:505][346]LogModuleManager: Shutting down and abandoning module WindowsMoviePlayer (202)
[2017.07.12-21.07.40:505][346]LogModuleManager: Shutting down and abandoning module WmfMedia (200)
[2017.07.12-21.07.40:505][346]LogModuleManager: Shutting down and abandoning module MfMedia (198)
[2017.07.12-21.07.40:505][346]LogModuleManager: Shutting down and abandoning module MediaAssets (196)
[2017.07.12-21.07.40:505][346]LogModuleManager: Shutting down and abandoning module GameLiveStreaming (194)
[2017.07.12-21.07.40:505][346]LogModuleManager: Shutting down and abandoning module VREditor (192)
[2017.07.12-21.07.40:505][346]LogModuleManager: Shutting down and abandoning module GameplayTasksEditor (190)
[2017.07.12-21.07.40:505][346]LogModuleManager: Shutting down and abandoning module BehaviorTreeEditor (188)
[2017.07.12-21.07.40:505][346]LogModuleManager: Shutting down and abandoning module FunctionalTesting (186)
[2017.07.12-21.07.40:505][346]LogModuleManager: Shutting down and abandoning module CollisionAnalyzer (184)
[2017.07.12-21.07.40:505][346]LogModuleManager: Shutting down and abandoning module UMG (182)
[2017.07.12-21.07.40:505][346]LogModuleManager: Shutting down and abandoning module UMGEditor (181)
[2017.07.12-21.07.40:505][346]LogModuleManager: Shutting down and abandoning module Sequencer (180)
[2017.07.12-21.07.40:505][346]LogModuleManager: Shutting down and abandoning module AssetTools (178)
[2017.07.12-21.07.40:506][346]LogModuleManager: Shutting down and abandoning module MessageLog (177)
[2017.07.12-21.07.40:506][346]LogModuleManager: Shutting down and abandoning module WorkspaceMenuStructure (176)
[2017.07.12-21.07.40:506][346]LogModuleManager: Shutting down and abandoning module SlateReflector (170)
[2017.07.12-21.07.40:506][346]LogModuleManager: Shutting down and abandoning module Slate (168)
[2017.07.12-21.07.40:506][346]LogModuleManager: Shutting down and abandoning module EditorStyle (166)
[2017.07.12-21.07.40:509][346]LogModuleManager: Shutting down and abandoning module SourceCodeAccess (164)
[2017.07.12-21.07.40:509][346]LogModuleManager: Shutting down and abandoning module HeadMountedDisplay (162)
[2017.07.12-21.07.40:509][346]LogModuleManager: Shutting down and abandoning module XAudio2 (160)
[2017.07.12-21.07.40:509][346]LogModuleManager: Shutting down and abandoning module Networking (158)
[2017.07.12-21.07.40:509][346]LogModuleManager: Shutting down and abandoning module Core (154)
[2017.07.12-21.07.40:509][346]LogModuleManager: Shutting down and abandoning module AssetRegistry (152)
[2017.07.12-21.07.40:691][346]LogDirectoryWatcher: A directory notification for '../../../Engine/Content/' was aborted.
[2017.07.12-21.07.40:692][346]LogDirectoryWatcher: A directory notification for '../../../../../../Users/Camper/Documents/Unreal Projects/Programming/Content/' was aborted.
[2017.07.12-21.07.40:692][346]LogDirectoryWatcher: A directory notification for '../../../Engine/Plugins/2D/Paper2D/Content/' was aborted.
[2017.07.12-21.07.40:692][346]LogModuleManager: Shutting down and abandoning module DirectoryWatcher (151)
[2017.07.12-21.07.40:692][346]LogModuleManager: Shutting down and abandoning module KismetCompiler (148)
[2017.07.12-21.07.40:692][346]LogModuleManager: Shutting down and abandoning module PhysXFormats (146)
[2017.07.12-21.07.40:692][346]LogModuleManager: Shutting down and abandoning module MeshUtilities (144)
[2017.07.12-21.07.40:692][346]LogModuleManager: Shutting down and abandoning module SimplygonSwarm (143)
[2017.07.12-21.07.40:692][346]LogModuleManager: Shutting down and abandoning module SimplygonMeshReduction (141)
[2017.07.12-21.07.40:692][346]LogModuleManager: Shutting down and abandoning module QuadricMeshReduction (139)
[2017.07.12-21.07.40:692][346]LogModuleManager: Shutting down and abandoning module PropertyEditor (137)
[2017.07.12-21.07.40:692][346]LogModuleManager: Shutting down and abandoning module DerivedDataCache (134)
[2017.07.12-21.07.40:716][346]LogDerivedDataCache: Shutdown
[2017.07.12-21.07.40:716][346]LogModuleManager: Shutting down and abandoning module TargetPlatform (132)
[2017.07.12-21.07.40:716][346]LogModuleManager: Shutting down and abandoning module VulkanShaderFormat (131)
[2017.07.12-21.07.40:716][346]LogModuleManager: Shutting down and abandoning module ShaderFormatOpenGL (129)
[2017.07.12-21.07.40:716][346]LogModuleManager: Shutting down and abandoning module ShaderFormatD3D (127)
[2017.07.12-21.07.40:716][346]LogModuleManager: Shutting down and abandoning module MetalShaderFormat (125)
[2017.07.12-21.07.40:716][346]LogModuleManager: Shutting down and abandoning module TextureFormatUncompressed (123)
[2017.07.12-21.07.40:716][346]LogModuleManager: Shutting down and abandoning module TextureFormatPVR (121)
[2017.07.12-21.07.40:716][346]LogModuleManager: Shutting down and abandoning module TextureFormatDXT (119)
[2017.07.12-21.07.40:716][346]LogModuleManager: Shutting down and abandoning module TextureFormatIntelISPCTexComp (117)
[2017.07.12-21.07.40:716][346]LogModuleManager: Shutting down and abandoning module TextureFormatASTC (115)
[2017.07.12-21.07.40:716][346]LogModuleManager: Shutting down and abandoning module ImageWrapper (114)
[2017.07.12-21.07.40:716][346]LogModuleManager: Shutting down and abandoning module TextureFormatAndroid (111)
[2017.07.12-21.07.40:716][346]LogModuleManager: Shutting down and abandoning module AudioFormatOpus (109)
[2017.07.12-21.07.40:716][346]LogModuleManager: Shutting down and abandoning module AudioFormatOgg (107)
[2017.07.12-21.07.40:716][346]LogModuleManager: Shutting down and abandoning module AudioFormatADPCM (105)
[2017.07.12-21.07.40:716][346]LogModuleManager: Shutting down and abandoning module LinuxTargetPlatform (103)
[2017.07.12-21.07.40:716][346]LogModuleManager: Shutting down and abandoning module LinuxServerTargetPlatform (101)
[2017.07.12-21.07.40:716][346]LogModuleManager: Shutting down and abandoning module LinuxNoEditorTargetPlatform (99)
[2017.07.12-21.07.40:716][346]LogModuleManager: Shutting down and abandoning module LinuxClientTargetPlatform (97)
[2017.07.12-21.07.40:716][346]LogModuleManager: Shutting down and abandoning module TVOSTargetPlatform (95)
[2017.07.12-21.07.40:716][346]LogModuleManager: Shutting down and abandoning module Messaging (93)
[2017.07.12-21.07.40:716][346]LogModuleManager: Shutting down and abandoning module IOSTargetPlatform (91)
[2017.07.12-21.07.40:716][346]LogModuleManager: Shutting down and abandoning module HTML5TargetPlatform (89)
[2017.07.12-21.07.40:716][346]LogModuleManager: Shutting down and abandoning module Android_PVRTCTargetPlatform (87)
[2017.07.12-21.07.40:716][346]LogModuleManager: Shutting down and abandoning module Android_MultiTargetPlatform (85)
[2017.07.12-21.07.40:716][346]LogModuleManager: Shutting down and abandoning module Android_ETC2TargetPlatform (83)
[2017.07.12-21.07.40:717][346]LogModuleManager: Shutting down and abandoning module Android_ETC1TargetPlatform (81)
[2017.07.12-21.07.40:717][346]LogModuleManager: Shutting down and abandoning module Android_DXTTargetPlatform (79)
[2017.07.12-21.07.40:717][346]LogModuleManager: Shutting down and abandoning module Android_ATCTargetPlatform (77)
[2017.07.12-21.07.40:717][346]LogModuleManager: Shutting down and abandoning module Android_ASTCTargetPlatform (75)
[2017.07.12-21.07.40:717][346]LogModuleManager: Shutting down and abandoning module AndroidTargetPlatform (73)
[2017.07.12-21.07.40:717][346]LogModuleManager: Shutting down and abandoning module WindowsTargetPlatform (71)
[2017.07.12-21.07.40:717][346]LogModuleManager: Shutting down and abandoning module WindowsServerTargetPlatform (69)
[2017.07.12-21.07.40:717][346]LogModuleManager: Shutting down and abandoning module WindowsNoEditorTargetPlatform (67)
[2017.07.12-21.07.40:717][346]LogModuleManager: Shutting down and abandoning module WindowsClientTargetPlatform (65)
[2017.07.12-21.07.40:717][346]LogModuleManager: Shutting down and abandoning module MacTargetPlatform (63)
[2017.07.12-21.07.40:717][346]LogModuleManager: Shutting down and abandoning module MacServerTargetPlatform (61)
[2017.07.12-21.07.40:717][346]LogModuleManager: Shutting down and abandoning module MacNoEditorTargetPlatform (59)
[2017.07.12-21.07.40:717][346]LogModuleManager: Shutting down and abandoning module MacClientTargetPlatform (57)
[2017.07.12-21.07.40:717][346]LogModuleManager: Shutting down and abandoning module AllDesktopTargetPlatform (55)
[2017.07.12-21.07.40:717][346]LogModuleManager: Shutting down and abandoning module InputCore (52)
[2017.07.12-21.07.40:717][346]LogModuleManager: Shutting down and abandoning module Settings (50)
[2017.07.12-21.07.40:717][346]LogModuleManager: Shutting down and abandoning module OculusRift (48)
[2017.07.12-21.07.40:717][346]LogModuleManager: Shutting down and abandoning module GearVR (46)
[2017.07.12-21.07.40:717][346]LogModuleManager: Shutting down and abandoning module ExampleDeviceProfileSelector (44)
[2017.07.12-21.07.40:717][346]LogModuleManager: Shutting down and abandoning module OnlineBlueprintSupport (42)
[2017.07.12-21.07.40:717][346]LogModuleManager: Shutting down and abandoning module OnlineSubsystem (38)
[2017.07.12-21.07.40:717][346]LogOnline:Display: Unloading online subsystem: NULL
[2017.07.12-21.07.40:717][346]LogModuleManager: Shutting down and abandoning module XMPP (37)
[2017.07.12-21.07.40:717][346]LogModuleManager: Shutting down and abandoning module HTTP (35)
[2017.07.12-21.07.40:717][346]LogHttp:Display: Http module shutting down, but needs to wait on 1 outstanding Http requests:
[2017.07.12-21.07.40:717][346]LogHttp:Display: 	verb=[POST] url=[https://datarouter.ol.epicgames.com/datarouter/api/v1/public/data?SessionID=%7BDB36987B-4010-B968-4971-0285DD5CD4C2%7D&AppID=UEEditor.Rocket.Release&AppVersion=4.15.3-3450819%2B%2B%2BUE4%2BRelease-4.15&UserID=cb03359b402e97089a818485821d9df5%7C30b3c2065f7746a783b87946580a22fe%7C1ff1b01f-1d35-47d8-b799-dbda82573b2d&AppEnvironment=datacollector-binary&UploadType=eteventstream] status=Processing
[2017.07.12-21.07.40:722][346]LogModuleManager: Shutting down and abandoning module SSL (34)
[2017.07.12-21.07.40:723][346]LogModuleManager: Shutting down and abandoning module AudioEditor (30)
[2017.07.12-21.07.40:723][346]LogModuleManager: Shutting down and abandoning module TextureCompressor (28)
[2017.07.12-21.07.40:723][346]LogModuleManager: Shutting down and abandoning module ShaderCore (26)
[2017.07.12-21.07.40:723][346]LogModuleManager: Shutting down and abandoning module Landscape (24)
[2017.07.12-21.07.40:723][346]LogModuleManager: Shutting down and abandoning module SlateRHIRenderer (22)
[2017.07.12-21.07.40:724][346]LogModuleManager: Shutting down and abandoning module OpenGLDrv (20)
[2017.07.12-21.07.40:724][346]LogModuleManager: Shutting down and abandoning module D3D11RHI (18)
[2017.07.12-21.07.40:724][346]LogModuleManager: Shutting down and abandoning module AnimGraphRuntime (16)
[2017.07.12-21.07.40:725][346]LogModuleManager: Shutting down and abandoning module Renderer (14)
[2017.07.12-21.07.40:725][346]LogModuleManager: Shutting down and abandoning module Engine (12)
[2017.07.12-21.07.40:725][346]LogModuleManager: Shutting down and abandoning module CoreUObject (10)
[2017.07.12-21.07.40:725][346]LogModuleManager: Shutting down and abandoning module NetworkFile (8)
[2017.07.12-21.07.40:725][346]LogModuleManager: Shutting down and abandoning module StreamingFile (6)
[2017.07.12-21.07.40:725][346]LogModuleManager: Shutting down and abandoning module SandboxFile (4)
[2017.07.12-21.07.40:725][346]LogModuleManager: Shutting down and abandoning module PakFile (2)
[2017.07.12-21.07.40:726][346]LogExit: Exiting.
[2017.07.12-21.07.40:728][346]Log file closed, 07/12/17 17:07:40
